Analysis & Synthesis report for ps2
Mon Apr 21 07:16:07 2014
Quartus II 64-Bit Version 13.0.1 Build 232 06/12/2013 Service Pack 1 SJ Web Edition


---------------------
; Table of Contents ;
---------------------
  1. Legal Notice
  2. Analysis & Synthesis Summary
  3. Analysis & Synthesis Settings
  4. Parallel Compilation
  5. Analysis & Synthesis Source Files Read
  6. Analysis & Synthesis Resource Usage Summary
  7. Analysis & Synthesis Resource Utilization by Entity
  8. State Machine - |ps2|lcd:lcd16x2|message_write:msg_w|state
  9. State Machine - |ps2|lcd:lcd16x2|message_write:msg_w|lcd_driver:lcd_d|state
 10. Registers Removed During Synthesis
 11. General Register Statistics
 12. Multiplexer Restructuring Statistics (Restructuring Performed)
 13. Parameter Settings for User Entity Instance: lcd:lcd16x2|message_write:msg_w
 14. Parameter Settings for User Entity Instance: lcd:lcd16x2|message_write:msg_w|lcd_driver:lcd_d
 15. Elapsed Time Per Partition
 16. Analysis & Synthesis Messages
 17. Analysis & Synthesis Suppressed Messages



----------------
; Legal Notice ;
----------------
Copyright (C) 1991-2013 Altera Corporation
Your use of Altera Corporation's design tools, logic functions 
and other software and tools, and its AMPP partner logic 
functions, and any output files from any of the foregoing 
(including device programming or simulation files), and any 
associated documentation or information are expressly subject 
to the terms and conditions of the Altera Program License 
Subscription Agreement, Altera MegaCore Function License 
Agreement, or other applicable license agreement, including, 
without limitation, that your use is for the sole purpose of 
programming logic devices manufactured by Altera and sold by 
Altera or its authorized distributors.  Please refer to the 
applicable agreement for further details.



+--------------------------------------------------------------------------------------+
; Analysis & Synthesis Summary                                                         ;
+------------------------------------+-------------------------------------------------+
; Analysis & Synthesis Status        ; Successful - Mon Apr 21 07:16:07 2014           ;
; Quartus II 64-Bit Version          ; 13.0.1 Build 232 06/12/2013 SP 1 SJ Web Edition ;
; Revision Name                      ; ps2                                             ;
; Top-level Entity Name              ; ps2                                             ;
; Family                             ; Cyclone II                                      ;
; Total logic elements               ; 497                                             ;
;     Total combinational functions  ; 479                                             ;
;     Dedicated logic registers      ; 136                                             ;
; Total registers                    ; 136                                             ;
; Total pins                         ; 50                                              ;
; Total virtual pins                 ; 0                                               ;
; Total memory bits                  ; 0                                               ;
; Embedded Multiplier 9-bit elements ; 0                                               ;
; Total PLLs                         ; 0                                               ;
+------------------------------------+-------------------------------------------------+


+----------------------------------------------------------------------------------------------------------------------+
; Analysis & Synthesis Settings                                                                                        ;
+----------------------------------------------------------------------------+--------------------+--------------------+
; Option                                                                     ; Setting            ; Default Value      ;
+----------------------------------------------------------------------------+--------------------+--------------------+
; Top-level entity name                                                      ; ps2                ; ps2                ;
; Family name                                                                ; Cyclone II         ; Cyclone IV GX      ;
; Use smart compilation                                                      ; Off                ; Off                ;
; Enable parallel Assembler and TimeQuest Timing Analyzer during compilation ; On                 ; On                 ;
; Enable compact report table                                                ; Off                ; Off                ;
; Restructure Multiplexers                                                   ; Auto               ; Auto               ;
; Create Debugging Nodes for IP Cores                                        ; Off                ; Off                ;
; Preserve fewer node names                                                  ; On                 ; On                 ;
; Disable OpenCore Plus hardware evaluation                                  ; Off                ; Off                ;
; Verilog Version                                                            ; Verilog_2001       ; Verilog_2001       ;
; VHDL Version                                                               ; VHDL_1993          ; VHDL_1993          ;
; State Machine Processing                                                   ; Auto               ; Auto               ;
; Safe State Machine                                                         ; Off                ; Off                ;
; Extract Verilog State Machines                                             ; On                 ; On                 ;
; Extract VHDL State Machines                                                ; On                 ; On                 ;
; Ignore Verilog initial constructs                                          ; Off                ; Off                ;
; Iteration limit for constant Verilog loops                                 ; 5000               ; 5000               ;
; Iteration limit for non-constant Verilog loops                             ; 250                ; 250                ;
; Add Pass-Through Logic to Inferred RAMs                                    ; On                 ; On                 ;
; Infer RAMs from Raw Logic                                                  ; On                 ; On                 ;
; Parallel Synthesis                                                         ; On                 ; On                 ;
; DSP Block Balancing                                                        ; Auto               ; Auto               ;
; NOT Gate Push-Back                                                         ; On                 ; On                 ;
; Power-Up Don't Care                                                        ; On                 ; On                 ;
; Remove Redundant Logic Cells                                               ; Off                ; Off                ;
; Remove Duplicate Registers                                                 ; On                 ; On                 ;
; Ignore CARRY Buffers                                                       ; Off                ; Off                ;
; Ignore CASCADE Buffers                                                     ; Off                ; Off                ;
; Ignore GLOBAL Buffers                                                      ; Off                ; Off                ;
; Ignore ROW GLOBAL Buffers                                                  ; Off                ; Off                ;
; Ignore LCELL Buffers                                                       ; Off                ; Off                ;
; Ignore SOFT Buffers                                                        ; On                 ; On                 ;
; Limit AHDL Integers to 32 Bits                                             ; Off                ; Off                ;
; Optimization Technique                                                     ; Balanced           ; Balanced           ;
; Carry Chain Length                                                         ; 70                 ; 70                 ;
; Auto Carry Chains                                                          ; On                 ; On                 ;
; Auto Open-Drain Pins                                                       ; On                 ; On                 ;
; Perform WYSIWYG Primitive Resynthesis                                      ; Off                ; Off                ;
; Auto ROM Replacement                                                       ; On                 ; On                 ;
; Auto RAM Replacement                                                       ; On                 ; On                 ;
; Auto Shift Register Replacement                                            ; Auto               ; Auto               ;
; Allow Shift Register Merging across Hierarchies                            ; Auto               ; Auto               ;
; Auto Clock Enable Replacement                                              ; On                 ; On                 ;
; Strict RAM Replacement                                                     ; Off                ; Off                ;
; Allow Synchronous Control Signals                                          ; On                 ; On                 ;
; Force Use of Synchronous Clear Signals                                     ; Off                ; Off                ;
; Auto RAM to Logic Cell Conversion                                          ; Off                ; Off                ;
; Auto Resource Sharing                                                      ; Off                ; Off                ;
; Allow Any RAM Size For Recognition                                         ; Off                ; Off                ;
; Allow Any ROM Size For Recognition                                         ; Off                ; Off                ;
; Allow Any Shift Register Size For Recognition                              ; Off                ; Off                ;
; Use LogicLock Constraints during Resource Balancing                        ; On                 ; On                 ;
; Ignore translate_off and synthesis_off directives                          ; Off                ; Off                ;
; Timing-Driven Synthesis                                                    ; Off                ; Off                ;
; Report Parameter Settings                                                  ; On                 ; On                 ;
; Report Source Assignments                                                  ; On                 ; On                 ;
; Report Connectivity Checks                                                 ; On                 ; On                 ;
; Ignore Maximum Fan-Out Assignments                                         ; Off                ; Off                ;
; Synchronization Register Chain Length                                      ; 2                  ; 2                  ;
; PowerPlay Power Optimization                                               ; Normal compilation ; Normal compilation ;
; HDL message level                                                          ; Level2             ; Level2             ;
; Suppress Register Optimization Related Messages                            ; Off                ; Off                ;
; Number of Removed Registers Reported in Synthesis Report                   ; 5000               ; 5000               ;
; Number of Swept Nodes Reported in Synthesis Report                         ; 5000               ; 5000               ;
; Number of Inverted Registers Reported in Synthesis Report                  ; 100                ; 100                ;
; Clock MUX Protection                                                       ; On                 ; On                 ;
; Auto Gated Clock Conversion                                                ; Off                ; Off                ;
; Block Design Naming                                                        ; Auto               ; Auto               ;
; SDC constraint protection                                                  ; Off                ; Off                ;
; Synthesis Effort                                                           ; Auto               ; Auto               ;
; Shift Register Replacement - Allow Asynchronous Clear Signal               ; On                 ; On                 ;
; Pre-Mapping Resynthesis Optimization                                       ; Off                ; Off                ;
; Analysis & Synthesis Message Level                                         ; Medium             ; Medium             ;
; Disable Register Merging Across Hierarchies                                ; Auto               ; Auto               ;
; Resource Aware Inference For Block RAM                                     ; On                 ; On                 ;
; Synthesis Seed                                                             ; 1                  ; 1                  ;
+----------------------------------------------------------------------------+--------------------+--------------------+


Parallel compilation was disabled, but you have multiple processors available. Enable parallel compilation to reduce compilation time.
+-------------------------------------+
; Parallel Compilation                ;
+----------------------------+--------+
; Processors                 ; Number ;
+----------------------------+--------+
; Number detected on machine ; 8      ;
; Maximum allowed            ; 1      ;
+----------------------------+--------+


+----------------------------------------------------------------------------------------------------------------------------------------------------------------------------------+
; Analysis & Synthesis Source Files Read                                                                                                                                           ;
+----------------------------------+-----------------+---------------------------------------------+---------------------------------------------------------------------+---------+
; File Name with User-Entered Path ; Used in Netlist ; File Type                                   ; File Name with Absolute Path                                        ; Library ;
+----------------------------------+-----------------+---------------------------------------------+---------------------------------------------------------------------+---------+
; segdriver.v                      ; yes             ; User Verilog HDL File                       ; G:/Dropbox/Private/School/Y2/S14/ECE260/project/segdriver.v         ;         ;
; lcd.v                            ; yes             ; User Verilog HDL File                       ; G:/Dropbox/Private/School/Y2/S14/ECE260/project/lcd.v               ;         ;
; ps2.v                            ; yes             ; User Verilog HDL File                       ; G:/Dropbox/Private/School/Y2/S14/ECE260/project/ps2.v               ;         ;
; shiftasciitable.hex              ; yes             ; Auto-Found Hexadecimal (Intel-Format) File  ; G:/Dropbox/Private/School/Y2/S14/ECE260/project/shiftasciitable.hex ;         ;
; asciitable.hex                   ; yes             ; Auto-Found Hexadecimal (Intel-Format) File  ; G:/Dropbox/Private/School/Y2/S14/ECE260/project/asciitable.hex      ;         ;
+----------------------------------+-----------------+---------------------------------------------+---------------------------------------------------------------------+---------+


+--------------------------------------------------------+
; Analysis & Synthesis Resource Usage Summary            ;
+---------------------------------------------+----------+
; Resource                                    ; Usage    ;
+---------------------------------------------+----------+
; Estimated Total logic elements              ; 497      ;
;                                             ;          ;
; Total combinational functions               ; 479      ;
; Logic element usage by number of LUT inputs ;          ;
;     -- 4 input functions                    ; 280      ;
;     -- 3 input functions                    ; 77       ;
;     -- <=2 input functions                  ; 122      ;
;                                             ;          ;
; Logic elements by mode                      ;          ;
;     -- normal mode                          ; 392      ;
;     -- arithmetic mode                      ; 87       ;
;                                             ;          ;
; Total registers                             ; 136      ;
;     -- Dedicated logic registers            ; 136      ;
;     -- I/O registers                        ; 0        ;
;                                             ;          ;
; I/O pins                                    ; 50       ;
; Embedded Multiplier 9-bit elements          ; 0        ;
; Maximum fan-out node                        ; CLOCK_50 ;
; Maximum fan-out                             ; 106      ;
; Total fan-out                               ; 2098     ;
; Average fan-out                             ; 3.15     ;
+---------------------------------------------+----------+


+------------------------------------------------------------------------------------------------------------------------------------------------------------------------------------------------------------------------+
; Analysis & Synthesis Resource Utilization by Entity                                                                                                                                                                    ;
+-------------------------------------+-------------------+--------------+-------------+--------------+---------+-----------+------+--------------+-------------------------------------------------------+--------------+
; Compilation Hierarchy Node          ; LC Combinationals ; LC Registers ; Memory Bits ; DSP Elements ; DSP 9x9 ; DSP 18x18 ; Pins ; Virtual Pins ; Full Hierarchy Name                                   ; Library Name ;
+-------------------------------------+-------------------+--------------+-------------+--------------+---------+-----------+------+--------------+-------------------------------------------------------+--------------+
; |ps2                                ; 479 (137)         ; 136 (30)     ; 0           ; 0            ; 0       ; 0         ; 50   ; 0            ; |ps2                                                  ; work         ;
;    |lcd:lcd16x2|                    ; 280 (0)           ; 81 (0)       ; 0           ; 0            ; 0       ; 0         ; 0    ; 0            ; |ps2|lcd:lcd16x2                                      ; work         ;
;       |message_write:msg_w|         ; 232 (211)         ; 60 (47)      ; 0           ; 0            ; 0       ; 0         ; 0    ; 0            ; |ps2|lcd:lcd16x2|message_write:msg_w                  ; work         ;
;          |lcd_driver:lcd_d|         ; 21 (21)           ; 13 (13)      ; 0           ; 0            ; 0       ; 0         ; 0    ; 0            ; |ps2|lcd:lcd16x2|message_write:msg_w|lcd_driver:lcd_d ; work         ;
;       |power_on_reset_delay:por_d|  ; 48 (48)           ; 21 (21)      ; 0           ; 0            ; 0       ; 0         ; 0    ; 0            ; |ps2|lcd:lcd16x2|power_on_reset_delay:por_d           ; work         ;
;    |ps2_power_on_reset_delay:por_d| ; 33 (33)           ; 25 (25)      ; 0           ; 0            ; 0       ; 0         ; 0    ; 0            ; |ps2|ps2_power_on_reset_delay:por_d                   ; work         ;
;    |segdriver:ascii0|               ; 7 (7)             ; 0 (0)        ; 0           ; 0            ; 0       ; 0         ; 0    ; 0            ; |ps2|segdriver:ascii0                                 ; work         ;
;    |segdriver:ascii1|               ; 8 (8)             ; 0 (0)        ; 0           ; 0            ; 0       ; 0         ; 0    ; 0            ; |ps2|segdriver:ascii1                                 ; work         ;
;    |segdriver:make0|                ; 7 (7)             ; 0 (0)        ; 0           ; 0            ; 0       ; 0         ; 0    ; 0            ; |ps2|segdriver:make0                                  ; work         ;
;    |segdriver:make1|                ; 7 (7)             ; 0 (0)        ; 0           ; 0            ; 0       ; 0         ; 0    ; 0            ; |ps2|segdriver:make1                                  ; work         ;
+-------------------------------------+-------------------+--------------+-------------+--------------+---------+-----------+------+--------------+-------------------------------------------------------+--------------+
Note: For table entries with two numbers listed, the numbers in parentheses indicate the number of resources of the given type used by the specific entity alone. The numbers listed outside of parentheses indicate the total resources of the given type used by the specific entity and all of its sub-entities in the hierarchy.


Encoding Type:  One-Hot
+------------------------------------------------------------+
; State Machine - |ps2|lcd:lcd16x2|message_write:msg_w|state ;
+----------+----------+----------+----------+----------------+
; Name     ; state.11 ; state.10 ; state.01 ; state.00       ;
+----------+----------+----------+----------+----------------+
; state.00 ; 0        ; 0        ; 0        ; 0              ;
; state.01 ; 0        ; 0        ; 1        ; 1              ;
; state.10 ; 0        ; 1        ; 0        ; 1              ;
; state.11 ; 1        ; 0        ; 0        ; 1              ;
+----------+----------+----------+----------+----------------+


Encoding Type:  One-Hot
+-----------------------------------------------------------------------------+
; State Machine - |ps2|lcd:lcd16x2|message_write:msg_w|lcd_driver:lcd_d|state ;
+----------+----------+----------+----------+---------------------------------+
; Name     ; state.11 ; state.10 ; state.01 ; state.00                        ;
+----------+----------+----------+----------+---------------------------------+
; state.00 ; 0        ; 0        ; 0        ; 0                               ;
; state.01 ; 0        ; 0        ; 1        ; 1                               ;
; state.10 ; 0        ; 1        ; 0        ; 1                               ;
; state.11 ; 1        ; 0        ; 0        ; 1                               ;
+----------+----------+----------+----------+---------------------------------+


+---------------------------------------------------------------------------------------------------+
; Registers Removed During Synthesis                                                                ;
+----------------------------------------------------------+----------------------------------------+
; Register name                                            ; Reason for Removal                     ;
+----------------------------------------------------------+----------------------------------------+
; ASCIIData[7]                                             ; Stuck at GND due to stuck port data_in ;
; lcd:lcd16x2|message_write:msg_w|state~8                  ; Lost fanout                            ;
; lcd:lcd16x2|message_write:msg_w|state~9                  ; Lost fanout                            ;
; lcd:lcd16x2|message_write:msg_w|lcd_driver:lcd_d|state~8 ; Lost fanout                            ;
; lcd:lcd16x2|message_write:msg_w|lcd_driver:lcd_d|state~9 ; Lost fanout                            ;
; Total Number of Removed Registers = 5                    ;                                        ;
+----------------------------------------------------------+----------------------------------------+


+------------------------------------------------------+
; General Register Statistics                          ;
+----------------------------------------------+-------+
; Statistic                                    ; Value ;
+----------------------------------------------+-------+
; Total registers                              ; 136   ;
; Number of registers using Synchronous Clear  ; 18    ;
; Number of registers using Synchronous Load   ; 0     ;
; Number of registers using Asynchronous Clear ; 67    ;
; Number of registers using Asynchronous Load  ; 0     ;
; Number of registers using Clock Enable       ; 116   ;
; Number of registers using Preset             ; 0     ;
+----------------------------------------------+-------+


+-----------------------------------------------------------------------------------------------------------------------------------------------------------------------------+
; Multiplexer Restructuring Statistics (Restructuring Performed)                                                                                                              ;
+--------------------+-----------+---------------+----------------------+------------------------+------------+---------------------------------------------------------------+
; Multiplexer Inputs ; Bus Width ; Baseline Area ; Area if Restructured ; Saving if Restructured ; Registered ; Example Multiplexer Output                                    ;
+--------------------+-----------+---------------+----------------------+------------------------+------------+---------------------------------------------------------------+
; 3:1                ; 20 bits   ; 40 LEs        ; 20 LEs               ; 20 LEs                 ; Yes        ; |ps2|lcd:lcd16x2|power_on_reset_delay:por_d|Counter[16]       ;
; 3:1                ; 2 bits    ; 4 LEs         ; 2 LEs                ; 2 LEs                  ; Yes        ; |ps2|lcd:lcd16x2|message_write:msg_w|lcd_driver:lcd_d|outDone ;
; 37:1               ; 5 bits    ; 120 LEs       ; 10 LEs               ; 110 LEs                ; Yes        ; |ps2|lcd:lcd16x2|message_write:msg_w|address[5]               ;
; 38:1               ; 5 bits    ; 125 LEs       ; 20 LEs               ; 105 LEs                ; Yes        ; |ps2|lcd:lcd16x2|message_write:msg_w|myLCD_DATA[4]            ;
; 3:1                ; 8 bits    ; 16 LEs        ; 8 LEs                ; 8 LEs                  ; No         ; |ps2|lcd:lcd16x2|message_write:msg_w|address                  ;
; 3:1                ; 5 bits    ; 10 LEs        ; 10 LEs               ; 0 LEs                  ; No         ; |ps2|lcd:lcd16x2|message_write:msg_w|Selector5                ;
; 9:1                ; 4 bits    ; 24 LEs        ; 12 LEs               ; 12 LEs                 ; No         ; |ps2|lcd:lcd16x2|message_write:msg_w|Selector19               ;
+--------------------+-----------+---------------+----------------------+------------------------+------------+---------------------------------------------------------------+


+------------------------------------------------------------------------------+
; Parameter Settings for User Entity Instance: lcd:lcd16x2|message_write:msg_w ;
+-----------------+-----------+------------------------------------------------+
; Parameter Name  ; Value     ; Type                                           ;
+-----------------+-----------+------------------------------------------------+
; LCD_INIT        ; 0         ; Signed Integer                                 ;
; INST_TABLE_SIZE ; 5         ; Signed Integer                                 ;
; UP_ARROW        ; 00010001  ; Unsigned Binary                                ;
; DOWN_ARROW      ; 00010010  ; Unsigned Binary                                ;
; LEFT_ARROW      ; 00010011  ; Unsigned Binary                                ;
; RIGHT_ARROW     ; 00010100  ; Unsigned Binary                                ;
; ENTER           ; 00001101  ; Unsigned Binary                                ;
; ESCAPE          ; 00011011  ; Unsigned Binary                                ;
; FUNCTION_SET    ; 000111000 ; Unsigned Binary                                ;
; DISPLAY_ON      ; 000001111 ; Unsigned Binary                                ;
; DISPLAY_CLEAR   ; 000000001 ; Unsigned Binary                                ;
; ENTRY_MODE      ; 000000110 ; Unsigned Binary                                ;
; NEXT_LINE       ; 011000000 ; Unsigned Binary                                ;
; SET_DRAM        ; 010000000 ; Unsigned Binary                                ;
+-----------------+-----------+------------------------------------------------+
Note: In order to hide this table in the UI and the text report file, please set the "Show Parameter Settings in Synthesis Report" option in "Analysis and Synthesis Settings -> More Settings" to "Off".


+-----------------------------------------------------------------------------------------------+
; Parameter Settings for User Entity Instance: lcd:lcd16x2|message_write:msg_w|lcd_driver:lcd_d ;
+----------------+-------+----------------------------------------------------------------------+
; Parameter Name ; Value ; Type                                                                 ;
+----------------+-------+----------------------------------------------------------------------+
; CLOCK_DIVIDER  ; 16    ; Signed Integer                                                       ;
+----------------+-------+----------------------------------------------------------------------+
Note: In order to hide this table in the UI and the text report file, please set the "Show Parameter Settings in Synthesis Report" option in "Analysis and Synthesis Settings -> More Settings" to "Off".


+-------------------------------+
; Elapsed Time Per Partition    ;
+----------------+--------------+
; Partition Name ; Elapsed Time ;
+----------------+--------------+
; Top            ; 00:00:02     ;
+----------------+--------------+


+-------------------------------+
; Analysis & Synthesis Messages ;
+-------------------------------+
Info: *******************************************************************
Info: Running Quartus II 64-Bit Analysis & Synthesis
    Info: Version 13.0.1 Build 232 06/12/2013 Service Pack 1 SJ Web Edition
    Info: Processing started: Mon Apr 21 07:16:03 2014
Info: Command: quartus_map --read_settings_files=on --write_settings_files=off ps2 -c ps2
Warning (20028): Parallel compilation is not licensed and has been disabled
Info (12021): Found 1 design units, including 1 entities, in source file segdriver.v
    Info (12023): Found entity 1: segdriver
Info (12021): Found 4 design units, including 4 entities, in source file lcd.v
    Info (12023): Found entity 1: lcd
    Info (12023): Found entity 2: power_on_reset_delay
    Info (12023): Found entity 3: lcd_driver
    Info (12023): Found entity 4: message_write
Info (12021): Found 2 design units, including 2 entities, in source file ps2.v
    Info (12023): Found entity 1: ps2
    Info (12023): Found entity 2: ps2_power_on_reset_delay
Info (12127): Elaborating entity "ps2" for the top level hierarchy
Warning (10850): Verilog HDL warning at ps2.v(94): number of words (56) in memory file does not match the number of elements in the address range [0:120]
Warning (10850): Verilog HDL warning at ps2.v(95): number of words (56) in memory file does not match the number of elements in the address range [0:120]
Warning (10230): Verilog HDL assignment warning at ps2.v(115): truncated value with size 32 to match size of target (4)
Warning (10030): Net "ASCIITable.data_a" at ps2.v(53) has no driver or initial value, using a default initial value '0'
Warning (10030): Net "ASCIITable.waddr_a" at ps2.v(53) has no driver or initial value, using a default initial value '0'
Warning (10030): Net "shiftASCIITable.data_a" at ps2.v(54) has no driver or initial value, using a default initial value '0'
Warning (10030): Net "shiftASCIITable.waddr_a" at ps2.v(54) has no driver or initial value, using a default initial value '0'
Warning (10030): Net "ASCIITable.we_a" at ps2.v(53) has no driver or initial value, using a default initial value '0'
Warning (10030): Net "shiftASCIITable.we_a" at ps2.v(54) has no driver or initial value, using a default initial value '0'
Warning (10034): Output port "LEDR[1]" at ps2.v(33) has no driver
Info (12128): Elaborating entity "segdriver" for hierarchy "segdriver:make0"
Info (12128): Elaborating entity "ps2_power_on_reset_delay" for hierarchy "ps2_power_on_reset_delay:por_d"
Warning (10230): Verilog HDL assignment warning at ps2.v(166): truncated value with size 32 to match size of target (24)
Info (12128): Elaborating entity "lcd" for hierarchy "lcd:lcd16x2"
Info (12128): Elaborating entity "power_on_reset_delay" for hierarchy "lcd:lcd16x2|power_on_reset_delay:por_d"
Warning (10230): Verilog HDL assignment warning at lcd.v(77): truncated value with size 32 to match size of target (20)
Info (12128): Elaborating entity "message_write" for hierarchy "lcd:lcd16x2|message_write:msg_w"
Warning (10230): Verilog HDL assignment warning at lcd.v(255): truncated value with size 9 to match size of target (8)
Warning (10230): Verilog HDL assignment warning at lcd.v(262): truncated value with size 9 to match size of target (8)
Warning (10230): Verilog HDL assignment warning at lcd.v(269): truncated value with size 9 to match size of target (8)
Warning (10230): Verilog HDL assignment warning at lcd.v(276): truncated value with size 9 to match size of target (8)
Warning (10230): Verilog HDL assignment warning at lcd.v(281): truncated value with size 9 to match size of target (8)
Warning (10230): Verilog HDL assignment warning at lcd.v(286): truncated value with size 9 to match size of target (8)
Warning (10230): Verilog HDL assignment warning at lcd.v(308): truncated value with size 32 to match size of target (18)
Warning (10230): Verilog HDL assignment warning at lcd.v(319): truncated value with size 32 to match size of target (6)
Info (12128): Elaborating entity "lcd_driver" for hierarchy "lcd:lcd16x2|message_write:msg_w|lcd_driver:lcd_d"
Warning (10230): Verilog HDL assignment warning at lcd.v(147): truncated value with size 32 to match size of target (5)
Info (276014): Found 2 instances of uninferred RAM logic
    Info (276007): RAM logic "ASCIITable" is uninferred due to asynchronous read logic
    Info (276007): RAM logic "shiftASCIITable" is uninferred due to asynchronous read logic
Critical Warning (127005): Memory depth (128) in the design file differs from memory depth (126) in the Memory Initialization File "G:/Dropbox/Private/School/Y2/S14/ECE260/project/db/ps2.ram0_ps2_1ed2e.hdl.mif" -- setting initial value for remaining addresses to 0
Warning (127007): Memory Initialization File or Hexadecimal (Intel-Format) File "G:/Dropbox/Private/School/Y2/S14/ECE260/project/db/ps2.ram0_ps2_1ed2e.hdl.mif" contains "don't care" values -- overwriting them with 0s
Critical Warning (127005): Memory depth (128) in the design file differs from memory depth (126) in the Memory Initialization File "G:/Dropbox/Private/School/Y2/S14/ECE260/project/db/ps2.ram1_ps2_1ed2e.hdl.mif" -- setting initial value for remaining addresses to 0
Warning (127007): Memory Initialization File or Hexadecimal (Intel-Format) File "G:/Dropbox/Private/School/Y2/S14/ECE260/project/db/ps2.ram1_ps2_1ed2e.hdl.mif" contains "don't care" values -- overwriting them with 0s
Warning (13024): Output pins are stuck at VCC or GND
    Warning (13410): Pin "LCD_ON" is stuck at VCC
    Warning (13410): Pin "LCD_BLON" is stuck at VCC
    Warning (13410): Pin "LCD_RW" is stuck at GND
    Warning (13410): Pin "LEDR[1]" is stuck at GND
Info (17049): 4 registers lost all their fanouts during netlist optimizations.
Info (144001): Generated suppressed messages file G:/Dropbox/Private/School/Y2/S14/ECE260/project/output_files/ps2.map.smsg
Info (16010): Generating hard_block partition "hard_block:auto_generated_inst"
    Info (16011): Adding 0 node(s), including 0 DDIO, 0 PLL, 0 transceiver and 0 LCELL
Warning (21074): Design contains 1 input pin(s) that do not drive logic
    Warning (15610): No output dependent on input pin "KEY[1]"
Info (21057): Implemented 551 device resources after synthesis - the final resource count might be different
    Info (21058): Implemented 5 input pins
    Info (21059): Implemented 45 output pins
    Info (21061): Implemented 501 logic cells
Info: Quartus II 64-Bit Analysis & Synthesis was successful. 0 errors, 33 warnings
    Info: Peak virtual memory: 433 megabytes
    Info: Processing ended: Mon Apr 21 07:16:07 2014
    Info: Elapsed time: 00:00:04
    Info: Total CPU time (on all processors): 00:00:04


+------------------------------------------+
; Analysis & Synthesis Suppressed Messages ;
+------------------------------------------+
The suppressed messages can be found in G:/Dropbox/Private/School/Y2/S14/ECE260/project/output_files/ps2.map.smsg.


