Flow report for segdriver
Tue Oct 07 18:26:07 2014
Quartus II 64-Bit Version 12.1 Build 177 11/07/2012 SJ Full Version


---------------------
; Table of Contents ;
---------------------
  1. Legal Notice
  2. Flow Summary
  3. Flow Settings
  4. Flow Non-Default Global Settings
  5. Flow Elapsed Time
  6. Flow OS Summary
  7. Flow Log



----------------
; Legal Notice ;
----------------
Copyright (C) 1991-2012 Altera Corporation
Your use of Altera Corporation's design tools, logic functions 
and other software and tools, and its AMPP partner logic 
functions, and any output files from any of the foregoing 
(including device programming or simulation files), and any 
associated documentation or information are expressly subject 
to the terms and conditions of the Altera Program License 
Subscription Agreement, Altera MegaCore Function License 
Agreement, or other applicable license agreement, including, 
without limitation, that your use is for the sole purpose of 
programming logic devices manufactured by Altera and sold by 
Altera or its authorized distributors.  Please refer to the 
applicable agreement for further details.



+--------------------------------------------------------------------------------+
; Flow Summary                                                                   ;
+------------------------------------+-------------------------------------------+
; Flow Status                        ; Successful - Tue Oct 07 18:26:07 2014     ;
; Quartus II 64-Bit Version          ; 12.1 Build 177 11/07/2012 SJ Full Version ;
; Revision Name                      ; segdriver                                 ;
; Top-level Entity Name              ; segdriver                                 ;
; Family                             ; Cyclone II                                ;
; Device                             ; EP2C20F484C7                              ;
; Timing Models                      ; Final                                     ;
; Total logic elements               ; 14 / 18,752 ( < 1 % )                     ;
;     Total combinational functions  ; 14 / 18,752 ( < 1 % )                     ;
;     Dedicated logic registers      ; 0 / 18,752 ( 0 % )                        ;
; Total registers                    ; 14                                        ;
; Total pins                         ; 23 / 315 ( 7 % )                          ;
; Total virtual pins                 ; 0                                         ;
; Total memory bits                  ; 0 / 239,616 ( 0 % )                       ;
; Embedded Multiplier 9-bit elements ; 0 / 52 ( 0 % )                            ;
; Total PLLs                         ; 0 / 4 ( 0 % )                             ;
+------------------------------------+-------------------------------------------+


+-----------------------------------------+
; Flow Settings                           ;
+-------------------+---------------------+
; Option            ; Setting             ;
+-------------------+---------------------+
; Start date & time ; 10/07/2014 18:25:56 ;
; Main task         ; Compilation         ;
; Revision Name     ; segdriver           ;
+-------------------+---------------------+


+----------------------------------------------------------------------------------------------------------------------+
; Flow Non-Default Global Settings                                                                                     ;
+-------------------------------------+---------------------------------+---------------+-------------+----------------+
; Assignment Name                     ; Value                           ; Default Value ; Entity Name ; Section Id     ;
+-------------------------------------+---------------------------------+---------------+-------------+----------------+
; COMPILER_SIGNATURE_ID               ; 176831337769458.141273155604128 ; --            ; --          ; --             ;
; EDA_OUTPUT_DATA_FORMAT              ; Vhdl                            ; --            ; --          ; eda_simulation ;
; EDA_SIMULATION_TOOL                 ; ModelSim-Altera (VHDL)          ; <None>        ; --          ; --             ;
; MAX_CORE_JUNCTION_TEMP              ; 85                              ; --            ; --          ; --             ;
; MIN_CORE_JUNCTION_TEMP              ; 0                               ; --            ; --          ; --             ;
; PARTITION_COLOR                     ; 2147039                         ; --            ; --          ; Top            ;
; PARTITION_FITTER_PRESERVATION_LEVEL ; PLACEMENT_AND_ROUTING           ; --            ; --          ; Top            ;
; PARTITION_NETLIST_TYPE              ; SOURCE                          ; --            ; --          ; Top            ;
; PROJECT_OUTPUT_DIRECTORY            ; output_files                    ; --            ; --          ; --             ;
+-------------------------------------+---------------------------------+---------------+-------------+----------------+


+-------------------------------------------------------------------------------------------------------------------------------+
; Flow Elapsed Time                                                                                                             ;
+---------------------------+--------------+-------------------------+---------------------+------------------------------------+
; Module Name               ; Elapsed Time ; Average Processors Used ; Peak Virtual Memory ; Total CPU Time (on all processors) ;
+---------------------------+--------------+-------------------------+---------------------+------------------------------------+
; Analysis & Synthesis      ; 00:00:02     ; 1.0                     ; 500 MB              ; 00:00:01                           ;
; Fitter                    ; 00:00:03     ; 1.0                     ; 662 MB              ; 00:00:03                           ;
; Assembler                 ; 00:00:02     ; 1.0                     ; 433 MB              ; 00:00:01                           ;
; TimeQuest Timing Analyzer ; 00:00:01     ; 1.0                     ; 431 MB              ; 00:00:01                           ;
; EDA Netlist Writer        ; 00:00:01     ; 1.0                     ; 384 MB              ; 00:00:01                           ;
; Total                     ; 00:00:09     ; --                      ; --                  ; 00:00:07                           ;
+---------------------------+--------------+-------------------------+---------------------+------------------------------------+


+----------------------------------------------------------------------------------------+
; Flow OS Summary                                                                        ;
+---------------------------+------------------+-----------+------------+----------------+
; Module Name               ; Machine Hostname ; OS Name   ; OS Version ; Processor type ;
+---------------------------+------------------+-----------+------------+----------------+
; Analysis & Synthesis      ; DIT2504US        ; Windows 7 ; 6.1        ; x86_64         ;
; Fitter                    ; DIT2504US        ; Windows 7 ; 6.1        ; x86_64         ;
; Assembler                 ; DIT2504US        ; Windows 7 ; 6.1        ; x86_64         ;
; TimeQuest Timing Analyzer ; DIT2504US        ; Windows 7 ; 6.1        ; x86_64         ;
; EDA Netlist Writer        ; DIT2504US        ; Windows 7 ; 6.1        ; x86_64         ;
+---------------------------+------------------+-----------+------------+----------------+


------------
; Flow Log ;
------------
quartus_map --read_settings_files=on --write_settings_files=off ece399_louiscoyleii_lab4 -c segdriver
quartus_fit --read_settings_files=off --write_settings_files=off ece399_louiscoyleii_lab4 -c segdriver
quartus_asm --read_settings_files=off --write_settings_files=off ece399_louiscoyleii_lab4 -c segdriver
quartus_sta ece399_louiscoyleii_lab4 -c segdriver
quartus_eda --read_settings_files=off --write_settings_files=off ece399_louiscoyleii_lab4 -c segdriver



