TimeQuest Timing Analyzer report for part
Tue Oct 28 15:58:20 2014
Quartus II 64-Bit Version 13.0.1 Build 232 06/12/2013 Service Pack 1 SJ Web Edition


---------------------
; Table of Contents ;
---------------------
  1. Legal Notice
  2. TimeQuest Timing Analyzer Summary
  3. Parallel Compilation
  4. Clocks
  5. Slow Model Fmax Summary
  6. Slow Model Setup Summary
  7. Slow Model Hold Summary
  8. Slow Model Recovery Summary
  9. Slow Model Removal Summary
 10. Slow Model Minimum Pulse Width Summary
 11. Slow Model Minimum Pulse Width: 'KEY[0]'
 12. Setup Times
 13. Hold Times
 14. Clock to Output Times
 15. Minimum Clock to Output Times
 16. Propagation Delay
 17. Minimum Propagation Delay
 18. Output Enable Times
 19. Minimum Output Enable Times
 20. Output Disable Times
 21. Minimum Output Disable Times
 22. Fast Model Setup Summary
 23. Fast Model Hold Summary
 24. Fast Model Recovery Summary
 25. Fast Model Removal Summary
 26. Fast Model Minimum Pulse Width Summary
 27. Fast Model Minimum Pulse Width: 'KEY[0]'
 28. Setup Times
 29. Hold Times
 30. Clock to Output Times
 31. Minimum Clock to Output Times
 32. Propagation Delay
 33. Minimum Propagation Delay
 34. Output Enable Times
 35. Minimum Output Enable Times
 36. Output Disable Times
 37. Minimum Output Disable Times
 38. Multicorner Timing Analysis Summary
 39. Setup Times
 40. Hold Times
 41. Clock to Output Times
 42. Minimum Clock to Output Times
 43. Progagation Delay
 44. Minimum Progagation Delay
 45. Clock Transfers
 46. Report TCCS
 47. Report RSKM
 48. Unconstrained Paths
 49. TimeQuest Timing Analyzer Messages



----------------
; Legal Notice ;
----------------
Copyright (C) 1991-2013 Altera Corporation
Your use of Altera Corporation's design tools, logic functions 
and other software and tools, and its AMPP partner logic 
functions, and any output files from any of the foregoing 
(including device programming or simulation files), and any 
associated documentation or information are expressly subject 
to the terms and conditions of the Altera Program License 
Subscription Agreement, Altera MegaCore Function License 
Agreement, or other applicable license agreement, including, 
without limitation, that your use is for the sole purpose of 
programming logic devices manufactured by Altera and sold by 
Altera or its authorized distributors.  Please refer to the 
applicable agreement for further details.



+----------------------------------------------------------------------------------------+
; TimeQuest Timing Analyzer Summary                                                      ;
+--------------------+-------------------------------------------------------------------+
; Quartus II Version ; Version 13.0.1 Build 232 06/12/2013 Service Pack 1 SJ Web Edition ;
; Revision Name      ; part                                                              ;
; Device Family      ; Cyclone II                                                        ;
; Device Name        ; EP2C20F484C7                                                      ;
; Timing Models      ; Final                                                             ;
; Delay Model        ; Combined                                                          ;
; Rise/Fall Delays   ; Unavailable                                                       ;
+--------------------+-------------------------------------------------------------------+


Parallel compilation was disabled, but you have multiple processors available. Enable parallel compilation to reduce compilation time.
+-------------------------------------+
; Parallel Compilation                ;
+----------------------------+--------+
; Processors                 ; Number ;
+----------------------------+--------+
; Number detected on machine ; 8      ;
; Maximum allowed            ; 1      ;
+----------------------------+--------+


+------------------------------------------------------------------------------------------------------------------------------------------------------------------------------------+
; Clocks                                                                                                                                                                             ;
+------------+------+--------+------------+-------+-------+------------+-----------+-------------+-------+--------+-----------+------------+----------+--------+--------+------------+
; Clock Name ; Type ; Period ; Frequency  ; Rise  ; Fall  ; Duty Cycle ; Divide by ; Multiply by ; Phase ; Offset ; Edge List ; Edge Shift ; Inverted ; Master ; Source ; Targets    ;
+------------+------+--------+------------+-------+-------+------------+-----------+-------------+-------+--------+-----------+------------+----------+--------+--------+------------+
; KEY[0]     ; Base ; 1.000  ; 1000.0 MHz ; 0.000 ; 0.500 ;            ;           ;             ;       ;        ;           ;            ;          ;        ;        ; { KEY[0] } ;
+------------+------+--------+------------+-------+-------+------------+-----------+-------------+-------+--------+-----------+------------+----------+--------+--------+------------+


---------------------------
; Slow Model Fmax Summary ;
---------------------------
No paths to report.


----------------------------
; Slow Model Setup Summary ;
----------------------------
No paths to report.


---------------------------
; Slow Model Hold Summary ;
---------------------------
No paths to report.


-------------------------------
; Slow Model Recovery Summary ;
-------------------------------
No paths to report.


------------------------------
; Slow Model Removal Summary ;
------------------------------
No paths to report.


+----------------------------------------+
; Slow Model Minimum Pulse Width Summary ;
+--------+--------+----------------------+
; Clock  ; Slack  ; End Point TNS        ;
+--------+--------+----------------------+
; KEY[0] ; -1.469 ; -12.467              ;
+--------+--------+----------------------+


+-------------------------------------------------------------------------------------------------------+
; Slow Model Minimum Pulse Width: 'KEY[0]'                                                              ;
+--------+--------------+----------------+------------------+--------+------------+---------------------+
; Slack  ; Actual Width ; Required Width ; Type             ; Clock  ; Clock Edge ; Target              ;
+--------+--------------+----------------+------------------+--------+------------+---------------------+
; -1.469 ; 1.000        ; 2.469          ; Port Rate        ; KEY[0] ; Rise       ; KEY[0]              ;
; -0.611 ; 0.500        ; 1.111          ; High Pulse Width ; KEY[0] ; Fall       ; SRAM_DQ[0]~en       ;
; -0.611 ; 0.500        ; 1.111          ; Low Pulse Width  ; KEY[0] ; Fall       ; SRAM_DQ[0]~en       ;
; -0.611 ; 0.500        ; 1.111          ; High Pulse Width ; KEY[0] ; Fall       ; SRAM_DQ[0]~reg0     ;
; -0.611 ; 0.500        ; 1.111          ; Low Pulse Width  ; KEY[0] ; Fall       ; SRAM_DQ[0]~reg0     ;
; -0.611 ; 0.500        ; 1.111          ; High Pulse Width ; KEY[0] ; Fall       ; SRAM_DQ[1]~en       ;
; -0.611 ; 0.500        ; 1.111          ; Low Pulse Width  ; KEY[0] ; Fall       ; SRAM_DQ[1]~en       ;
; -0.611 ; 0.500        ; 1.111          ; High Pulse Width ; KEY[0] ; Fall       ; SRAM_DQ[1]~reg0     ;
; -0.611 ; 0.500        ; 1.111          ; Low Pulse Width  ; KEY[0] ; Fall       ; SRAM_DQ[1]~reg0     ;
; -0.611 ; 0.500        ; 1.111          ; High Pulse Width ; KEY[0] ; Fall       ; SRAM_DQ[2]~en       ;
; -0.611 ; 0.500        ; 1.111          ; Low Pulse Width  ; KEY[0] ; Fall       ; SRAM_DQ[2]~en       ;
; -0.611 ; 0.500        ; 1.111          ; High Pulse Width ; KEY[0] ; Fall       ; SRAM_DQ[2]~reg0     ;
; -0.611 ; 0.500        ; 1.111          ; Low Pulse Width  ; KEY[0] ; Fall       ; SRAM_DQ[2]~reg0     ;
; -0.611 ; 0.500        ; 1.111          ; High Pulse Width ; KEY[0] ; Fall       ; SRAM_DQ[3]~en       ;
; -0.611 ; 0.500        ; 1.111          ; Low Pulse Width  ; KEY[0] ; Fall       ; SRAM_DQ[3]~en       ;
; -0.611 ; 0.500        ; 1.111          ; High Pulse Width ; KEY[0] ; Fall       ; SRAM_DQ[3]~reg0     ;
; -0.611 ; 0.500        ; 1.111          ; Low Pulse Width  ; KEY[0] ; Fall       ; SRAM_DQ[3]~reg0     ;
; -0.611 ; 0.500        ; 1.111          ; High Pulse Width ; KEY[0] ; Fall       ; SRAM_WE_N~reg0      ;
; -0.611 ; 0.500        ; 1.111          ; Low Pulse Width  ; KEY[0] ; Fall       ; SRAM_WE_N~reg0      ;
; 0.500  ; 0.500        ; 0.000          ; High Pulse Width ; KEY[0] ; Rise       ; KEY[0]|combout      ;
; 0.500  ; 0.500        ; 0.000          ; Low Pulse Width  ; KEY[0] ; Rise       ; KEY[0]|combout      ;
; 0.500  ; 0.500        ; 0.000          ; High Pulse Width ; KEY[0] ; Rise       ; SRAM_DQ[0]~en|clk   ;
; 0.500  ; 0.500        ; 0.000          ; Low Pulse Width  ; KEY[0] ; Rise       ; SRAM_DQ[0]~en|clk   ;
; 0.500  ; 0.500        ; 0.000          ; High Pulse Width ; KEY[0] ; Rise       ; SRAM_DQ[0]~reg0|clk ;
; 0.500  ; 0.500        ; 0.000          ; Low Pulse Width  ; KEY[0] ; Rise       ; SRAM_DQ[0]~reg0|clk ;
; 0.500  ; 0.500        ; 0.000          ; High Pulse Width ; KEY[0] ; Rise       ; SRAM_DQ[1]~en|clk   ;
; 0.500  ; 0.500        ; 0.000          ; Low Pulse Width  ; KEY[0] ; Rise       ; SRAM_DQ[1]~en|clk   ;
; 0.500  ; 0.500        ; 0.000          ; High Pulse Width ; KEY[0] ; Rise       ; SRAM_DQ[1]~reg0|clk ;
; 0.500  ; 0.500        ; 0.000          ; Low Pulse Width  ; KEY[0] ; Rise       ; SRAM_DQ[1]~reg0|clk ;
; 0.500  ; 0.500        ; 0.000          ; High Pulse Width ; KEY[0] ; Rise       ; SRAM_DQ[2]~en|clk   ;
; 0.500  ; 0.500        ; 0.000          ; Low Pulse Width  ; KEY[0] ; Rise       ; SRAM_DQ[2]~en|clk   ;
; 0.500  ; 0.500        ; 0.000          ; High Pulse Width ; KEY[0] ; Rise       ; SRAM_DQ[2]~reg0|clk ;
; 0.500  ; 0.500        ; 0.000          ; Low Pulse Width  ; KEY[0] ; Rise       ; SRAM_DQ[2]~reg0|clk ;
; 0.500  ; 0.500        ; 0.000          ; High Pulse Width ; KEY[0] ; Rise       ; SRAM_DQ[3]~en|clk   ;
; 0.500  ; 0.500        ; 0.000          ; Low Pulse Width  ; KEY[0] ; Rise       ; SRAM_DQ[3]~en|clk   ;
; 0.500  ; 0.500        ; 0.000          ; High Pulse Width ; KEY[0] ; Rise       ; SRAM_DQ[3]~reg0|clk ;
; 0.500  ; 0.500        ; 0.000          ; Low Pulse Width  ; KEY[0] ; Rise       ; SRAM_DQ[3]~reg0|clk ;
; 0.500  ; 0.500        ; 0.000          ; High Pulse Width ; KEY[0] ; Rise       ; SRAM_WE_N~reg0|clk  ;
; 0.500  ; 0.500        ; 0.000          ; Low Pulse Width  ; KEY[0] ; Rise       ; SRAM_WE_N~reg0|clk  ;
+--------+--------------+----------------+------------------+--------+------------+---------------------+


+-------------------------------------------------------------------------+
; Setup Times                                                             ;
+-----------+------------+--------+--------+------------+-----------------+
; Data Port ; Clock Port ; Rise   ; Fall   ; Clock Edge ; Clock Reference ;
+-----------+------------+--------+--------+------------+-----------------+
; SW[*]     ; KEY[0]     ; -0.163 ; -0.163 ; Fall       ; KEY[0]          ;
;  SW[0]    ; KEY[0]     ; -0.260 ; -0.260 ; Fall       ; KEY[0]          ;
;  SW[1]    ; KEY[0]     ; -0.163 ; -0.163 ; Fall       ; KEY[0]          ;
;  SW[2]    ; KEY[0]     ; -0.272 ; -0.272 ; Fall       ; KEY[0]          ;
;  SW[3]    ; KEY[0]     ; -0.516 ; -0.516 ; Fall       ; KEY[0]          ;
;  SW[9]    ; KEY[0]     ; -1.018 ; -1.018 ; Fall       ; KEY[0]          ;
+-----------+------------+--------+--------+------------+-----------------+


+-----------------------------------------------------------------------+
; Hold Times                                                            ;
+-----------+------------+-------+-------+------------+-----------------+
; Data Port ; Clock Port ; Rise  ; Fall  ; Clock Edge ; Clock Reference ;
+-----------+------------+-------+-------+------------+-----------------+
; SW[*]     ; KEY[0]     ; 1.269 ; 1.269 ; Fall       ; KEY[0]          ;
;  SW[0]    ; KEY[0]     ; 0.508 ; 0.508 ; Fall       ; KEY[0]          ;
;  SW[1]    ; KEY[0]     ; 0.411 ; 0.411 ; Fall       ; KEY[0]          ;
;  SW[2]    ; KEY[0]     ; 0.520 ; 0.520 ; Fall       ; KEY[0]          ;
;  SW[3]    ; KEY[0]     ; 0.764 ; 0.764 ; Fall       ; KEY[0]          ;
;  SW[9]    ; KEY[0]     ; 1.269 ; 1.269 ; Fall       ; KEY[0]          ;
+-----------+------------+-------+-------+------------+-----------------+


+-------------------------------------------------------------------------+
; Clock to Output Times                                                   ;
+-------------+------------+-------+-------+------------+-----------------+
; Data Port   ; Clock Port ; Rise  ; Fall  ; Clock Edge ; Clock Reference ;
+-------------+------------+-------+-------+------------+-----------------+
; SRAM_DQ[*]  ; KEY[0]     ; 8.631 ; 8.631 ; Fall       ; KEY[0]          ;
;  SRAM_DQ[0] ; KEY[0]     ; 8.321 ; 8.321 ; Fall       ; KEY[0]          ;
;  SRAM_DQ[1] ; KEY[0]     ; 8.361 ; 8.361 ; Fall       ; KEY[0]          ;
;  SRAM_DQ[2] ; KEY[0]     ; 8.594 ; 8.594 ; Fall       ; KEY[0]          ;
;  SRAM_DQ[3] ; KEY[0]     ; 8.631 ; 8.631 ; Fall       ; KEY[0]          ;
; SRAM_WE_N   ; KEY[0]     ; 9.454 ; 9.454 ; Fall       ; KEY[0]          ;
+-------------+------------+-------+-------+------------+-----------------+


+-------------------------------------------------------------------------+
; Minimum Clock to Output Times                                           ;
+-------------+------------+-------+-------+------------+-----------------+
; Data Port   ; Clock Port ; Rise  ; Fall  ; Clock Edge ; Clock Reference ;
+-------------+------------+-------+-------+------------+-----------------+
; SRAM_DQ[*]  ; KEY[0]     ; 8.321 ; 8.321 ; Fall       ; KEY[0]          ;
;  SRAM_DQ[0] ; KEY[0]     ; 8.321 ; 8.321 ; Fall       ; KEY[0]          ;
;  SRAM_DQ[1] ; KEY[0]     ; 8.361 ; 8.361 ; Fall       ; KEY[0]          ;
;  SRAM_DQ[2] ; KEY[0]     ; 8.594 ; 8.594 ; Fall       ; KEY[0]          ;
;  SRAM_DQ[3] ; KEY[0]     ; 8.631 ; 8.631 ; Fall       ; KEY[0]          ;
; SRAM_WE_N   ; KEY[0]     ; 9.454 ; 9.454 ; Fall       ; KEY[0]          ;
+-------------+------------+-------+-------+------------+-----------------+


+---------------------------------------------------------------+
; Propagation Delay                                             ;
+------------+--------------+--------+--------+--------+--------+
; Input Port ; Output Port  ; RR     ; RF     ; FR     ; FF     ;
+------------+--------------+--------+--------+--------+--------+
; SRAM_DQ[0] ; HEX0[0]      ; 11.820 ; 11.820 ; 11.820 ; 11.820 ;
; SRAM_DQ[0] ; HEX0[1]      ; 11.614 ; 11.614 ; 11.614 ; 11.614 ;
; SRAM_DQ[0] ; HEX0[2]      ;        ; 11.569 ; 11.569 ;        ;
; SRAM_DQ[0] ; HEX0[3]      ; 11.608 ; 11.608 ; 11.608 ; 11.608 ;
; SRAM_DQ[0] ; HEX0[4]      ; 11.285 ;        ;        ; 11.285 ;
; SRAM_DQ[0] ; HEX0[5]      ; 11.283 ;        ;        ; 11.283 ;
; SRAM_DQ[0] ; HEX0[6]      ; 11.278 ; 11.278 ; 11.278 ; 11.278 ;
; SRAM_DQ[1] ; HEX0[0]      ; 11.457 ; 11.457 ; 11.457 ; 11.457 ;
; SRAM_DQ[1] ; HEX0[1]      ; 11.255 ; 11.255 ; 11.255 ; 11.255 ;
; SRAM_DQ[1] ; HEX0[2]      ; 11.238 ;        ;        ; 11.238 ;
; SRAM_DQ[1] ; HEX0[3]      ; 11.243 ; 11.243 ; 11.243 ; 11.243 ;
; SRAM_DQ[1] ; HEX0[4]      ;        ; 10.920 ; 10.920 ;        ;
; SRAM_DQ[1] ; HEX0[5]      ; 10.918 ; 10.918 ; 10.918 ; 10.918 ;
; SRAM_DQ[1] ; HEX0[6]      ; 10.914 ; 10.914 ; 10.914 ; 10.914 ;
; SRAM_DQ[2] ; HEX0[0]      ; 11.947 ; 11.947 ; 11.947 ; 11.947 ;
; SRAM_DQ[2] ; HEX0[1]      ; 11.743 ;        ;        ; 11.743 ;
; SRAM_DQ[2] ; HEX0[2]      ; 11.721 ; 11.721 ; 11.721 ; 11.721 ;
; SRAM_DQ[2] ; HEX0[3]      ; 11.730 ; 11.730 ; 11.730 ; 11.730 ;
; SRAM_DQ[2] ; HEX0[4]      ; 11.406 ; 11.406 ; 11.406 ; 11.406 ;
; SRAM_DQ[2] ; HEX0[5]      ; 11.405 ; 11.405 ; 11.405 ; 11.405 ;
; SRAM_DQ[2] ; HEX0[6]      ; 11.406 ; 11.406 ; 11.406 ; 11.406 ;
; SRAM_DQ[3] ; HEX0[0]      ; 11.679 ; 11.679 ; 11.679 ; 11.679 ;
; SRAM_DQ[3] ; HEX0[1]      ; 11.477 ; 11.477 ; 11.477 ; 11.477 ;
; SRAM_DQ[3] ; HEX0[2]      ; 11.463 ; 11.463 ; 11.463 ; 11.463 ;
; SRAM_DQ[3] ; HEX0[3]      ; 11.466 ; 11.466 ; 11.466 ; 11.466 ;
; SRAM_DQ[3] ; HEX0[4]      ;        ; 11.144 ; 11.144 ;        ;
; SRAM_DQ[3] ; HEX0[5]      ; 11.143 ; 11.143 ; 11.143 ; 11.143 ;
; SRAM_DQ[3] ; HEX0[6]      ; 11.133 ; 11.133 ; 11.133 ; 11.133 ;
; SW[0]      ; HEX1[0]      ; 8.309  ; 8.309  ; 8.309  ; 8.309  ;
; SW[0]      ; HEX1[1]      ; 8.394  ; 8.394  ; 8.394  ; 8.394  ;
; SW[0]      ; HEX1[2]      ;        ; 8.322  ; 8.322  ;        ;
; SW[0]      ; HEX1[3]      ; 8.319  ; 8.319  ; 8.319  ; 8.319  ;
; SW[0]      ; HEX1[4]      ; 8.302  ;        ;        ; 8.302  ;
; SW[0]      ; HEX1[5]      ; 8.330  ;        ;        ; 8.330  ;
; SW[0]      ; HEX1[6]      ; 8.323  ; 8.323  ; 8.323  ; 8.323  ;
; SW[1]      ; HEX1[0]      ; 8.552  ; 8.552  ; 8.552  ; 8.552  ;
; SW[1]      ; HEX1[1]      ; 8.678  ; 8.678  ; 8.678  ; 8.678  ;
; SW[1]      ; HEX1[2]      ; 8.627  ;        ;        ; 8.627  ;
; SW[1]      ; HEX1[3]      ; 8.595  ; 8.595  ; 8.595  ; 8.595  ;
; SW[1]      ; HEX1[4]      ;        ; 8.578  ; 8.578  ;        ;
; SW[1]      ; HEX1[5]      ; 8.611  ; 8.611  ; 8.611  ; 8.611  ;
; SW[1]      ; HEX1[6]      ; 8.601  ; 8.601  ; 8.601  ; 8.601  ;
; SW[2]      ; HEX1[0]      ; 8.106  ; 8.106  ; 8.106  ; 8.106  ;
; SW[2]      ; HEX1[1]      ; 8.190  ;        ;        ; 8.190  ;
; SW[2]      ; HEX1[2]      ; 8.143  ; 8.143  ; 8.143  ; 8.143  ;
; SW[2]      ; HEX1[3]      ; 8.112  ; 8.112  ; 8.112  ; 8.112  ;
; SW[2]      ; HEX1[4]      ; 8.092  ; 8.092  ; 8.092  ; 8.092  ;
; SW[2]      ; HEX1[5]      ; 8.126  ; 8.126  ; 8.126  ; 8.126  ;
; SW[2]      ; HEX1[6]      ; 8.113  ; 8.113  ; 8.113  ; 8.113  ;
; SW[3]      ; HEX1[0]      ; 7.852  ; 7.852  ; 7.852  ; 7.852  ;
; SW[3]      ; HEX1[1]      ; 7.941  ; 7.941  ; 7.941  ; 7.941  ;
; SW[3]      ; HEX1[2]      ; 7.894  ; 7.894  ; 7.894  ; 7.894  ;
; SW[3]      ; HEX1[3]      ; 7.858  ; 7.858  ; 7.858  ; 7.858  ;
; SW[3]      ; HEX1[4]      ;        ; 7.841  ; 7.841  ;        ;
; SW[3]      ; HEX1[5]      ; 7.877  ; 7.877  ; 7.877  ; 7.877  ;
; SW[3]      ; HEX1[6]      ; 7.862  ; 7.862  ; 7.862  ; 7.862  ;
; SW[4]      ; HEX3[0]      ; 7.294  ; 7.294  ; 7.294  ; 7.294  ;
; SW[4]      ; HEX3[1]      ; 7.816  ; 7.816  ; 7.816  ; 7.816  ;
; SW[4]      ; HEX3[2]      ;        ; 7.817  ; 7.817  ;        ;
; SW[4]      ; HEX3[3]      ; 7.228  ; 7.228  ; 7.228  ; 7.228  ;
; SW[4]      ; HEX3[4]      ; 6.903  ;        ;        ; 6.903  ;
; SW[4]      ; HEX3[5]      ; 7.296  ;        ;        ; 7.296  ;
; SW[4]      ; HEX3[6]      ; 7.646  ; 7.646  ; 7.646  ; 7.646  ;
; SW[4]      ; SRAM_ADDR[0] ; 6.088  ;        ;        ; 6.088  ;
; SW[5]      ; HEX3[0]      ; 7.826  ; 7.826  ; 7.826  ; 7.826  ;
; SW[5]      ; HEX3[1]      ; 8.386  ; 8.386  ; 8.386  ; 8.386  ;
; SW[5]      ; HEX3[2]      ; 8.387  ;        ;        ; 8.387  ;
; SW[5]      ; HEX3[3]      ; 7.801  ; 7.801  ; 7.801  ; 7.801  ;
; SW[5]      ; HEX3[4]      ;        ; 7.440  ; 7.440  ;        ;
; SW[5]      ; HEX3[5]      ; 7.861  ; 7.861  ; 7.861  ; 7.861  ;
; SW[5]      ; HEX3[6]      ; 8.216  ; 8.216  ; 8.216  ; 8.216  ;
; SW[5]      ; SRAM_ADDR[1] ; 6.519  ;        ;        ; 6.519  ;
; SW[6]      ; HEX3[0]      ; 7.401  ; 7.401  ; 7.401  ; 7.401  ;
; SW[6]      ; HEX3[1]      ; 7.926  ;        ;        ; 7.926  ;
; SW[6]      ; HEX3[2]      ; 7.930  ; 7.930  ; 7.930  ; 7.930  ;
; SW[6]      ; HEX3[3]      ; 7.352  ; 7.352  ; 7.352  ; 7.352  ;
; SW[6]      ; HEX3[4]      ; 7.027  ; 7.027  ; 7.027  ; 7.027  ;
; SW[6]      ; HEX3[5]      ; 7.403  ; 7.403  ; 7.403  ; 7.403  ;
; SW[6]      ; HEX3[6]      ; 7.753  ; 7.753  ; 7.753  ; 7.753  ;
; SW[6]      ; SRAM_ADDR[2] ; 5.620  ;        ;        ; 5.620  ;
; SW[7]      ; HEX3[0]      ; 6.439  ; 6.439  ; 6.439  ; 6.439  ;
; SW[7]      ; HEX3[1]      ; 6.994  ; 6.994  ; 6.994  ; 6.994  ;
; SW[7]      ; HEX3[2]      ; 6.996  ; 6.996  ; 6.996  ; 6.996  ;
; SW[7]      ; HEX3[3]      ; 6.409  ; 6.409  ; 6.409  ; 6.409  ;
; SW[7]      ; HEX3[4]      ;        ; 6.050  ; 6.050  ;        ;
; SW[7]      ; HEX3[5]      ; 6.441  ; 6.441  ; 6.441  ; 6.441  ;
; SW[7]      ; HEX3[6]      ; 6.823  ; 6.823  ; 6.823  ; 6.823  ;
; SW[7]      ; SRAM_ADDR[3] ; 5.238  ;        ;        ; 5.238  ;
; SW[9]      ; LEDG[0]      ; 6.530  ;        ;        ; 6.530  ;
+------------+--------------+--------+--------+--------+--------+


+---------------------------------------------------------------+
; Minimum Propagation Delay                                     ;
+------------+--------------+--------+--------+--------+--------+
; Input Port ; Output Port  ; RR     ; RF     ; FR     ; FF     ;
+------------+--------------+--------+--------+--------+--------+
; SRAM_DQ[0] ; HEX0[0]      ; 11.820 ; 11.820 ; 11.820 ; 11.820 ;
; SRAM_DQ[0] ; HEX0[1]      ; 11.614 ; 11.614 ; 11.614 ; 11.614 ;
; SRAM_DQ[0] ; HEX0[2]      ;        ; 11.569 ; 11.569 ;        ;
; SRAM_DQ[0] ; HEX0[3]      ; 11.608 ; 11.608 ; 11.608 ; 11.608 ;
; SRAM_DQ[0] ; HEX0[4]      ; 11.285 ;        ;        ; 11.285 ;
; SRAM_DQ[0] ; HEX0[5]      ; 11.283 ;        ;        ; 11.283 ;
; SRAM_DQ[0] ; HEX0[6]      ; 11.278 ; 11.278 ; 11.278 ; 11.278 ;
; SRAM_DQ[1] ; HEX0[0]      ; 11.457 ; 11.457 ; 11.457 ; 11.457 ;
; SRAM_DQ[1] ; HEX0[1]      ; 11.255 ; 11.255 ; 11.255 ; 11.255 ;
; SRAM_DQ[1] ; HEX0[2]      ; 11.238 ;        ;        ; 11.238 ;
; SRAM_DQ[1] ; HEX0[3]      ; 11.243 ; 11.243 ; 11.243 ; 11.243 ;
; SRAM_DQ[1] ; HEX0[4]      ;        ; 10.920 ; 10.920 ;        ;
; SRAM_DQ[1] ; HEX0[5]      ; 10.918 ; 10.918 ; 10.918 ; 10.918 ;
; SRAM_DQ[1] ; HEX0[6]      ; 10.914 ; 10.914 ; 10.914 ; 10.914 ;
; SRAM_DQ[2] ; HEX0[0]      ; 11.947 ; 11.947 ; 11.947 ; 11.947 ;
; SRAM_DQ[2] ; HEX0[1]      ; 11.743 ;        ;        ; 11.743 ;
; SRAM_DQ[2] ; HEX0[2]      ; 11.721 ; 11.721 ; 11.721 ; 11.721 ;
; SRAM_DQ[2] ; HEX0[3]      ; 11.730 ; 11.730 ; 11.730 ; 11.730 ;
; SRAM_DQ[2] ; HEX0[4]      ; 11.406 ; 11.406 ; 11.406 ; 11.406 ;
; SRAM_DQ[2] ; HEX0[5]      ; 11.405 ; 11.405 ; 11.405 ; 11.405 ;
; SRAM_DQ[2] ; HEX0[6]      ; 11.406 ; 11.406 ; 11.406 ; 11.406 ;
; SRAM_DQ[3] ; HEX0[0]      ; 11.679 ; 11.679 ; 11.679 ; 11.679 ;
; SRAM_DQ[3] ; HEX0[1]      ; 11.477 ; 11.477 ; 11.477 ; 11.477 ;
; SRAM_DQ[3] ; HEX0[2]      ; 11.463 ; 11.463 ; 11.463 ; 11.463 ;
; SRAM_DQ[3] ; HEX0[3]      ; 11.466 ; 11.466 ; 11.466 ; 11.466 ;
; SRAM_DQ[3] ; HEX0[4]      ;        ; 11.144 ; 11.144 ;        ;
; SRAM_DQ[3] ; HEX0[5]      ; 11.143 ; 11.143 ; 11.143 ; 11.143 ;
; SRAM_DQ[3] ; HEX0[6]      ; 11.133 ; 11.133 ; 11.133 ; 11.133 ;
; SW[0]      ; HEX1[0]      ; 8.309  ; 8.309  ; 8.309  ; 8.309  ;
; SW[0]      ; HEX1[1]      ; 8.394  ; 8.394  ; 8.394  ; 8.394  ;
; SW[0]      ; HEX1[2]      ;        ; 8.322  ; 8.322  ;        ;
; SW[0]      ; HEX1[3]      ; 8.319  ; 8.319  ; 8.319  ; 8.319  ;
; SW[0]      ; HEX1[4]      ; 8.302  ;        ;        ; 8.302  ;
; SW[0]      ; HEX1[5]      ; 8.330  ;        ;        ; 8.330  ;
; SW[0]      ; HEX1[6]      ; 8.323  ; 8.323  ; 8.323  ; 8.323  ;
; SW[1]      ; HEX1[0]      ; 8.552  ; 8.552  ; 8.552  ; 8.552  ;
; SW[1]      ; HEX1[1]      ; 8.678  ; 8.678  ; 8.678  ; 8.678  ;
; SW[1]      ; HEX1[2]      ; 8.627  ;        ;        ; 8.627  ;
; SW[1]      ; HEX1[3]      ; 8.595  ; 8.595  ; 8.595  ; 8.595  ;
; SW[1]      ; HEX1[4]      ;        ; 8.578  ; 8.578  ;        ;
; SW[1]      ; HEX1[5]      ; 8.611  ; 8.611  ; 8.611  ; 8.611  ;
; SW[1]      ; HEX1[6]      ; 8.601  ; 8.601  ; 8.601  ; 8.601  ;
; SW[2]      ; HEX1[0]      ; 8.106  ; 8.106  ; 8.106  ; 8.106  ;
; SW[2]      ; HEX1[1]      ; 8.190  ;        ;        ; 8.190  ;
; SW[2]      ; HEX1[2]      ; 8.143  ; 8.143  ; 8.143  ; 8.143  ;
; SW[2]      ; HEX1[3]      ; 8.112  ; 8.112  ; 8.112  ; 8.112  ;
; SW[2]      ; HEX1[4]      ; 8.092  ; 8.092  ; 8.092  ; 8.092  ;
; SW[2]      ; HEX1[5]      ; 8.126  ; 8.126  ; 8.126  ; 8.126  ;
; SW[2]      ; HEX1[6]      ; 8.113  ; 8.113  ; 8.113  ; 8.113  ;
; SW[3]      ; HEX1[0]      ; 7.852  ; 7.852  ; 7.852  ; 7.852  ;
; SW[3]      ; HEX1[1]      ; 7.941  ; 7.941  ; 7.941  ; 7.941  ;
; SW[3]      ; HEX1[2]      ; 7.894  ; 7.894  ; 7.894  ; 7.894  ;
; SW[3]      ; HEX1[3]      ; 7.858  ; 7.858  ; 7.858  ; 7.858  ;
; SW[3]      ; HEX1[4]      ;        ; 7.841  ; 7.841  ;        ;
; SW[3]      ; HEX1[5]      ; 7.877  ; 7.877  ; 7.877  ; 7.877  ;
; SW[3]      ; HEX1[6]      ; 7.862  ; 7.862  ; 7.862  ; 7.862  ;
; SW[4]      ; HEX3[0]      ; 7.294  ; 7.294  ; 7.294  ; 7.294  ;
; SW[4]      ; HEX3[1]      ; 7.816  ; 7.816  ; 7.816  ; 7.816  ;
; SW[4]      ; HEX3[2]      ;        ; 7.817  ; 7.817  ;        ;
; SW[4]      ; HEX3[3]      ; 7.228  ; 7.228  ; 7.228  ; 7.228  ;
; SW[4]      ; HEX3[4]      ; 6.903  ;        ;        ; 6.903  ;
; SW[4]      ; HEX3[5]      ; 7.296  ;        ;        ; 7.296  ;
; SW[4]      ; HEX3[6]      ; 7.646  ; 7.646  ; 7.646  ; 7.646  ;
; SW[4]      ; SRAM_ADDR[0] ; 6.088  ;        ;        ; 6.088  ;
; SW[5]      ; HEX3[0]      ; 7.826  ; 7.826  ; 7.826  ; 7.826  ;
; SW[5]      ; HEX3[1]      ; 8.386  ; 8.386  ; 8.386  ; 8.386  ;
; SW[5]      ; HEX3[2]      ; 8.387  ;        ;        ; 8.387  ;
; SW[5]      ; HEX3[3]      ; 7.801  ; 7.801  ; 7.801  ; 7.801  ;
; SW[5]      ; HEX3[4]      ;        ; 7.440  ; 7.440  ;        ;
; SW[5]      ; HEX3[5]      ; 7.861  ; 7.861  ; 7.861  ; 7.861  ;
; SW[5]      ; HEX3[6]      ; 8.216  ; 8.216  ; 8.216  ; 8.216  ;
; SW[5]      ; SRAM_ADDR[1] ; 6.519  ;        ;        ; 6.519  ;
; SW[6]      ; HEX3[0]      ; 7.401  ; 7.401  ; 7.401  ; 7.401  ;
; SW[6]      ; HEX3[1]      ; 7.926  ;        ;        ; 7.926  ;
; SW[6]      ; HEX3[2]      ; 7.930  ; 7.930  ; 7.930  ; 7.930  ;
; SW[6]      ; HEX3[3]      ; 7.352  ; 7.352  ; 7.352  ; 7.352  ;
; SW[6]      ; HEX3[4]      ; 7.027  ; 7.027  ; 7.027  ; 7.027  ;
; SW[6]      ; HEX3[5]      ; 7.403  ; 7.403  ; 7.403  ; 7.403  ;
; SW[6]      ; HEX3[6]      ; 7.753  ; 7.753  ; 7.753  ; 7.753  ;
; SW[6]      ; SRAM_ADDR[2] ; 5.620  ;        ;        ; 5.620  ;
; SW[7]      ; HEX3[0]      ; 6.439  ; 6.439  ; 6.439  ; 6.439  ;
; SW[7]      ; HEX3[1]      ; 6.994  ; 6.994  ; 6.994  ; 6.994  ;
; SW[7]      ; HEX3[2]      ; 6.996  ; 6.996  ; 6.996  ; 6.996  ;
; SW[7]      ; HEX3[3]      ; 6.409  ; 6.409  ; 6.409  ; 6.409  ;
; SW[7]      ; HEX3[4]      ;        ; 6.050  ; 6.050  ;        ;
; SW[7]      ; HEX3[5]      ; 6.441  ; 6.441  ; 6.441  ; 6.441  ;
; SW[7]      ; HEX3[6]      ; 6.823  ; 6.823  ; 6.823  ; 6.823  ;
; SW[7]      ; SRAM_ADDR[3] ; 5.238  ;        ;        ; 5.238  ;
; SW[9]      ; LEDG[0]      ; 6.530  ;        ;        ; 6.530  ;
+------------+--------------+--------+--------+--------+--------+


+------------------------------------------------------------------------+
; Output Enable Times                                                    ;
+-------------+------------+-------+------+------------+-----------------+
; Data Port   ; Clock Port ; Rise  ; Fall ; Clock Edge ; Clock Reference ;
+-------------+------------+-------+------+------------+-----------------+
; SRAM_DQ[*]  ; KEY[0]     ; 8.284 ;      ; Fall       ; KEY[0]          ;
;  SRAM_DQ[0] ; KEY[0]     ; 8.284 ;      ; Fall       ; KEY[0]          ;
;  SRAM_DQ[1] ; KEY[0]     ; 8.294 ;      ; Fall       ; KEY[0]          ;
;  SRAM_DQ[2] ; KEY[0]     ; 8.559 ;      ; Fall       ; KEY[0]          ;
;  SRAM_DQ[3] ; KEY[0]     ; 8.568 ;      ; Fall       ; KEY[0]          ;
+-------------+------------+-------+------+------------+-----------------+


+------------------------------------------------------------------------+
; Minimum Output Enable Times                                            ;
+-------------+------------+-------+------+------------+-----------------+
; Data Port   ; Clock Port ; Rise  ; Fall ; Clock Edge ; Clock Reference ;
+-------------+------------+-------+------+------------+-----------------+
; SRAM_DQ[*]  ; KEY[0]     ; 8.284 ;      ; Fall       ; KEY[0]          ;
;  SRAM_DQ[0] ; KEY[0]     ; 8.284 ;      ; Fall       ; KEY[0]          ;
;  SRAM_DQ[1] ; KEY[0]     ; 8.294 ;      ; Fall       ; KEY[0]          ;
;  SRAM_DQ[2] ; KEY[0]     ; 8.559 ;      ; Fall       ; KEY[0]          ;
;  SRAM_DQ[3] ; KEY[0]     ; 8.568 ;      ; Fall       ; KEY[0]          ;
+-------------+------------+-------+------+------------+-----------------+


+---------------------------------------------------------------------------------+
; Output Disable Times                                                            ;
+-------------+------------+-----------+-----------+------------+-----------------+
; Data Port   ; Clock Port ; 0 to Hi-Z ; 1 to Hi-Z ; Clock Edge ; Clock Reference ;
+-------------+------------+-----------+-----------+------------+-----------------+
; SRAM_DQ[*]  ; KEY[0]     ; 8.284     ;           ; Fall       ; KEY[0]          ;
;  SRAM_DQ[0] ; KEY[0]     ; 8.284     ;           ; Fall       ; KEY[0]          ;
;  SRAM_DQ[1] ; KEY[0]     ; 8.294     ;           ; Fall       ; KEY[0]          ;
;  SRAM_DQ[2] ; KEY[0]     ; 8.559     ;           ; Fall       ; KEY[0]          ;
;  SRAM_DQ[3] ; KEY[0]     ; 8.568     ;           ; Fall       ; KEY[0]          ;
+-------------+------------+-----------+-----------+------------+-----------------+


+---------------------------------------------------------------------------------+
; Minimum Output Disable Times                                                    ;
+-------------+------------+-----------+-----------+------------+-----------------+
; Data Port   ; Clock Port ; 0 to Hi-Z ; 1 to Hi-Z ; Clock Edge ; Clock Reference ;
+-------------+------------+-----------+-----------+------------+-----------------+
; SRAM_DQ[*]  ; KEY[0]     ; 8.284     ;           ; Fall       ; KEY[0]          ;
;  SRAM_DQ[0] ; KEY[0]     ; 8.284     ;           ; Fall       ; KEY[0]          ;
;  SRAM_DQ[1] ; KEY[0]     ; 8.294     ;           ; Fall       ; KEY[0]          ;
;  SRAM_DQ[2] ; KEY[0]     ; 8.559     ;           ; Fall       ; KEY[0]          ;
;  SRAM_DQ[3] ; KEY[0]     ; 8.568     ;           ; Fall       ; KEY[0]          ;
+-------------+------------+-----------+-----------+------------+-----------------+


----------------------------
; Fast Model Setup Summary ;
----------------------------
No paths to report.


---------------------------
; Fast Model Hold Summary ;
---------------------------
No paths to report.


-------------------------------
; Fast Model Recovery Summary ;
-------------------------------
No paths to report.


------------------------------
; Fast Model Removal Summary ;
------------------------------
No paths to report.


+----------------------------------------+
; Fast Model Minimum Pulse Width Summary ;
+--------+--------+----------------------+
; Clock  ; Slack  ; End Point TNS        ;
+--------+--------+----------------------+
; KEY[0] ; -1.222 ; -10.222              ;
+--------+--------+----------------------+


+-------------------------------------------------------------------------------------------------------+
; Fast Model Minimum Pulse Width: 'KEY[0]'                                                              ;
+--------+--------------+----------------+------------------+--------+------------+---------------------+
; Slack  ; Actual Width ; Required Width ; Type             ; Clock  ; Clock Edge ; Target              ;
+--------+--------------+----------------+------------------+--------+------------+---------------------+
; -1.222 ; 1.000        ; 2.222          ; Port Rate        ; KEY[0] ; Rise       ; KEY[0]              ;
; -0.500 ; 0.500        ; 1.000          ; High Pulse Width ; KEY[0] ; Fall       ; SRAM_DQ[0]~en       ;
; -0.500 ; 0.500        ; 1.000          ; Low Pulse Width  ; KEY[0] ; Fall       ; SRAM_DQ[0]~en       ;
; -0.500 ; 0.500        ; 1.000          ; High Pulse Width ; KEY[0] ; Fall       ; SRAM_DQ[0]~reg0     ;
; -0.500 ; 0.500        ; 1.000          ; Low Pulse Width  ; KEY[0] ; Fall       ; SRAM_DQ[0]~reg0     ;
; -0.500 ; 0.500        ; 1.000          ; High Pulse Width ; KEY[0] ; Fall       ; SRAM_DQ[1]~en       ;
; -0.500 ; 0.500        ; 1.000          ; Low Pulse Width  ; KEY[0] ; Fall       ; SRAM_DQ[1]~en       ;
; -0.500 ; 0.500        ; 1.000          ; High Pulse Width ; KEY[0] ; Fall       ; SRAM_DQ[1]~reg0     ;
; -0.500 ; 0.500        ; 1.000          ; Low Pulse Width  ; KEY[0] ; Fall       ; SRAM_DQ[1]~reg0     ;
; -0.500 ; 0.500        ; 1.000          ; High Pulse Width ; KEY[0] ; Fall       ; SRAM_DQ[2]~en       ;
; -0.500 ; 0.500        ; 1.000          ; Low Pulse Width  ; KEY[0] ; Fall       ; SRAM_DQ[2]~en       ;
; -0.500 ; 0.500        ; 1.000          ; High Pulse Width ; KEY[0] ; Fall       ; SRAM_DQ[2]~reg0     ;
; -0.500 ; 0.500        ; 1.000          ; Low Pulse Width  ; KEY[0] ; Fall       ; SRAM_DQ[2]~reg0     ;
; -0.500 ; 0.500        ; 1.000          ; High Pulse Width ; KEY[0] ; Fall       ; SRAM_DQ[3]~en       ;
; -0.500 ; 0.500        ; 1.000          ; Low Pulse Width  ; KEY[0] ; Fall       ; SRAM_DQ[3]~en       ;
; -0.500 ; 0.500        ; 1.000          ; High Pulse Width ; KEY[0] ; Fall       ; SRAM_DQ[3]~reg0     ;
; -0.500 ; 0.500        ; 1.000          ; Low Pulse Width  ; KEY[0] ; Fall       ; SRAM_DQ[3]~reg0     ;
; -0.500 ; 0.500        ; 1.000          ; High Pulse Width ; KEY[0] ; Fall       ; SRAM_WE_N~reg0      ;
; -0.500 ; 0.500        ; 1.000          ; Low Pulse Width  ; KEY[0] ; Fall       ; SRAM_WE_N~reg0      ;
; 0.500  ; 0.500        ; 0.000          ; High Pulse Width ; KEY[0] ; Rise       ; KEY[0]|combout      ;
; 0.500  ; 0.500        ; 0.000          ; Low Pulse Width  ; KEY[0] ; Rise       ; KEY[0]|combout      ;
; 0.500  ; 0.500        ; 0.000          ; High Pulse Width ; KEY[0] ; Rise       ; SRAM_DQ[0]~en|clk   ;
; 0.500  ; 0.500        ; 0.000          ; Low Pulse Width  ; KEY[0] ; Rise       ; SRAM_DQ[0]~en|clk   ;
; 0.500  ; 0.500        ; 0.000          ; High Pulse Width ; KEY[0] ; Rise       ; SRAM_DQ[0]~reg0|clk ;
; 0.500  ; 0.500        ; 0.000          ; Low Pulse Width  ; KEY[0] ; Rise       ; SRAM_DQ[0]~reg0|clk ;
; 0.500  ; 0.500        ; 0.000          ; High Pulse Width ; KEY[0] ; Rise       ; SRAM_DQ[1]~en|clk   ;
; 0.500  ; 0.500        ; 0.000          ; Low Pulse Width  ; KEY[0] ; Rise       ; SRAM_DQ[1]~en|clk   ;
; 0.500  ; 0.500        ; 0.000          ; High Pulse Width ; KEY[0] ; Rise       ; SRAM_DQ[1]~reg0|clk ;
; 0.500  ; 0.500        ; 0.000          ; Low Pulse Width  ; KEY[0] ; Rise       ; SRAM_DQ[1]~reg0|clk ;
; 0.500  ; 0.500        ; 0.000          ; High Pulse Width ; KEY[0] ; Rise       ; SRAM_DQ[2]~en|clk   ;
; 0.500  ; 0.500        ; 0.000          ; Low Pulse Width  ; KEY[0] ; Rise       ; SRAM_DQ[2]~en|clk   ;
; 0.500  ; 0.500        ; 0.000          ; High Pulse Width ; KEY[0] ; Rise       ; SRAM_DQ[2]~reg0|clk ;
; 0.500  ; 0.500        ; 0.000          ; Low Pulse Width  ; KEY[0] ; Rise       ; SRAM_DQ[2]~reg0|clk ;
; 0.500  ; 0.500        ; 0.000          ; High Pulse Width ; KEY[0] ; Rise       ; SRAM_DQ[3]~en|clk   ;
; 0.500  ; 0.500        ; 0.000          ; Low Pulse Width  ; KEY[0] ; Rise       ; SRAM_DQ[3]~en|clk   ;
; 0.500  ; 0.500        ; 0.000          ; High Pulse Width ; KEY[0] ; Rise       ; SRAM_DQ[3]~reg0|clk ;
; 0.500  ; 0.500        ; 0.000          ; Low Pulse Width  ; KEY[0] ; Rise       ; SRAM_DQ[3]~reg0|clk ;
; 0.500  ; 0.500        ; 0.000          ; High Pulse Width ; KEY[0] ; Rise       ; SRAM_WE_N~reg0|clk  ;
; 0.500  ; 0.500        ; 0.000          ; Low Pulse Width  ; KEY[0] ; Rise       ; SRAM_WE_N~reg0|clk  ;
+--------+--------------+----------------+------------------+--------+------------+---------------------+


+-------------------------------------------------------------------------+
; Setup Times                                                             ;
+-----------+------------+--------+--------+------------+-----------------+
; Data Port ; Clock Port ; Rise   ; Fall   ; Clock Edge ; Clock Reference ;
+-----------+------------+--------+--------+------------+-----------------+
; SW[*]     ; KEY[0]     ; -0.177 ; -0.177 ; Fall       ; KEY[0]          ;
;  SW[0]    ; KEY[0]     ; -0.184 ; -0.184 ; Fall       ; KEY[0]          ;
;  SW[1]    ; KEY[0]     ; -0.185 ; -0.185 ; Fall       ; KEY[0]          ;
;  SW[2]    ; KEY[0]     ; -0.177 ; -0.177 ; Fall       ; KEY[0]          ;
;  SW[3]    ; KEY[0]     ; -0.348 ; -0.348 ; Fall       ; KEY[0]          ;
;  SW[9]    ; KEY[0]     ; -0.559 ; -0.559 ; Fall       ; KEY[0]          ;
+-----------+------------+--------+--------+------------+-----------------+


+-----------------------------------------------------------------------+
; Hold Times                                                            ;
+-----------+------------+-------+-------+------------+-----------------+
; Data Port ; Clock Port ; Rise  ; Fall  ; Clock Edge ; Clock Reference ;
+-----------+------------+-------+-------+------------+-----------------+
; SW[*]     ; KEY[0]     ; 0.699 ; 0.699 ; Fall       ; KEY[0]          ;
;  SW[0]    ; KEY[0]     ; 0.304 ; 0.304 ; Fall       ; KEY[0]          ;
;  SW[1]    ; KEY[0]     ; 0.305 ; 0.305 ; Fall       ; KEY[0]          ;
;  SW[2]    ; KEY[0]     ; 0.297 ; 0.297 ; Fall       ; KEY[0]          ;
;  SW[3]    ; KEY[0]     ; 0.468 ; 0.468 ; Fall       ; KEY[0]          ;
;  SW[9]    ; KEY[0]     ; 0.699 ; 0.699 ; Fall       ; KEY[0]          ;
+-----------+------------+-------+-------+------------+-----------------+


+-------------------------------------------------------------------------+
; Clock to Output Times                                                   ;
+-------------+------------+-------+-------+------------+-----------------+
; Data Port   ; Clock Port ; Rise  ; Fall  ; Clock Edge ; Clock Reference ;
+-------------+------------+-------+-------+------------+-----------------+
; SRAM_DQ[*]  ; KEY[0]     ; 4.134 ; 4.134 ; Fall       ; KEY[0]          ;
;  SRAM_DQ[0] ; KEY[0]     ; 4.008 ; 4.008 ; Fall       ; KEY[0]          ;
;  SRAM_DQ[1] ; KEY[0]     ; 4.036 ; 4.036 ; Fall       ; KEY[0]          ;
;  SRAM_DQ[2] ; KEY[0]     ; 4.107 ; 4.107 ; Fall       ; KEY[0]          ;
;  SRAM_DQ[3] ; KEY[0]     ; 4.134 ; 4.134 ; Fall       ; KEY[0]          ;
; SRAM_WE_N   ; KEY[0]     ; 4.484 ; 4.484 ; Fall       ; KEY[0]          ;
+-------------+------------+-------+-------+------------+-----------------+


+-------------------------------------------------------------------------+
; Minimum Clock to Output Times                                           ;
+-------------+------------+-------+-------+------------+-----------------+
; Data Port   ; Clock Port ; Rise  ; Fall  ; Clock Edge ; Clock Reference ;
+-------------+------------+-------+-------+------------+-----------------+
; SRAM_DQ[*]  ; KEY[0]     ; 4.008 ; 4.008 ; Fall       ; KEY[0]          ;
;  SRAM_DQ[0] ; KEY[0]     ; 4.008 ; 4.008 ; Fall       ; KEY[0]          ;
;  SRAM_DQ[1] ; KEY[0]     ; 4.036 ; 4.036 ; Fall       ; KEY[0]          ;
;  SRAM_DQ[2] ; KEY[0]     ; 4.107 ; 4.107 ; Fall       ; KEY[0]          ;
;  SRAM_DQ[3] ; KEY[0]     ; 4.134 ; 4.134 ; Fall       ; KEY[0]          ;
; SRAM_WE_N   ; KEY[0]     ; 4.484 ; 4.484 ; Fall       ; KEY[0]          ;
+-------------+------------+-------+-------+------------+-----------------+


+-----------------------------------------------------------+
; Propagation Delay                                         ;
+------------+--------------+-------+-------+-------+-------+
; Input Port ; Output Port  ; RR    ; RF    ; FR    ; FF    ;
+------------+--------------+-------+-------+-------+-------+
; SRAM_DQ[0] ; HEX0[0]      ; 5.864 ; 5.864 ; 5.864 ; 5.864 ;
; SRAM_DQ[0] ; HEX0[1]      ; 5.810 ; 5.810 ; 5.810 ; 5.810 ;
; SRAM_DQ[0] ; HEX0[2]      ;       ; 5.797 ; 5.797 ;       ;
; SRAM_DQ[0] ; HEX0[3]      ; 5.799 ; 5.799 ; 5.799 ; 5.799 ;
; SRAM_DQ[0] ; HEX0[4]      ; 5.696 ;       ;       ; 5.696 ;
; SRAM_DQ[0] ; HEX0[5]      ; 5.687 ;       ;       ; 5.687 ;
; SRAM_DQ[0] ; HEX0[6]      ; 5.682 ; 5.682 ; 5.682 ; 5.682 ;
; SRAM_DQ[1] ; HEX0[0]      ; 5.741 ; 5.741 ; 5.741 ; 5.741 ;
; SRAM_DQ[1] ; HEX0[1]      ; 5.694 ; 5.694 ; 5.694 ; 5.694 ;
; SRAM_DQ[1] ; HEX0[2]      ; 5.682 ;       ;       ; 5.682 ;
; SRAM_DQ[1] ; HEX0[3]      ; 5.684 ; 5.684 ; 5.684 ; 5.684 ;
; SRAM_DQ[1] ; HEX0[4]      ;       ; 5.573 ; 5.573 ;       ;
; SRAM_DQ[1] ; HEX0[5]      ; 5.571 ; 5.571 ; 5.571 ; 5.571 ;
; SRAM_DQ[1] ; HEX0[6]      ; 5.567 ; 5.567 ; 5.567 ; 5.567 ;
; SRAM_DQ[2] ; HEX0[0]      ; 5.954 ; 5.954 ; 5.954 ; 5.954 ;
; SRAM_DQ[2] ; HEX0[1]      ; 5.905 ;       ;       ; 5.905 ;
; SRAM_DQ[2] ; HEX0[2]      ; 5.889 ; 5.889 ; 5.889 ; 5.889 ;
; SRAM_DQ[2] ; HEX0[3]      ; 5.894 ; 5.894 ; 5.894 ; 5.894 ;
; SRAM_DQ[2] ; HEX0[4]      ; 5.781 ; 5.781 ; 5.781 ; 5.781 ;
; SRAM_DQ[2] ; HEX0[5]      ; 5.777 ; 5.777 ; 5.777 ; 5.777 ;
; SRAM_DQ[2] ; HEX0[6]      ; 5.778 ; 5.778 ; 5.778 ; 5.778 ;
; SRAM_DQ[3] ; HEX0[0]      ; 5.833 ; 5.833 ; 5.833 ; 5.833 ;
; SRAM_DQ[3] ; HEX0[1]      ; 5.783 ; 5.783 ; 5.783 ; 5.783 ;
; SRAM_DQ[3] ; HEX0[2]      ; 5.770 ; 5.770 ; 5.770 ; 5.770 ;
; SRAM_DQ[3] ; HEX0[3]      ; 5.771 ; 5.771 ; 5.771 ; 5.771 ;
; SRAM_DQ[3] ; HEX0[4]      ;       ; 5.663 ; 5.663 ;       ;
; SRAM_DQ[3] ; HEX0[5]      ; 5.662 ; 5.662 ; 5.662 ; 5.662 ;
; SRAM_DQ[3] ; HEX0[6]      ; 5.654 ; 5.654 ; 5.654 ; 5.654 ;
; SW[0]      ; HEX1[0]      ; 3.839 ; 3.839 ; 3.839 ; 3.839 ;
; SW[0]      ; HEX1[1]      ; 3.810 ; 3.810 ; 3.810 ; 3.810 ;
; SW[0]      ; HEX1[2]      ;       ; 3.839 ; 3.839 ;       ;
; SW[0]      ; HEX1[3]      ; 3.824 ; 3.824 ; 3.824 ; 3.824 ;
; SW[0]      ; HEX1[4]      ; 3.822 ;       ;       ; 3.822 ;
; SW[0]      ; HEX1[5]      ; 3.845 ;       ;       ; 3.845 ;
; SW[0]      ; HEX1[6]      ; 3.842 ; 3.842 ; 3.842 ; 3.842 ;
; SW[1]      ; HEX1[0]      ; 3.923 ; 3.923 ; 3.923 ; 3.923 ;
; SW[1]      ; HEX1[1]      ; 3.899 ; 3.899 ; 3.899 ; 3.899 ;
; SW[1]      ; HEX1[2]      ; 3.927 ;       ;       ; 3.927 ;
; SW[1]      ; HEX1[3]      ; 3.909 ; 3.909 ; 3.909 ; 3.909 ;
; SW[1]      ; HEX1[4]      ;       ; 3.906 ; 3.906 ;       ;
; SW[1]      ; HEX1[5]      ; 3.929 ; 3.929 ; 3.929 ; 3.929 ;
; SW[1]      ; HEX1[6]      ; 3.930 ; 3.930 ; 3.930 ; 3.930 ;
; SW[2]      ; HEX1[0]      ; 3.773 ; 3.773 ; 3.773 ; 3.773 ;
; SW[2]      ; HEX1[1]      ; 3.749 ;       ;       ; 3.749 ;
; SW[2]      ; HEX1[2]      ; 3.779 ; 3.779 ; 3.779 ; 3.779 ;
; SW[2]      ; HEX1[3]      ; 3.760 ; 3.760 ; 3.760 ; 3.760 ;
; SW[2]      ; HEX1[4]      ; 3.754 ; 3.754 ; 3.754 ; 3.754 ;
; SW[2]      ; HEX1[5]      ; 3.784 ; 3.784 ; 3.784 ; 3.784 ;
; SW[2]      ; HEX1[6]      ; 3.780 ; 3.780 ; 3.780 ; 3.780 ;
; SW[3]      ; HEX1[0]      ; 3.635 ; 3.635 ; 3.635 ; 3.635 ;
; SW[3]      ; HEX1[1]      ; 3.613 ; 3.613 ; 3.613 ; 3.613 ;
; SW[3]      ; HEX1[2]      ; 3.641 ; 3.641 ; 3.641 ; 3.641 ;
; SW[3]      ; HEX1[3]      ; 3.622 ; 3.622 ; 3.622 ; 3.622 ;
; SW[3]      ; HEX1[4]      ;       ; 3.617 ; 3.617 ;       ;
; SW[3]      ; HEX1[5]      ; 3.646 ; 3.646 ; 3.646 ; 3.646 ;
; SW[3]      ; HEX1[6]      ; 3.643 ; 3.643 ; 3.643 ; 3.643 ;
; SW[4]      ; HEX3[0]      ; 3.440 ; 3.440 ; 3.440 ; 3.440 ;
; SW[4]      ; HEX3[1]      ; 3.709 ; 3.709 ; 3.709 ; 3.709 ;
; SW[4]      ; HEX3[2]      ;       ; 3.711 ; 3.711 ;       ;
; SW[4]      ; HEX3[3]      ; 3.392 ; 3.392 ; 3.392 ; 3.392 ;
; SW[4]      ; HEX3[4]      ; 3.267 ;       ;       ; 3.267 ;
; SW[4]      ; HEX3[5]      ; 3.445 ;       ;       ; 3.445 ;
; SW[4]      ; HEX3[6]      ; 3.586 ; 3.586 ; 3.586 ; 3.586 ;
; SW[4]      ; SRAM_ADDR[0] ; 2.999 ;       ;       ; 2.999 ;
; SW[5]      ; HEX3[0]      ; 3.697 ; 3.697 ; 3.697 ; 3.697 ;
; SW[5]      ; HEX3[1]      ; 3.966 ; 3.966 ; 3.966 ; 3.966 ;
; SW[5]      ; HEX3[2]      ; 3.973 ;       ;       ; 3.973 ;
; SW[5]      ; HEX3[3]      ; 3.649 ; 3.649 ; 3.649 ; 3.649 ;
; SW[5]      ; HEX3[4]      ;       ; 3.524 ; 3.524 ;       ;
; SW[5]      ; HEX3[5]      ; 3.702 ; 3.702 ; 3.702 ; 3.702 ;
; SW[5]      ; HEX3[6]      ; 3.844 ; 3.844 ; 3.844 ; 3.844 ;
; SW[5]      ; SRAM_ADDR[1] ; 3.196 ;       ;       ; 3.196 ;
; SW[6]      ; HEX3[0]      ; 3.447 ; 3.447 ; 3.447 ; 3.447 ;
; SW[6]      ; HEX3[1]      ; 3.719 ;       ;       ; 3.719 ;
; SW[6]      ; HEX3[2]      ; 3.727 ; 3.727 ; 3.727 ; 3.727 ;
; SW[6]      ; HEX3[3]      ; 3.414 ; 3.414 ; 3.414 ; 3.414 ;
; SW[6]      ; HEX3[4]      ; 3.289 ; 3.289 ; 3.289 ; 3.289 ;
; SW[6]      ; HEX3[5]      ; 3.452 ; 3.452 ; 3.452 ; 3.452 ;
; SW[6]      ; HEX3[6]      ; 3.593 ; 3.593 ; 3.593 ; 3.593 ;
; SW[6]      ; SRAM_ADDR[2] ; 2.775 ;       ;       ; 2.775 ;
; SW[7]      ; HEX3[0]      ; 3.037 ; 3.037 ; 3.037 ; 3.037 ;
; SW[7]      ; HEX3[1]      ; 3.306 ; 3.306 ; 3.306 ; 3.306 ;
; SW[7]      ; HEX3[2]      ; 3.316 ; 3.316 ; 3.316 ; 3.316 ;
; SW[7]      ; HEX3[3]      ; 2.995 ; 2.995 ; 2.995 ; 2.995 ;
; SW[7]      ; HEX3[4]      ;       ; 2.870 ; 2.870 ;       ;
; SW[7]      ; HEX3[5]      ; 3.042 ; 3.042 ; 3.042 ; 3.042 ;
; SW[7]      ; HEX3[6]      ; 3.183 ; 3.183 ; 3.183 ; 3.183 ;
; SW[7]      ; SRAM_ADDR[3] ; 2.620 ;       ;       ; 2.620 ;
; SW[9]      ; LEDG[0]      ; 3.135 ;       ;       ; 3.135 ;
+------------+--------------+-------+-------+-------+-------+


+-----------------------------------------------------------+
; Minimum Propagation Delay                                 ;
+------------+--------------+-------+-------+-------+-------+
; Input Port ; Output Port  ; RR    ; RF    ; FR    ; FF    ;
+------------+--------------+-------+-------+-------+-------+
; SRAM_DQ[0] ; HEX0[0]      ; 5.864 ; 5.864 ; 5.864 ; 5.864 ;
; SRAM_DQ[0] ; HEX0[1]      ; 5.810 ; 5.810 ; 5.810 ; 5.810 ;
; SRAM_DQ[0] ; HEX0[2]      ;       ; 5.797 ; 5.797 ;       ;
; SRAM_DQ[0] ; HEX0[3]      ; 5.799 ; 5.799 ; 5.799 ; 5.799 ;
; SRAM_DQ[0] ; HEX0[4]      ; 5.696 ;       ;       ; 5.696 ;
; SRAM_DQ[0] ; HEX0[5]      ; 5.687 ;       ;       ; 5.687 ;
; SRAM_DQ[0] ; HEX0[6]      ; 5.682 ; 5.682 ; 5.682 ; 5.682 ;
; SRAM_DQ[1] ; HEX0[0]      ; 5.741 ; 5.741 ; 5.741 ; 5.741 ;
; SRAM_DQ[1] ; HEX0[1]      ; 5.694 ; 5.694 ; 5.694 ; 5.694 ;
; SRAM_DQ[1] ; HEX0[2]      ; 5.682 ;       ;       ; 5.682 ;
; SRAM_DQ[1] ; HEX0[3]      ; 5.684 ; 5.684 ; 5.684 ; 5.684 ;
; SRAM_DQ[1] ; HEX0[4]      ;       ; 5.573 ; 5.573 ;       ;
; SRAM_DQ[1] ; HEX0[5]      ; 5.571 ; 5.571 ; 5.571 ; 5.571 ;
; SRAM_DQ[1] ; HEX0[6]      ; 5.567 ; 5.567 ; 5.567 ; 5.567 ;
; SRAM_DQ[2] ; HEX0[0]      ; 5.954 ; 5.954 ; 5.954 ; 5.954 ;
; SRAM_DQ[2] ; HEX0[1]      ; 5.905 ;       ;       ; 5.905 ;
; SRAM_DQ[2] ; HEX0[2]      ; 5.889 ; 5.889 ; 5.889 ; 5.889 ;
; SRAM_DQ[2] ; HEX0[3]      ; 5.894 ; 5.894 ; 5.894 ; 5.894 ;
; SRAM_DQ[2] ; HEX0[4]      ; 5.781 ; 5.781 ; 5.781 ; 5.781 ;
; SRAM_DQ[2] ; HEX0[5]      ; 5.777 ; 5.777 ; 5.777 ; 5.777 ;
; SRAM_DQ[2] ; HEX0[6]      ; 5.778 ; 5.778 ; 5.778 ; 5.778 ;
; SRAM_DQ[3] ; HEX0[0]      ; 5.833 ; 5.833 ; 5.833 ; 5.833 ;
; SRAM_DQ[3] ; HEX0[1]      ; 5.783 ; 5.783 ; 5.783 ; 5.783 ;
; SRAM_DQ[3] ; HEX0[2]      ; 5.770 ; 5.770 ; 5.770 ; 5.770 ;
; SRAM_DQ[3] ; HEX0[3]      ; 5.771 ; 5.771 ; 5.771 ; 5.771 ;
; SRAM_DQ[3] ; HEX0[4]      ;       ; 5.663 ; 5.663 ;       ;
; SRAM_DQ[3] ; HEX0[5]      ; 5.662 ; 5.662 ; 5.662 ; 5.662 ;
; SRAM_DQ[3] ; HEX0[6]      ; 5.654 ; 5.654 ; 5.654 ; 5.654 ;
; SW[0]      ; HEX1[0]      ; 3.839 ; 3.839 ; 3.839 ; 3.839 ;
; SW[0]      ; HEX1[1]      ; 3.810 ; 3.810 ; 3.810 ; 3.810 ;
; SW[0]      ; HEX1[2]      ;       ; 3.839 ; 3.839 ;       ;
; SW[0]      ; HEX1[3]      ; 3.824 ; 3.824 ; 3.824 ; 3.824 ;
; SW[0]      ; HEX1[4]      ; 3.822 ;       ;       ; 3.822 ;
; SW[0]      ; HEX1[5]      ; 3.845 ;       ;       ; 3.845 ;
; SW[0]      ; HEX1[6]      ; 3.842 ; 3.842 ; 3.842 ; 3.842 ;
; SW[1]      ; HEX1[0]      ; 3.923 ; 3.923 ; 3.923 ; 3.923 ;
; SW[1]      ; HEX1[1]      ; 3.899 ; 3.899 ; 3.899 ; 3.899 ;
; SW[1]      ; HEX1[2]      ; 3.927 ;       ;       ; 3.927 ;
; SW[1]      ; HEX1[3]      ; 3.909 ; 3.909 ; 3.909 ; 3.909 ;
; SW[1]      ; HEX1[4]      ;       ; 3.906 ; 3.906 ;       ;
; SW[1]      ; HEX1[5]      ; 3.929 ; 3.929 ; 3.929 ; 3.929 ;
; SW[1]      ; HEX1[6]      ; 3.930 ; 3.930 ; 3.930 ; 3.930 ;
; SW[2]      ; HEX1[0]      ; 3.773 ; 3.773 ; 3.773 ; 3.773 ;
; SW[2]      ; HEX1[1]      ; 3.749 ;       ;       ; 3.749 ;
; SW[2]      ; HEX1[2]      ; 3.779 ; 3.779 ; 3.779 ; 3.779 ;
; SW[2]      ; HEX1[3]      ; 3.760 ; 3.760 ; 3.760 ; 3.760 ;
; SW[2]      ; HEX1[4]      ; 3.754 ; 3.754 ; 3.754 ; 3.754 ;
; SW[2]      ; HEX1[5]      ; 3.784 ; 3.784 ; 3.784 ; 3.784 ;
; SW[2]      ; HEX1[6]      ; 3.780 ; 3.780 ; 3.780 ; 3.780 ;
; SW[3]      ; HEX1[0]      ; 3.635 ; 3.635 ; 3.635 ; 3.635 ;
; SW[3]      ; HEX1[1]      ; 3.613 ; 3.613 ; 3.613 ; 3.613 ;
; SW[3]      ; HEX1[2]      ; 3.641 ; 3.641 ; 3.641 ; 3.641 ;
; SW[3]      ; HEX1[3]      ; 3.622 ; 3.622 ; 3.622 ; 3.622 ;
; SW[3]      ; HEX1[4]      ;       ; 3.617 ; 3.617 ;       ;
; SW[3]      ; HEX1[5]      ; 3.646 ; 3.646 ; 3.646 ; 3.646 ;
; SW[3]      ; HEX1[6]      ; 3.643 ; 3.643 ; 3.643 ; 3.643 ;
; SW[4]      ; HEX3[0]      ; 3.440 ; 3.440 ; 3.440 ; 3.440 ;
; SW[4]      ; HEX3[1]      ; 3.709 ; 3.709 ; 3.709 ; 3.709 ;
; SW[4]      ; HEX3[2]      ;       ; 3.711 ; 3.711 ;       ;
; SW[4]      ; HEX3[3]      ; 3.392 ; 3.392 ; 3.392 ; 3.392 ;
; SW[4]      ; HEX3[4]      ; 3.267 ;       ;       ; 3.267 ;
; SW[4]      ; HEX3[5]      ; 3.445 ;       ;       ; 3.445 ;
; SW[4]      ; HEX3[6]      ; 3.586 ; 3.586 ; 3.586 ; 3.586 ;
; SW[4]      ; SRAM_ADDR[0] ; 2.999 ;       ;       ; 2.999 ;
; SW[5]      ; HEX3[0]      ; 3.697 ; 3.697 ; 3.697 ; 3.697 ;
; SW[5]      ; HEX3[1]      ; 3.966 ; 3.966 ; 3.966 ; 3.966 ;
; SW[5]      ; HEX3[2]      ; 3.973 ;       ;       ; 3.973 ;
; SW[5]      ; HEX3[3]      ; 3.649 ; 3.649 ; 3.649 ; 3.649 ;
; SW[5]      ; HEX3[4]      ;       ; 3.524 ; 3.524 ;       ;
; SW[5]      ; HEX3[5]      ; 3.702 ; 3.702 ; 3.702 ; 3.702 ;
; SW[5]      ; HEX3[6]      ; 3.844 ; 3.844 ; 3.844 ; 3.844 ;
; SW[5]      ; SRAM_ADDR[1] ; 3.196 ;       ;       ; 3.196 ;
; SW[6]      ; HEX3[0]      ; 3.447 ; 3.447 ; 3.447 ; 3.447 ;
; SW[6]      ; HEX3[1]      ; 3.719 ;       ;       ; 3.719 ;
; SW[6]      ; HEX3[2]      ; 3.727 ; 3.727 ; 3.727 ; 3.727 ;
; SW[6]      ; HEX3[3]      ; 3.414 ; 3.414 ; 3.414 ; 3.414 ;
; SW[6]      ; HEX3[4]      ; 3.289 ; 3.289 ; 3.289 ; 3.289 ;
; SW[6]      ; HEX3[5]      ; 3.452 ; 3.452 ; 3.452 ; 3.452 ;
; SW[6]      ; HEX3[6]      ; 3.593 ; 3.593 ; 3.593 ; 3.593 ;
; SW[6]      ; SRAM_ADDR[2] ; 2.775 ;       ;       ; 2.775 ;
; SW[7]      ; HEX3[0]      ; 3.037 ; 3.037 ; 3.037 ; 3.037 ;
; SW[7]      ; HEX3[1]      ; 3.306 ; 3.306 ; 3.306 ; 3.306 ;
; SW[7]      ; HEX3[2]      ; 3.316 ; 3.316 ; 3.316 ; 3.316 ;
; SW[7]      ; HEX3[3]      ; 2.995 ; 2.995 ; 2.995 ; 2.995 ;
; SW[7]      ; HEX3[4]      ;       ; 2.870 ; 2.870 ;       ;
; SW[7]      ; HEX3[5]      ; 3.042 ; 3.042 ; 3.042 ; 3.042 ;
; SW[7]      ; HEX3[6]      ; 3.183 ; 3.183 ; 3.183 ; 3.183 ;
; SW[7]      ; SRAM_ADDR[3] ; 2.620 ;       ;       ; 2.620 ;
; SW[9]      ; LEDG[0]      ; 3.135 ;       ;       ; 3.135 ;
+------------+--------------+-------+-------+-------+-------+


+------------------------------------------------------------------------+
; Output Enable Times                                                    ;
+-------------+------------+-------+------+------------+-----------------+
; Data Port   ; Clock Port ; Rise  ; Fall ; Clock Edge ; Clock Reference ;
+-------------+------------+-------+------+------------+-----------------+
; SRAM_DQ[*]  ; KEY[0]     ; 3.980 ;      ; Fall       ; KEY[0]          ;
;  SRAM_DQ[0] ; KEY[0]     ; 3.980 ;      ; Fall       ; KEY[0]          ;
;  SRAM_DQ[1] ; KEY[0]     ; 3.990 ;      ; Fall       ; KEY[0]          ;
;  SRAM_DQ[2] ; KEY[0]     ; 4.081 ;      ; Fall       ; KEY[0]          ;
;  SRAM_DQ[3] ; KEY[0]     ; 4.089 ;      ; Fall       ; KEY[0]          ;
+-------------+------------+-------+------+------------+-----------------+


+------------------------------------------------------------------------+
; Minimum Output Enable Times                                            ;
+-------------+------------+-------+------+------------+-----------------+
; Data Port   ; Clock Port ; Rise  ; Fall ; Clock Edge ; Clock Reference ;
+-------------+------------+-------+------+------------+-----------------+
; SRAM_DQ[*]  ; KEY[0]     ; 3.980 ;      ; Fall       ; KEY[0]          ;
;  SRAM_DQ[0] ; KEY[0]     ; 3.980 ;      ; Fall       ; KEY[0]          ;
;  SRAM_DQ[1] ; KEY[0]     ; 3.990 ;      ; Fall       ; KEY[0]          ;
;  SRAM_DQ[2] ; KEY[0]     ; 4.081 ;      ; Fall       ; KEY[0]          ;
;  SRAM_DQ[3] ; KEY[0]     ; 4.089 ;      ; Fall       ; KEY[0]          ;
+-------------+------------+-------+------+------------+-----------------+


+---------------------------------------------------------------------------------+
; Output Disable Times                                                            ;
+-------------+------------+-----------+-----------+------------+-----------------+
; Data Port   ; Clock Port ; 0 to Hi-Z ; 1 to Hi-Z ; Clock Edge ; Clock Reference ;
+-------------+------------+-----------+-----------+------------+-----------------+
; SRAM_DQ[*]  ; KEY[0]     ; 3.980     ;           ; Fall       ; KEY[0]          ;
;  SRAM_DQ[0] ; KEY[0]     ; 3.980     ;           ; Fall       ; KEY[0]          ;
;  SRAM_DQ[1] ; KEY[0]     ; 3.990     ;           ; Fall       ; KEY[0]          ;
;  SRAM_DQ[2] ; KEY[0]     ; 4.081     ;           ; Fall       ; KEY[0]          ;
;  SRAM_DQ[3] ; KEY[0]     ; 4.089     ;           ; Fall       ; KEY[0]          ;
+-------------+------------+-----------+-----------+------------+-----------------+


+---------------------------------------------------------------------------------+
; Minimum Output Disable Times                                                    ;
+-------------+------------+-----------+-----------+------------+-----------------+
; Data Port   ; Clock Port ; 0 to Hi-Z ; 1 to Hi-Z ; Clock Edge ; Clock Reference ;
+-------------+------------+-----------+-----------+------------+-----------------+
; SRAM_DQ[*]  ; KEY[0]     ; 3.980     ;           ; Fall       ; KEY[0]          ;
;  SRAM_DQ[0] ; KEY[0]     ; 3.980     ;           ; Fall       ; KEY[0]          ;
;  SRAM_DQ[1] ; KEY[0]     ; 3.990     ;           ; Fall       ; KEY[0]          ;
;  SRAM_DQ[2] ; KEY[0]     ; 4.081     ;           ; Fall       ; KEY[0]          ;
;  SRAM_DQ[3] ; KEY[0]     ; 4.089     ;           ; Fall       ; KEY[0]          ;
+-------------+------------+-----------+-----------+------------+-----------------+


+----------------------------------------------------------------------------+
; Multicorner Timing Analysis Summary                                        ;
+------------------+-------+------+----------+---------+---------------------+
; Clock            ; Setup ; Hold ; Recovery ; Removal ; Minimum Pulse Width ;
+------------------+-------+------+----------+---------+---------------------+
; Worst-case Slack ; N/A   ; N/A  ; N/A      ; N/A     ; -1.469              ;
;  KEY[0]          ; N/A   ; N/A  ; N/A      ; N/A     ; -1.469              ;
; Design-wide TNS  ; 0.0   ; 0.0  ; 0.0      ; 0.0     ; -12.467             ;
;  KEY[0]          ; N/A   ; N/A  ; N/A      ; N/A     ; -12.467             ;
+------------------+-------+------+----------+---------+---------------------+


+-------------------------------------------------------------------------+
; Setup Times                                                             ;
+-----------+------------+--------+--------+------------+-----------------+
; Data Port ; Clock Port ; Rise   ; Fall   ; Clock Edge ; Clock Reference ;
+-----------+------------+--------+--------+------------+-----------------+
; SW[*]     ; KEY[0]     ; -0.163 ; -0.163 ; Fall       ; KEY[0]          ;
;  SW[0]    ; KEY[0]     ; -0.184 ; -0.184 ; Fall       ; KEY[0]          ;
;  SW[1]    ; KEY[0]     ; -0.163 ; -0.163 ; Fall       ; KEY[0]          ;
;  SW[2]    ; KEY[0]     ; -0.177 ; -0.177 ; Fall       ; KEY[0]          ;
;  SW[3]    ; KEY[0]     ; -0.348 ; -0.348 ; Fall       ; KEY[0]          ;
;  SW[9]    ; KEY[0]     ; -0.559 ; -0.559 ; Fall       ; KEY[0]          ;
+-----------+------------+--------+--------+------------+-----------------+


+-----------------------------------------------------------------------+
; Hold Times                                                            ;
+-----------+------------+-------+-------+------------+-----------------+
; Data Port ; Clock Port ; Rise  ; Fall  ; Clock Edge ; Clock Reference ;
+-----------+------------+-------+-------+------------+-----------------+
; SW[*]     ; KEY[0]     ; 1.269 ; 1.269 ; Fall       ; KEY[0]          ;
;  SW[0]    ; KEY[0]     ; 0.508 ; 0.508 ; Fall       ; KEY[0]          ;
;  SW[1]    ; KEY[0]     ; 0.411 ; 0.411 ; Fall       ; KEY[0]          ;
;  SW[2]    ; KEY[0]     ; 0.520 ; 0.520 ; Fall       ; KEY[0]          ;
;  SW[3]    ; KEY[0]     ; 0.764 ; 0.764 ; Fall       ; KEY[0]          ;
;  SW[9]    ; KEY[0]     ; 1.269 ; 1.269 ; Fall       ; KEY[0]          ;
+-----------+------------+-------+-------+------------+-----------------+


+-------------------------------------------------------------------------+
; Clock to Output Times                                                   ;
+-------------+------------+-------+-------+------------+-----------------+
; Data Port   ; Clock Port ; Rise  ; Fall  ; Clock Edge ; Clock Reference ;
+-------------+------------+-------+-------+------------+-----------------+
; SRAM_DQ[*]  ; KEY[0]     ; 8.631 ; 8.631 ; Fall       ; KEY[0]          ;
;  SRAM_DQ[0] ; KEY[0]     ; 8.321 ; 8.321 ; Fall       ; KEY[0]          ;
;  SRAM_DQ[1] ; KEY[0]     ; 8.361 ; 8.361 ; Fall       ; KEY[0]          ;
;  SRAM_DQ[2] ; KEY[0]     ; 8.594 ; 8.594 ; Fall       ; KEY[0]          ;
;  SRAM_DQ[3] ; KEY[0]     ; 8.631 ; 8.631 ; Fall       ; KEY[0]          ;
; SRAM_WE_N   ; KEY[0]     ; 9.454 ; 9.454 ; Fall       ; KEY[0]          ;
+-------------+------------+-------+-------+------------+-----------------+


+-------------------------------------------------------------------------+
; Minimum Clock to Output Times                                           ;
+-------------+------------+-------+-------+------------+-----------------+
; Data Port   ; Clock Port ; Rise  ; Fall  ; Clock Edge ; Clock Reference ;
+-------------+------------+-------+-------+------------+-----------------+
; SRAM_DQ[*]  ; KEY[0]     ; 4.008 ; 4.008 ; Fall       ; KEY[0]          ;
;  SRAM_DQ[0] ; KEY[0]     ; 4.008 ; 4.008 ; Fall       ; KEY[0]          ;
;  SRAM_DQ[1] ; KEY[0]     ; 4.036 ; 4.036 ; Fall       ; KEY[0]          ;
;  SRAM_DQ[2] ; KEY[0]     ; 4.107 ; 4.107 ; Fall       ; KEY[0]          ;
;  SRAM_DQ[3] ; KEY[0]     ; 4.134 ; 4.134 ; Fall       ; KEY[0]          ;
; SRAM_WE_N   ; KEY[0]     ; 4.484 ; 4.484 ; Fall       ; KEY[0]          ;
+-------------+------------+-------+-------+------------+-----------------+


+---------------------------------------------------------------+
; Progagation Delay                                             ;
+------------+--------------+--------+--------+--------+--------+
; Input Port ; Output Port  ; RR     ; RF     ; FR     ; FF     ;
+------------+--------------+--------+--------+--------+--------+
; SRAM_DQ[0] ; HEX0[0]      ; 11.820 ; 11.820 ; 11.820 ; 11.820 ;
; SRAM_DQ[0] ; HEX0[1]      ; 11.614 ; 11.614 ; 11.614 ; 11.614 ;
; SRAM_DQ[0] ; HEX0[2]      ;        ; 11.569 ; 11.569 ;        ;
; SRAM_DQ[0] ; HEX0[3]      ; 11.608 ; 11.608 ; 11.608 ; 11.608 ;
; SRAM_DQ[0] ; HEX0[4]      ; 11.285 ;        ;        ; 11.285 ;
; SRAM_DQ[0] ; HEX0[5]      ; 11.283 ;        ;        ; 11.283 ;
; SRAM_DQ[0] ; HEX0[6]      ; 11.278 ; 11.278 ; 11.278 ; 11.278 ;
; SRAM_DQ[1] ; HEX0[0]      ; 11.457 ; 11.457 ; 11.457 ; 11.457 ;
; SRAM_DQ[1] ; HEX0[1]      ; 11.255 ; 11.255 ; 11.255 ; 11.255 ;
; SRAM_DQ[1] ; HEX0[2]      ; 11.238 ;        ;        ; 11.238 ;
; SRAM_DQ[1] ; HEX0[3]      ; 11.243 ; 11.243 ; 11.243 ; 11.243 ;
; SRAM_DQ[1] ; HEX0[4]      ;        ; 10.920 ; 10.920 ;        ;
; SRAM_DQ[1] ; HEX0[5]      ; 10.918 ; 10.918 ; 10.918 ; 10.918 ;
; SRAM_DQ[1] ; HEX0[6]      ; 10.914 ; 10.914 ; 10.914 ; 10.914 ;
; SRAM_DQ[2] ; HEX0[0]      ; 11.947 ; 11.947 ; 11.947 ; 11.947 ;
; SRAM_DQ[2] ; HEX0[1]      ; 11.743 ;        ;        ; 11.743 ;
; SRAM_DQ[2] ; HEX0[2]      ; 11.721 ; 11.721 ; 11.721 ; 11.721 ;
; SRAM_DQ[2] ; HEX0[3]      ; 11.730 ; 11.730 ; 11.730 ; 11.730 ;
; SRAM_DQ[2] ; HEX0[4]      ; 11.406 ; 11.406 ; 11.406 ; 11.406 ;
; SRAM_DQ[2] ; HEX0[5]      ; 11.405 ; 11.405 ; 11.405 ; 11.405 ;
; SRAM_DQ[2] ; HEX0[6]      ; 11.406 ; 11.406 ; 11.406 ; 11.406 ;
; SRAM_DQ[3] ; HEX0[0]      ; 11.679 ; 11.679 ; 11.679 ; 11.679 ;
; SRAM_DQ[3] ; HEX0[1]      ; 11.477 ; 11.477 ; 11.477 ; 11.477 ;
; SRAM_DQ[3] ; HEX0[2]      ; 11.463 ; 11.463 ; 11.463 ; 11.463 ;
; SRAM_DQ[3] ; HEX0[3]      ; 11.466 ; 11.466 ; 11.466 ; 11.466 ;
; SRAM_DQ[3] ; HEX0[4]      ;        ; 11.144 ; 11.144 ;        ;
; SRAM_DQ[3] ; HEX0[5]      ; 11.143 ; 11.143 ; 11.143 ; 11.143 ;
; SRAM_DQ[3] ; HEX0[6]      ; 11.133 ; 11.133 ; 11.133 ; 11.133 ;
; SW[0]      ; HEX1[0]      ; 8.309  ; 8.309  ; 8.309  ; 8.309  ;
; SW[0]      ; HEX1[1]      ; 8.394  ; 8.394  ; 8.394  ; 8.394  ;
; SW[0]      ; HEX1[2]      ;        ; 8.322  ; 8.322  ;        ;
; SW[0]      ; HEX1[3]      ; 8.319  ; 8.319  ; 8.319  ; 8.319  ;
; SW[0]      ; HEX1[4]      ; 8.302  ;        ;        ; 8.302  ;
; SW[0]      ; HEX1[5]      ; 8.330  ;        ;        ; 8.330  ;
; SW[0]      ; HEX1[6]      ; 8.323  ; 8.323  ; 8.323  ; 8.323  ;
; SW[1]      ; HEX1[0]      ; 8.552  ; 8.552  ; 8.552  ; 8.552  ;
; SW[1]      ; HEX1[1]      ; 8.678  ; 8.678  ; 8.678  ; 8.678  ;
; SW[1]      ; HEX1[2]      ; 8.627  ;        ;        ; 8.627  ;
; SW[1]      ; HEX1[3]      ; 8.595  ; 8.595  ; 8.595  ; 8.595  ;
; SW[1]      ; HEX1[4]      ;        ; 8.578  ; 8.578  ;        ;
; SW[1]      ; HEX1[5]      ; 8.611  ; 8.611  ; 8.611  ; 8.611  ;
; SW[1]      ; HEX1[6]      ; 8.601  ; 8.601  ; 8.601  ; 8.601  ;
; SW[2]      ; HEX1[0]      ; 8.106  ; 8.106  ; 8.106  ; 8.106  ;
; SW[2]      ; HEX1[1]      ; 8.190  ;        ;        ; 8.190  ;
; SW[2]      ; HEX1[2]      ; 8.143  ; 8.143  ; 8.143  ; 8.143  ;
; SW[2]      ; HEX1[3]      ; 8.112  ; 8.112  ; 8.112  ; 8.112  ;
; SW[2]      ; HEX1[4]      ; 8.092  ; 8.092  ; 8.092  ; 8.092  ;
; SW[2]      ; HEX1[5]      ; 8.126  ; 8.126  ; 8.126  ; 8.126  ;
; SW[2]      ; HEX1[6]      ; 8.113  ; 8.113  ; 8.113  ; 8.113  ;
; SW[3]      ; HEX1[0]      ; 7.852  ; 7.852  ; 7.852  ; 7.852  ;
; SW[3]      ; HEX1[1]      ; 7.941  ; 7.941  ; 7.941  ; 7.941  ;
; SW[3]      ; HEX1[2]      ; 7.894  ; 7.894  ; 7.894  ; 7.894  ;
; SW[3]      ; HEX1[3]      ; 7.858  ; 7.858  ; 7.858  ; 7.858  ;
; SW[3]      ; HEX1[4]      ;        ; 7.841  ; 7.841  ;        ;
; SW[3]      ; HEX1[5]      ; 7.877  ; 7.877  ; 7.877  ; 7.877  ;
; SW[3]      ; HEX1[6]      ; 7.862  ; 7.862  ; 7.862  ; 7.862  ;
; SW[4]      ; HEX3[0]      ; 7.294  ; 7.294  ; 7.294  ; 7.294  ;
; SW[4]      ; HEX3[1]      ; 7.816  ; 7.816  ; 7.816  ; 7.816  ;
; SW[4]      ; HEX3[2]      ;        ; 7.817  ; 7.817  ;        ;
; SW[4]      ; HEX3[3]      ; 7.228  ; 7.228  ; 7.228  ; 7.228  ;
; SW[4]      ; HEX3[4]      ; 6.903  ;        ;        ; 6.903  ;
; SW[4]      ; HEX3[5]      ; 7.296  ;        ;        ; 7.296  ;
; SW[4]      ; HEX3[6]      ; 7.646  ; 7.646  ; 7.646  ; 7.646  ;
; SW[4]      ; SRAM_ADDR[0] ; 6.088  ;        ;        ; 6.088  ;
; SW[5]      ; HEX3[0]      ; 7.826  ; 7.826  ; 7.826  ; 7.826  ;
; SW[5]      ; HEX3[1]      ; 8.386  ; 8.386  ; 8.386  ; 8.386  ;
; SW[5]      ; HEX3[2]      ; 8.387  ;        ;        ; 8.387  ;
; SW[5]      ; HEX3[3]      ; 7.801  ; 7.801  ; 7.801  ; 7.801  ;
; SW[5]      ; HEX3[4]      ;        ; 7.440  ; 7.440  ;        ;
; SW[5]      ; HEX3[5]      ; 7.861  ; 7.861  ; 7.861  ; 7.861  ;
; SW[5]      ; HEX3[6]      ; 8.216  ; 8.216  ; 8.216  ; 8.216  ;
; SW[5]      ; SRAM_ADDR[1] ; 6.519  ;        ;        ; 6.519  ;
; SW[6]      ; HEX3[0]      ; 7.401  ; 7.401  ; 7.401  ; 7.401  ;
; SW[6]      ; HEX3[1]      ; 7.926  ;        ;        ; 7.926  ;
; SW[6]      ; HEX3[2]      ; 7.930  ; 7.930  ; 7.930  ; 7.930  ;
; SW[6]      ; HEX3[3]      ; 7.352  ; 7.352  ; 7.352  ; 7.352  ;
; SW[6]      ; HEX3[4]      ; 7.027  ; 7.027  ; 7.027  ; 7.027  ;
; SW[6]      ; HEX3[5]      ; 7.403  ; 7.403  ; 7.403  ; 7.403  ;
; SW[6]      ; HEX3[6]      ; 7.753  ; 7.753  ; 7.753  ; 7.753  ;
; SW[6]      ; SRAM_ADDR[2] ; 5.620  ;        ;        ; 5.620  ;
; SW[7]      ; HEX3[0]      ; 6.439  ; 6.439  ; 6.439  ; 6.439  ;
; SW[7]      ; HEX3[1]      ; 6.994  ; 6.994  ; 6.994  ; 6.994  ;
; SW[7]      ; HEX3[2]      ; 6.996  ; 6.996  ; 6.996  ; 6.996  ;
; SW[7]      ; HEX3[3]      ; 6.409  ; 6.409  ; 6.409  ; 6.409  ;
; SW[7]      ; HEX3[4]      ;        ; 6.050  ; 6.050  ;        ;
; SW[7]      ; HEX3[5]      ; 6.441  ; 6.441  ; 6.441  ; 6.441  ;
; SW[7]      ; HEX3[6]      ; 6.823  ; 6.823  ; 6.823  ; 6.823  ;
; SW[7]      ; SRAM_ADDR[3] ; 5.238  ;        ;        ; 5.238  ;
; SW[9]      ; LEDG[0]      ; 6.530  ;        ;        ; 6.530  ;
+------------+--------------+--------+--------+--------+--------+


+-----------------------------------------------------------+
; Minimum Progagation Delay                                 ;
+------------+--------------+-------+-------+-------+-------+
; Input Port ; Output Port  ; RR    ; RF    ; FR    ; FF    ;
+------------+--------------+-------+-------+-------+-------+
; SRAM_DQ[0] ; HEX0[0]      ; 5.864 ; 5.864 ; 5.864 ; 5.864 ;
; SRAM_DQ[0] ; HEX0[1]      ; 5.810 ; 5.810 ; 5.810 ; 5.810 ;
; SRAM_DQ[0] ; HEX0[2]      ;       ; 5.797 ; 5.797 ;       ;
; SRAM_DQ[0] ; HEX0[3]      ; 5.799 ; 5.799 ; 5.799 ; 5.799 ;
; SRAM_DQ[0] ; HEX0[4]      ; 5.696 ;       ;       ; 5.696 ;
; SRAM_DQ[0] ; HEX0[5]      ; 5.687 ;       ;       ; 5.687 ;
; SRAM_DQ[0] ; HEX0[6]      ; 5.682 ; 5.682 ; 5.682 ; 5.682 ;
; SRAM_DQ[1] ; HEX0[0]      ; 5.741 ; 5.741 ; 5.741 ; 5.741 ;
; SRAM_DQ[1] ; HEX0[1]      ; 5.694 ; 5.694 ; 5.694 ; 5.694 ;
; SRAM_DQ[1] ; HEX0[2]      ; 5.682 ;       ;       ; 5.682 ;
; SRAM_DQ[1] ; HEX0[3]      ; 5.684 ; 5.684 ; 5.684 ; 5.684 ;
; SRAM_DQ[1] ; HEX0[4]      ;       ; 5.573 ; 5.573 ;       ;
; SRAM_DQ[1] ; HEX0[5]      ; 5.571 ; 5.571 ; 5.571 ; 5.571 ;
; SRAM_DQ[1] ; HEX0[6]      ; 5.567 ; 5.567 ; 5.567 ; 5.567 ;
; SRAM_DQ[2] ; HEX0[0]      ; 5.954 ; 5.954 ; 5.954 ; 5.954 ;
; SRAM_DQ[2] ; HEX0[1]      ; 5.905 ;       ;       ; 5.905 ;
; SRAM_DQ[2] ; HEX0[2]      ; 5.889 ; 5.889 ; 5.889 ; 5.889 ;
; SRAM_DQ[2] ; HEX0[3]      ; 5.894 ; 5.894 ; 5.894 ; 5.894 ;
; SRAM_DQ[2] ; HEX0[4]      ; 5.781 ; 5.781 ; 5.781 ; 5.781 ;
; SRAM_DQ[2] ; HEX0[5]      ; 5.777 ; 5.777 ; 5.777 ; 5.777 ;
; SRAM_DQ[2] ; HEX0[6]      ; 5.778 ; 5.778 ; 5.778 ; 5.778 ;
; SRAM_DQ[3] ; HEX0[0]      ; 5.833 ; 5.833 ; 5.833 ; 5.833 ;
; SRAM_DQ[3] ; HEX0[1]      ; 5.783 ; 5.783 ; 5.783 ; 5.783 ;
; SRAM_DQ[3] ; HEX0[2]      ; 5.770 ; 5.770 ; 5.770 ; 5.770 ;
; SRAM_DQ[3] ; HEX0[3]      ; 5.771 ; 5.771 ; 5.771 ; 5.771 ;
; SRAM_DQ[3] ; HEX0[4]      ;       ; 5.663 ; 5.663 ;       ;
; SRAM_DQ[3] ; HEX0[5]      ; 5.662 ; 5.662 ; 5.662 ; 5.662 ;
; SRAM_DQ[3] ; HEX0[6]      ; 5.654 ; 5.654 ; 5.654 ; 5.654 ;
; SW[0]      ; HEX1[0]      ; 3.839 ; 3.839 ; 3.839 ; 3.839 ;
; SW[0]      ; HEX1[1]      ; 3.810 ; 3.810 ; 3.810 ; 3.810 ;
; SW[0]      ; HEX1[2]      ;       ; 3.839 ; 3.839 ;       ;
; SW[0]      ; HEX1[3]      ; 3.824 ; 3.824 ; 3.824 ; 3.824 ;
; SW[0]      ; HEX1[4]      ; 3.822 ;       ;       ; 3.822 ;
; SW[0]      ; HEX1[5]      ; 3.845 ;       ;       ; 3.845 ;
; SW[0]      ; HEX1[6]      ; 3.842 ; 3.842 ; 3.842 ; 3.842 ;
; SW[1]      ; HEX1[0]      ; 3.923 ; 3.923 ; 3.923 ; 3.923 ;
; SW[1]      ; HEX1[1]      ; 3.899 ; 3.899 ; 3.899 ; 3.899 ;
; SW[1]      ; HEX1[2]      ; 3.927 ;       ;       ; 3.927 ;
; SW[1]      ; HEX1[3]      ; 3.909 ; 3.909 ; 3.909 ; 3.909 ;
; SW[1]      ; HEX1[4]      ;       ; 3.906 ; 3.906 ;       ;
; SW[1]      ; HEX1[5]      ; 3.929 ; 3.929 ; 3.929 ; 3.929 ;
; SW[1]      ; HEX1[6]      ; 3.930 ; 3.930 ; 3.930 ; 3.930 ;
; SW[2]      ; HEX1[0]      ; 3.773 ; 3.773 ; 3.773 ; 3.773 ;
; SW[2]      ; HEX1[1]      ; 3.749 ;       ;       ; 3.749 ;
; SW[2]      ; HEX1[2]      ; 3.779 ; 3.779 ; 3.779 ; 3.779 ;
; SW[2]      ; HEX1[3]      ; 3.760 ; 3.760 ; 3.760 ; 3.760 ;
; SW[2]      ; HEX1[4]      ; 3.754 ; 3.754 ; 3.754 ; 3.754 ;
; SW[2]      ; HEX1[5]      ; 3.784 ; 3.784 ; 3.784 ; 3.784 ;
; SW[2]      ; HEX1[6]      ; 3.780 ; 3.780 ; 3.780 ; 3.780 ;
; SW[3]      ; HEX1[0]      ; 3.635 ; 3.635 ; 3.635 ; 3.635 ;
; SW[3]      ; HEX1[1]      ; 3.613 ; 3.613 ; 3.613 ; 3.613 ;
; SW[3]      ; HEX1[2]      ; 3.641 ; 3.641 ; 3.641 ; 3.641 ;
; SW[3]      ; HEX1[3]      ; 3.622 ; 3.622 ; 3.622 ; 3.622 ;
; SW[3]      ; HEX1[4]      ;       ; 3.617 ; 3.617 ;       ;
; SW[3]      ; HEX1[5]      ; 3.646 ; 3.646 ; 3.646 ; 3.646 ;
; SW[3]      ; HEX1[6]      ; 3.643 ; 3.643 ; 3.643 ; 3.643 ;
; SW[4]      ; HEX3[0]      ; 3.440 ; 3.440 ; 3.440 ; 3.440 ;
; SW[4]      ; HEX3[1]      ; 3.709 ; 3.709 ; 3.709 ; 3.709 ;
; SW[4]      ; HEX3[2]      ;       ; 3.711 ; 3.711 ;       ;
; SW[4]      ; HEX3[3]      ; 3.392 ; 3.392 ; 3.392 ; 3.392 ;
; SW[4]      ; HEX3[4]      ; 3.267 ;       ;       ; 3.267 ;
; SW[4]      ; HEX3[5]      ; 3.445 ;       ;       ; 3.445 ;
; SW[4]      ; HEX3[6]      ; 3.586 ; 3.586 ; 3.586 ; 3.586 ;
; SW[4]      ; SRAM_ADDR[0] ; 2.999 ;       ;       ; 2.999 ;
; SW[5]      ; HEX3[0]      ; 3.697 ; 3.697 ; 3.697 ; 3.697 ;
; SW[5]      ; HEX3[1]      ; 3.966 ; 3.966 ; 3.966 ; 3.966 ;
; SW[5]      ; HEX3[2]      ; 3.973 ;       ;       ; 3.973 ;
; SW[5]      ; HEX3[3]      ; 3.649 ; 3.649 ; 3.649 ; 3.649 ;
; SW[5]      ; HEX3[4]      ;       ; 3.524 ; 3.524 ;       ;
; SW[5]      ; HEX3[5]      ; 3.702 ; 3.702 ; 3.702 ; 3.702 ;
; SW[5]      ; HEX3[6]      ; 3.844 ; 3.844 ; 3.844 ; 3.844 ;
; SW[5]      ; SRAM_ADDR[1] ; 3.196 ;       ;       ; 3.196 ;
; SW[6]      ; HEX3[0]      ; 3.447 ; 3.447 ; 3.447 ; 3.447 ;
; SW[6]      ; HEX3[1]      ; 3.719 ;       ;       ; 3.719 ;
; SW[6]      ; HEX3[2]      ; 3.727 ; 3.727 ; 3.727 ; 3.727 ;
; SW[6]      ; HEX3[3]      ; 3.414 ; 3.414 ; 3.414 ; 3.414 ;
; SW[6]      ; HEX3[4]      ; 3.289 ; 3.289 ; 3.289 ; 3.289 ;
; SW[6]      ; HEX3[5]      ; 3.452 ; 3.452 ; 3.452 ; 3.452 ;
; SW[6]      ; HEX3[6]      ; 3.593 ; 3.593 ; 3.593 ; 3.593 ;
; SW[6]      ; SRAM_ADDR[2] ; 2.775 ;       ;       ; 2.775 ;
; SW[7]      ; HEX3[0]      ; 3.037 ; 3.037 ; 3.037 ; 3.037 ;
; SW[7]      ; HEX3[1]      ; 3.306 ; 3.306 ; 3.306 ; 3.306 ;
; SW[7]      ; HEX3[2]      ; 3.316 ; 3.316 ; 3.316 ; 3.316 ;
; SW[7]      ; HEX3[3]      ; 2.995 ; 2.995 ; 2.995 ; 2.995 ;
; SW[7]      ; HEX3[4]      ;       ; 2.870 ; 2.870 ;       ;
; SW[7]      ; HEX3[5]      ; 3.042 ; 3.042 ; 3.042 ; 3.042 ;
; SW[7]      ; HEX3[6]      ; 3.183 ; 3.183 ; 3.183 ; 3.183 ;
; SW[7]      ; SRAM_ADDR[3] ; 2.620 ;       ;       ; 2.620 ;
; SW[9]      ; LEDG[0]      ; 3.135 ;       ;       ; 3.135 ;
+------------+--------------+-------+-------+-------+-------+


-------------------
; Clock Transfers ;
-------------------
Nothing to report.


---------------
; Report TCCS ;
---------------
No dedicated SERDES Transmitter circuitry present in device or used in design


---------------
; Report RSKM ;
---------------
No dedicated SERDES Receiver circuitry present in device or used in design


+------------------------------------------------+
; Unconstrained Paths                            ;
+---------------------------------+-------+------+
; Property                        ; Setup ; Hold ;
+---------------------------------+-------+------+
; Illegal Clocks                  ; 0     ; 0    ;
; Unconstrained Clocks            ; 0     ; 0    ;
; Unconstrained Input Ports       ; 13    ; 13   ;
; Unconstrained Input Port Paths  ; 98    ; 98   ;
; Unconstrained Output Ports      ; 31    ; 31   ;
; Unconstrained Output Port Paths ; 98    ; 98   ;
+---------------------------------+-------+------+


+------------------------------------+
; TimeQuest Timing Analyzer Messages ;
+------------------------------------+
Info: *******************************************************************
Info: Running Quartus II 64-Bit TimeQuest Timing Analyzer
    Info: Version 13.0.1 Build 232 06/12/2013 Service Pack 1 SJ Web Edition
    Info: Processing started: Tue Oct 28 15:58:19 2014
Info: Command: quartus_sta ece399_louiscoyleii_lab8 -c part
Info: qsta_default_script.tcl version: #1
Warning (20028): Parallel compilation is not licensed and has been disabled
Info (21077): Low junction temperature is 0 degrees C
Info (21077): High junction temperature is 85 degrees C
Critical Warning (332012): Synopsys Design Constraints File file not found: 'part.sdc'. A Synopsys Design Constraints File is required by the TimeQuest Timing Analyzer to get proper timing constraints. Without it, the Compiler will not properly optimize the design.
Info (332142): No user constrained base clocks found in the design. Calling "derive_clocks -period 1.0"
Info (332105): Deriving Clocks
    Info (332105): create_clock -period 1.000 -name KEY[0] KEY[0]
Info: Found TIMEQUEST_REPORT_SCRIPT_INCLUDE_DEFAULT_ANALYSIS = ON
Info: Analyzing Slow Model
Info (332140): No fmax paths to report
Info (332140): No Setup paths to report
Info (332140): No Hold paths to report
Info (332140): No Recovery paths to report
Info (332140): No Removal paths to report
Critical Warning (332148): Timing requirements not met
Info (332146): Worst-case minimum pulse width slack is -1.469
    Info (332119):     Slack End Point TNS Clock 
    Info (332119): ========= ============= =====================
    Info (332119):    -1.469       -12.467 KEY[0] 
Info (332001): The selected device family is not supported by the report_metastability command.
Info: Analyzing Fast Model
Info (332140): No Setup paths to report
Info (332140): No Hold paths to report
Info (332140): No Recovery paths to report
Info (332140): No Removal paths to report
Critical Warning (332148): Timing requirements not met
Info (332146): Worst-case minimum pulse width slack is -1.222
    Info (332119):     Slack End Point TNS Clock 
    Info (332119): ========= ============= =====================
    Info (332119):    -1.222       -10.222 KEY[0] 
Info (332001): The selected device family is not supported by the report_metastability command.
Info (332102): Design is not fully constrained for setup requirements
Info (332102): Design is not fully constrained for hold requirements
Info: Quartus II 64-Bit TimeQuest Timing Analyzer was successful. 0 errors, 4 warnings
    Info: Peak virtual memory: 389 megabytes
    Info: Processing ended: Tue Oct 28 15:58:20 2014
    Info: Elapsed time: 00:00:01
    Info: Total CPU time (on all processors): 00:00:01


