
**** Build of configuration Debug for project ece399_louis.coyleii_6 ****

"D:\\ti\\ccsv5\\utils\\bin\\gmake" -k all 
'Building file: ../strcpy_arm16.asm'
'Invoking: ARM Compiler'
"D:/ti/ccsv5/tools/compiler/arm_5.1.1/bin/armcl" -mv7M4 --code_state=16 --float_support=FPv4SPD16 --abi=eabi -me --include_path="D:/ti/ccsv5/tools/compiler/arm_5.1.1/include" -g --diag_warning=225 --display_error_number --diag_wrap=off --asm_listing --preproc_with_compile --preproc_dependency="strcpy_arm16.pp"  "../strcpy_arm16.asm"
'Finished building: ../strcpy_arm16.asm'
' '
'Building target: ece399_louis.coyleii_6.out'
'Invoking: ARM Linker'
"D:/ti/ccsv5/tools/compiler/arm_5.1.1/bin/armcl" -mv7M4 --code_state=16 --float_support=FPv4SPD16 --abi=eabi -me -g --diag_warning=225 --display_error_number --diag_wrap=off --asm_listing -z -m"ece399_louis.coyleii_6.map" -i"D:/ti/ccsv5/tools/compiler/arm_5.1.1/lib" -i"D:/ti/ccsv5/tools/compiler/arm_5.1.1/include" --reread_libs --warn_sections --display_error_number --diag_wrap=off --xml_link_info="ece399_louis.coyleii_6_linkInfo.xml" --rom_model -o "ece399_louis.coyleii_6.out"  "./tm4c123gh6pm_startup_ccs.obj" "./strcpy_arm16.obj" "./main.obj" "./PRNG.obj" "../tm4c123gh6pm.cmd" -l"libc.a" 
<Linking>
warning #10210-D: creating ".stack" section with default size of 0x800; use the -stack option to change the default size
warning #10210-D: creating ".sysmem" section with default size of 0x800; use the -heap option to change the default size

 undefined    first referenced
  symbol          in file     
 ---------    ----------------
 strcpy_arm16 ./main.obj      

error #10234-D: unresolved symbols remain
error #10010: errors encountered during linking; "ece399_louis.coyleii_6.out" not built

>> Compilation failure
gmake: *** [ece399_louis.coyleii_6.out] Error 1
gmake: Target `all' not remade because of errors.

**** Build Finished ****
