TI ARM Assembler PC v5.1.1 Wed Dec 03 21:40:19 2014

Tools Copyright (c) 1996-2013 Texas Instruments Incorporated
C:\Users\Louie\AppData\Local\Temp\5466010                            PAGE    1

       1                    ;******************************************************************************
       2                    ;* TI ARM C/C++ Codegen                                             PC v5.1.1 *
       3                    ;* Date/Time created: Wed Dec 03 21:40:19 2014                                *
       4                    ;******************************************************************************
       5                            .compiler_opts --abi=eabi --arm_vmrs_si_workaround=on --code_state=16 --diag_wrap=off --disabl
       6 00000000                   .thumb
       7                    
       8                    $C$DW$CU        .dwtag  DW_TAG_compile_unit
       9                            .dwattr $C$DW$CU, DW_AT_name("../main.c")
      10                            .dwattr $C$DW$CU, DW_AT_producer("TI TI ARM C/C++ Codegen PC v5.1.1 Copyright (c) 1996-2013 Te
      11                            .dwattr $C$DW$CU, DW_AT_TI_version(0x01)
      12                            .dwattr $C$DW$CU, DW_AT_comp_dir("G:\Dropbox\Private\School\Y3\F14\ECE399\ece399_louis.coyleii
      13                    
      14                    $C$DW$1 .dwtag  DW_TAG_subprogram, DW_AT_name("_assert")
      15                            .dwattr $C$DW$1, DW_AT_TI_symbol_name("_assert")
      16                            .dwattr $C$DW$1, DW_AT_declaration
      17                            .dwattr $C$DW$1, DW_AT_external
      18                            .dwattr $C$DW$1, DW_AT_decl_file("D:/ti/ccsv5/tools/compiler/arm_5.1.1/include/assert.h")
      19                            .dwattr $C$DW$1, DW_AT_decl_line(0x4f)
      20                            .dwattr $C$DW$1, DW_AT_decl_column(0x1a)
      21                    $C$DW$2 .dwtag  DW_TAG_formal_parameter
      22                            .dwattr $C$DW$2, DW_AT_type(*$C$DW$T$10)
      23                    $C$DW$3 .dwtag  DW_TAG_formal_parameter
      24                            .dwattr $C$DW$3, DW_AT_type(*$C$DW$T$27)
      25                            .dwendtag $C$DW$1
      26                    
      27                    
      28                    $C$DW$4 .dwtag  DW_TAG_subprogram, DW_AT_name("rand")
      29                            .dwattr $C$DW$4, DW_AT_TI_symbol_name("rand")
      30                            .dwattr $C$DW$4, DW_AT_type(*$C$DW$T$10)
      31                            .dwattr $C$DW$4, DW_AT_declaration
      32                            .dwattr $C$DW$4, DW_AT_external
      33                            .dwattr $C$DW$4, DW_AT_decl_file("D:/ti/ccsv5/tools/compiler/arm_5.1.1/include/stdlib.h")
      34                            .dwattr $C$DW$4, DW_AT_decl_line(0x94)
      35                            .dwattr $C$DW$4, DW_AT_decl_column(0x19)
      36                    
      37                    $C$DW$5 .dwtag  DW_TAG_subprogram, DW_AT_name("strcpy_arm16")
      38                            .dwattr $C$DW$5, DW_AT_TI_symbol_name("strcpy_arm16")
      39                            .dwattr $C$DW$5, DW_AT_declaration
      40                            .dwattr $C$DW$5, DW_AT_external
      41                            .dwattr $C$DW$5, DW_AT_decl_file("../main.c")
      42                            .dwattr $C$DW$5, DW_AT_decl_line(0x0e)
      43                            .dwattr $C$DW$5, DW_AT_decl_column(0x0d)
      44                    $C$DW$6 .dwtag  DW_TAG_formal_parameter
      45                            .dwattr $C$DW$6, DW_AT_type(*$C$DW$T$3)
      46                    $C$DW$7 .dwtag  DW_TAG_formal_parameter
      47                            .dwattr $C$DW$7, DW_AT_type(*$C$DW$T$3)
      48                            .dwendtag $C$DW$5
      49                    
      50 00000000           memory: .usect  ".bss:memory",8192,1
      51                    $C$DW$8 .dwtag  DW_TAG_variable, DW_AT_name("memory")
      52                            .dwattr $C$DW$8, DW_AT_TI_symbol_name("memory")
      53                            .dwattr $C$DW$8, DW_AT_type(*$C$DW$T$48)
      54                            .dwattr $C$DW$8, DW_AT_location[DW_OP_addr memory]
      55                            .dwattr $C$DW$8, DW_AT_decl_file("../main.c")
TI ARM Assembler PC v5.1.1 Wed Dec 03 21:40:19 2014

Tools Copyright (c) 1996-2013 Texas Instruments Incorporated
C:\Users\Louie\AppData\Local\Temp\5466010                            PAGE    2

      56                            .dwattr $C$DW$8, DW_AT_decl_line(0x11)
      57                            .dwattr $C$DW$8, DW_AT_decl_column(0x0d)
      58                    ;       D:\ti\ccsv5\tools\compiler\arm_5.1.1\bin\armacpia.exe -@C:\\Users\\Louie\\AppData\\Local\\Temp
      59 00000000                   .sect   ".text"
      60                            .clink
      61                            .thumbfunc wipe
      62 00000000                   .thumb
      63                    
      64                    $C$DW$9 .dwtag  DW_TAG_subprogram, DW_AT_name("wipe")
      65                            .dwattr $C$DW$9, DW_AT_low_pc(wipe)
      66                            .dwattr $C$DW$9, DW_AT_high_pc(0x00)
      67                            .dwattr $C$DW$9, DW_AT_TI_symbol_name("wipe")
      68                            .dwattr $C$DW$9, DW_AT_TI_begin_file("../main.c")
      69                            .dwattr $C$DW$9, DW_AT_TI_begin_line(0x13)
      70                            .dwattr $C$DW$9, DW_AT_TI_begin_column(0x0d)
      71                            .dwattr $C$DW$9, DW_AT_decl_file("../main.c")
      72                            .dwattr $C$DW$9, DW_AT_decl_line(0x13)
      73                            .dwattr $C$DW$9, DW_AT_decl_column(0x0d)
      74                            .dwattr $C$DW$9, DW_AT_TI_max_frame_size(0x08)
      75                            .dwpsn  file "../main.c",line 20,column 1,is_stmt,address wipe,isa 1
      76                    
      77                            .dwfde $C$DW$CIE, wipe
      78                    $C$DW$10        .dwtag  DW_TAG_formal_parameter, DW_AT_name("memory")
      79                            .dwattr $C$DW$10, DW_AT_TI_symbol_name("memory")
      80                            .dwattr $C$DW$10, DW_AT_type(*$C$DW$T$31)
      81                            .dwattr $C$DW$10, DW_AT_location[DW_OP_reg0]
      82                    
      83                    ;*****************************************************************************
      84                    ;* FUNCTION NAME: wipe                                                       *
      85                    ;*                                                                           *
      86                    ;*   Regs Modified     : A1,A2,A3,SP,SR                                      *
      87                    ;*   Regs Used         : A1,A2,A3,SP,LR,SR                                   *
      88                    ;*   Local Frame Size  : 0 Args + 8 Auto + 0 Save = 8 byte                   *
      89                    ;*****************************************************************************
      90 00000000           wipe:
      91                    ;* --------------------------------------------------------------------------*
      92                            .dwcfi  cfa_offset, 0
      93 00000000 0D08F1AD          SUB       SP, SP, #8            ; [DPU_3_PIPE]  ; [KEEP 32-BIT INS]
      94                            .dwcfi  cfa_offset, 8
      95                    $C$DW$11        .dwtag  DW_TAG_variable, DW_AT_name("memory")
      96                            .dwattr $C$DW$11, DW_AT_TI_symbol_name("memory")
      97                            .dwattr $C$DW$11, DW_AT_type(*$C$DW$T$31)
      98                            .dwattr $C$DW$11, DW_AT_location[DW_OP_breg13 0]
      99                    $C$DW$12        .dwtag  DW_TAG_variable, DW_AT_name("i")
     100                            .dwattr $C$DW$12, DW_AT_TI_symbol_name("i")
     101                            .dwattr $C$DW$12, DW_AT_type(*$C$DW$T$10)
     102                            .dwattr $C$DW$12, DW_AT_location[DW_OP_breg13 4]
     103 00000004 9000              STR       A1, [SP, #0]          ; [DPU_3_PIPE] |20|  ; [ORIG 16-BIT INS]
     104                            .dwpsn  file "../main.c",line 22,column 9,is_stmt,isa 1
     105 00000006 2000              MOVS      A1, #0                ; [DPU_3_PIPE] |22|  ; [ORIG 16-BIT INS]
     106 00000008 9001              STR       A1, [SP, #4]          ; [DPU_3_PIPE] |22|  ; [ORIG 16-BIT INS]
     107                            .dwpsn  file "../main.c",line 22,column 16,is_stmt,isa 1
     108 0000000a 9801              LDR       A1, [SP, #4]          ; [DPU_3_PIPE] |22|  ; [ORIG 16-BIT INS]
     109 0000000c 5F00F5B0          CMP       A1, #8192             ; [DPU_3_PIPE] |22|  ; [KEEP 32-BIT INS]
     110 00000010 DA0C              BGE       ||$C$L2||             ; [DPU_3_PIPE] |22|  ; [ORIG 16-BIT INS]
TI ARM Assembler PC v5.1.1 Wed Dec 03 21:40:19 2014

Tools Copyright (c) 1996-2013 Texas Instruments Incorporated
C:\Users\Louie\AppData\Local\Temp\5466010                            PAGE    3

     111                            ; BRANCHCC OCCURS {||$C$L2||}    ; [] |22| 
     112                    ;* --------------------------------------------------------------------------*
     113                    ;*   BEGIN LOOP ||$C$L1||
     114                    ;*
     115                    ;*   Loop source line                : 22
     116                    ;*   Loop closing brace source line  : 24
     117                    ;*   Known Minimum Trip Count        : 1
     118                    ;*   Known Maximum Trip Count        : 4294967295
     119                    ;*   Known Max Trip Count Factor     : 1
     120                    ;* --------------------------------------------------------------------------*
     121 00000012           ||$C$L1||:    
     122                            .dwpsn  file "../main.c",line 23,column 9,is_stmt,isa 1
     123 00000012 9801              LDR       A1, [SP, #4]          ; [DPU_3_PIPE] |23|  ; [ORIG 16-BIT INS]
     124 00000014 9900              LDR       A2, [SP, #0]          ; [DPU_3_PIPE] |23|  ; [ORIG 16-BIT INS]
     125 00000016 9A01              LDR       A3, [SP, #4]          ; [DPU_3_PIPE] |23|  ; [ORIG 16-BIT INS]
     126 00000018 00FFF000          AND       A1, A1, #255          ; [DPU_3_PIPE] |23|  ; [KEEP 32-BIT INS]
     127 0000001c 5450              STRB      A1, [A3, +A2]         ; [DPU_3_PIPE] |23|  ; [ORIG 16-BIT INS]
     128                            .dwpsn  file "../main.c",line 22,column 30,is_stmt,isa 1
     129 0000001e 9801              LDR       A1, [SP, #4]          ; [DPU_3_PIPE] |22|  ; [ORIG 16-BIT INS]
     130 00000020 1C40              ADDS      A1, A1, #1            ; [DPU_3_PIPE] |22|  ; [ORIG 16-BIT INS]
     131 00000022 9001              STR       A1, [SP, #4]          ; [DPU_3_PIPE] |22|  ; [ORIG 16-BIT INS]
     132                            .dwpsn  file "../main.c",line 22,column 16,is_stmt,isa 1
     133 00000024 9801              LDR       A1, [SP, #4]          ; [DPU_3_PIPE] |22|  ; [ORIG 16-BIT INS]
     134 00000026 5F00F5B0          CMP       A1, #8192             ; [DPU_3_PIPE] |22|  ; [KEEP 32-BIT INS]
     135 0000002a DBF2              BLT       ||$C$L1||             ; [DPU_3_PIPE] |22|  ; [ORIG 16-BIT INS]
     136                            ; BRANCHCC OCCURS {||$C$L1||}    ; [] |22| 
     137                    ;* --------------------------------------------------------------------------*
     138                            .dwpsn  file "../main.c",line 25,column 1,is_stmt,isa 1
     139                    ;* --------------------------------------------------------------------------*
     140 0000002c           ||$C$L2||:    
     141 0000002c B002              ADD       SP, SP, #8            ; [DPU_3_PIPE]  ; [ORIG 16-BIT INS]
     142                            .dwcfi  cfa_offset, 0
     143                    $C$DW$13        .dwtag  DW_TAG_TI_branch
     144                            .dwattr $C$DW$13, DW_AT_low_pc(0x00)
     145                            .dwattr $C$DW$13, DW_AT_TI_return
     146 0000002e 4770              BX        LR                    ; [DPU_3_PIPE]  ; [ORIG 16-BIT INS]
     147                            ; BRANCH OCCURS                  ; [] 
     148                            .dwattr $C$DW$9, DW_AT_TI_end_file("../main.c")
     149                            .dwattr $C$DW$9, DW_AT_TI_end_line(0x19)
     150                            .dwattr $C$DW$9, DW_AT_TI_end_column(0x01)
     151                            .dwendentry
     152                            .dwendtag $C$DW$9
     153                    
     154 00000030                   .sect   ".text"
     155                            .clink
     156                            .thumbfunc verify
     157 00000030                   .thumb
     158                    
     159                    $C$DW$14        .dwtag  DW_TAG_subprogram, DW_AT_name("verify")
     160                            .dwattr $C$DW$14, DW_AT_low_pc(verify)
     161                            .dwattr $C$DW$14, DW_AT_high_pc(0x00)
     162                            .dwattr $C$DW$14, DW_AT_TI_symbol_name("verify")
     163                            .dwattr $C$DW$14, DW_AT_TI_begin_file("../main.c")
     164                            .dwattr $C$DW$14, DW_AT_TI_begin_line(0x1b)
     165                            .dwattr $C$DW$14, DW_AT_TI_begin_column(0x0d)
TI ARM Assembler PC v5.1.1 Wed Dec 03 21:40:19 2014

Tools Copyright (c) 1996-2013 Texas Instruments Incorporated
C:\Users\Louie\AppData\Local\Temp\5466010                            PAGE    4

     166                            .dwattr $C$DW$14, DW_AT_decl_file("../main.c")
     167                            .dwattr $C$DW$14, DW_AT_decl_line(0x1b)
     168                            .dwattr $C$DW$14, DW_AT_decl_column(0x0d)
     169                            .dwattr $C$DW$14, DW_AT_TI_max_frame_size(0x18)
     170                            .dwpsn  file "../main.c",line 28,column 1,is_stmt,address verify,isa 1
     171                    
     172                            .dwfde $C$DW$CIE, verify
     173                    $C$DW$15        .dwtag  DW_TAG_formal_parameter, DW_AT_name("source")
     174                            .dwattr $C$DW$15, DW_AT_TI_symbol_name("source")
     175                            .dwattr $C$DW$15, DW_AT_type(*$C$DW$T$31)
     176                            .dwattr $C$DW$15, DW_AT_location[DW_OP_reg0]
     177                    $C$DW$16        .dwtag  DW_TAG_formal_parameter, DW_AT_name("dest")
     178                            .dwattr $C$DW$16, DW_AT_TI_symbol_name("dest")
     179                            .dwattr $C$DW$16, DW_AT_type(*$C$DW$T$31)
     180                            .dwattr $C$DW$16, DW_AT_location[DW_OP_reg1]
     181                    $C$DW$17        .dwtag  DW_TAG_formal_parameter, DW_AT_name("n")
     182                            .dwattr $C$DW$17, DW_AT_TI_symbol_name("n")
     183                            .dwattr $C$DW$17, DW_AT_type(*$C$DW$T$10)
     184                            .dwattr $C$DW$17, DW_AT_location[DW_OP_reg2]
     185                    
     186                    ;*****************************************************************************
     187                    ;* FUNCTION NAME: verify                                                     *
     188                    ;*                                                                           *
     189                    ;*   Regs Modified     : A1,A2,A3,A4,V9,SP,LR,SR,D0,D0_hi,D1,D1_hi,D2,D2_hi, *
     190                    ;*                           D3,D3_hi,D4,D4_hi,D5,D5_hi,D6,D6_hi,D7,D7_hi,   *
     191                    ;*                           FPEXC,FPSCR                                     *
     192                    ;*   Regs Used         : A1,A2,A3,A4,V9,SP,LR,SR,D0,D0_hi,D1,D1_hi,D2,D2_hi, *
     193                    ;*                           D3,D3_hi,D4,D4_hi,D5,D5_hi,D6,D6_hi,D7,D7_hi,   *
     194                    ;*                           FPEXC,FPSCR                                     *
     195                    ;*   Local Frame Size  : 0 Args + 20 Auto + 4 Save = 24 byte                 *
     196                    ;*****************************************************************************
     197 00000030           verify:
     198                    ;* --------------------------------------------------------------------------*
     199                            .dwcfi  cfa_offset, 0
     200 00000030 B500              PUSH      {LR}                  ; [DPU_3_PIPE]  ; [ORIG 16-BIT INS]
     201                            .dwcfi  cfa_offset, 4
     202                            .dwcfi  save_reg_to_mem, 14, -4
     203 00000032 0D14F1AD          SUB       SP, SP, #20           ; [DPU_3_PIPE]  ; [KEEP 32-BIT INS]
     204                            .dwcfi  cfa_offset, 24
     205                    $C$DW$18        .dwtag  DW_TAG_variable, DW_AT_name("source")
     206                            .dwattr $C$DW$18, DW_AT_TI_symbol_name("source")
     207                            .dwattr $C$DW$18, DW_AT_type(*$C$DW$T$31)
     208                            .dwattr $C$DW$18, DW_AT_location[DW_OP_breg13 0]
     209                    $C$DW$19        .dwtag  DW_TAG_variable, DW_AT_name("dest")
     210                            .dwattr $C$DW$19, DW_AT_TI_symbol_name("dest")
     211                            .dwattr $C$DW$19, DW_AT_type(*$C$DW$T$31)
     212                            .dwattr $C$DW$19, DW_AT_location[DW_OP_breg13 4]
     213                    $C$DW$20        .dwtag  DW_TAG_variable, DW_AT_name("n")
     214                            .dwattr $C$DW$20, DW_AT_TI_symbol_name("n")
     215                            .dwattr $C$DW$20, DW_AT_type(*$C$DW$T$10)
     216                            .dwattr $C$DW$20, DW_AT_location[DW_OP_breg13 8]
     217                    $C$DW$21        .dwtag  DW_TAG_variable, DW_AT_name("i")
     218                            .dwattr $C$DW$21, DW_AT_TI_symbol_name("i")
     219                            .dwattr $C$DW$21, DW_AT_type(*$C$DW$T$10)
     220                            .dwattr $C$DW$21, DW_AT_location[DW_OP_breg13 12]
TI ARM Assembler PC v5.1.1 Wed Dec 03 21:40:19 2014

Tools Copyright (c) 1996-2013 Texas Instruments Incorporated
C:\Users\Louie\AppData\Local\Temp\5466010                            PAGE    5

     221                    $C$DW$22        .dwtag  DW_TAG_variable, DW_AT_name("t")
     222                            .dwattr $C$DW$22, DW_AT_TI_symbol_name("t")
     223                            .dwattr $C$DW$22, DW_AT_type(*$C$DW$T$10)
     224                            .dwattr $C$DW$22, DW_AT_location[DW_OP_breg13 16]
     225 00000036 9202              STR       A3, [SP, #8]          ; [DPU_3_PIPE] |28|  ; [ORIG 16-BIT INS]
     226 00000038 9101              STR       A2, [SP, #4]          ; [DPU_3_PIPE] |28|  ; [ORIG 16-BIT INS]
     227 0000003a 9000              STR       A1, [SP, #0]          ; [DPU_3_PIPE] |28|  ; [ORIG 16-BIT INS]
     228                            .dwpsn  file "../main.c",line 30,column 9,is_stmt,isa 1
     229 0000003c 2000              MOVS      A1, #0                ; [DPU_3_PIPE] |30|  ; [ORIG 16-BIT INS]
     230 0000003e 9003              STR       A1, [SP, #12]         ; [DPU_3_PIPE] |30|  ; [ORIG 16-BIT INS]
     231                            .dwpsn  file "../main.c",line 30,column 16,is_stmt,isa 1
     232 00000040 9903              LDR       A2, [SP, #12]         ; [DPU_3_PIPE] |30|  ; [ORIG 16-BIT INS]
     233 00000042 9802              LDR       A1, [SP, #8]          ; [DPU_3_PIPE] |30|  ; [ORIG 16-BIT INS]
     234 00000044 4288              CMP       A1, A2                ; [DPU_3_PIPE] |30|  ; [ORIG 16-BIT INS]
     235 00000046 DD18              BLE       ||$C$L6||             ; [DPU_3_PIPE] |30|  ; [ORIG 16-BIT INS]
     236                            ; BRANCHCC OCCURS {||$C$L6||}    ; [] |30| 
     237                    ;* --------------------------------------------------------------------------*
     238                    ;*   BEGIN LOOP ||$C$L3||
     239                    ;*
     240                    ;*   Loop source line                : 30
     241                    ;*   Loop closing brace source line  : 33
     242                    ;*   Known Minimum Trip Count        : 1
     243                    ;*   Known Maximum Trip Count        : 4294967295
     244                    ;*   Known Max Trip Count Factor     : 1
     245                    ;* --------------------------------------------------------------------------*
     246 00000048           ||$C$L3||:    
     247                            .dwpsn  file "../main.c",line 31,column 9,is_stmt,isa 1
     248 00000048 9900              LDR       A2, [SP, #0]          ; [DPU_3_PIPE] |31|  ; [ORIG 16-BIT INS]
     249 0000004a 9803              LDR       A1, [SP, #12]         ; [DPU_3_PIPE] |31|  ; [ORIG 16-BIT INS]
     250 0000004c 1840              ADDS      A1, A1, A2            ; [DPU_3_PIPE] |31|  ; [ORIG 16-BIT INS]
     251 0000004e 00FFF000          AND       A1, A1, #255          ; [DPU_3_PIPE] |31|  ; [KEEP 32-BIT INS]
     252 00000052 9004              STR       A1, [SP, #16]         ; [DPU_3_PIPE] |31|  ; [ORIG 16-BIT INS]
     253                            .dwpsn  file "../main.c",line 32,column 9,is_stmt,isa 1
     254 00000054 9A03              LDR       A3, [SP, #12]         ; [DPU_3_PIPE] |32|  ; [ORIG 16-BIT INS]
     255 00000056 9801              LDR       A1, [SP, #4]          ; [DPU_3_PIPE] |32|  ; [ORIG 16-BIT INS]
     256 00000058 9904              LDR       A2, [SP, #16]         ; [DPU_3_PIPE] |32|  ; [ORIG 16-BIT INS]
     257 0000005a 5C12              LDRB      A3, [A3, +A1]         ; [DPU_3_PIPE] |32|  ; [ORIG 16-BIT INS]
     258 0000005c 2000              MOVS      A1, #0                ; [DPU_3_PIPE] |32|  ; [ORIG 16-BIT INS]
     259 0000005e 4291              CMP       A2, A3                ; [DPU_3_PIPE] |32|  ; [ORIG 16-BIT INS]
     260 00000060 D100              BNE       ||$C$L4||             ; [DPU_3_PIPE] |32|  ; [ORIG 16-BIT INS]
     261                            ; BRANCHCC OCCURS {||$C$L4||}    ; [] |32| 
     262                    ;* --------------------------------------------------------------------------*
     263 00000062 2001              MOVS      A1, #1                ; [DPU_3_PIPE] |32|  ; [ORIG 16-BIT INS]
     264                    ;* --------------------------------------------------------------------------*
     265 00000064           ||$C$L4||:    
     266 00000064 B910              CBNZ      A1, ||$C$L5||         ; []  ; [ORIG 16-BIT INS]
     267                            ; BRANCHCC OCCURS {||$C$L5||}    ; [] |32| 
     268                    ;* --------------------------------------------------------------------------*
     269 00000066 A03D              ADR       A1, $C$SL1            ; [DPU_3_PIPE] |32|  ; [ORIG 16-BIT INS]
     270                    $C$DW$23        .dwtag  DW_TAG_TI_branch
     271                            .dwattr $C$DW$23, DW_AT_low_pc(0x00)
     272                            .dwattr $C$DW$23, DW_AT_name("_abort_msg")
     273                            .dwattr $C$DW$23, DW_AT_TI_call
     274 00000068 FFFEF7FF!         BL        _abort_msg            ; [DPU_3_PIPE] |32|  ; [KEEP 32-BIT INS]
     275                            ; CALL OCCURS {_abort_msg }      ; [] |32| 
TI ARM Assembler PC v5.1.1 Wed Dec 03 21:40:19 2014

Tools Copyright (c) 1996-2013 Texas Instruments Incorporated
C:\Users\Louie\AppData\Local\Temp\5466010                            PAGE    6

     276                    ;* --------------------------------------------------------------------------*
     277 0000006c           ||$C$L5||:    
     278                            .dwpsn  file "../main.c",line 30,column 23,is_stmt,isa 1
     279 0000006c 9803              LDR       A1, [SP, #12]         ; [DPU_3_PIPE] |30|  ; [ORIG 16-BIT INS]
     280 0000006e 1C40              ADDS      A1, A1, #1            ; [DPU_3_PIPE] |30|  ; [ORIG 16-BIT INS]
     281 00000070 9003              STR       A1, [SP, #12]         ; [DPU_3_PIPE] |30|  ; [ORIG 16-BIT INS]
     282                            .dwpsn  file "../main.c",line 30,column 16,is_stmt,isa 1
     283 00000072 9802              LDR       A1, [SP, #8]          ; [DPU_3_PIPE] |30|  ; [ORIG 16-BIT INS]
     284 00000074 9903              LDR       A2, [SP, #12]         ; [DPU_3_PIPE] |30|  ; [ORIG 16-BIT INS]
     285 00000076 4288              CMP       A1, A2                ; [DPU_3_PIPE] |30|  ; [ORIG 16-BIT INS]
     286 00000078 DCE6              BGT       ||$C$L3||             ; [DPU_3_PIPE] |30|  ; [ORIG 16-BIT INS]
     287                            ; BRANCHCC OCCURS {||$C$L3||}    ; [] |30| 
     288                    ;* --------------------------------------------------------------------------*
     289 0000007a           ||$C$L6||:    
     290                            .dwpsn  file "../main.c",line 34,column 5,is_stmt,isa 1
     291 0000007a 9801              LDR       A1, [SP, #4]          ; [DPU_3_PIPE] |34|  ; [ORIG 16-BIT INS]
     292 0000007c 1E40              SUBS      A1, A1, #1            ; [DPU_3_PIPE] |34|  ; [ORIG 16-BIT INS]
     293 0000007e 00FFF000          AND       A1, A1, #255          ; [DPU_3_PIPE] |34|  ; [KEEP 32-BIT INS]
     294 00000082 9004              STR       A1, [SP, #16]         ; [DPU_3_PIPE] |34|  ; [ORIG 16-BIT INS]
     295                            .dwpsn  file "../main.c",line 35,column 5,is_stmt,isa 1
     296 00000084 9801              LDR       A1, [SP, #4]          ; [DPU_3_PIPE] |35|  ; [ORIG 16-BIT INS]
     297 00000086 9904              LDR       A2, [SP, #16]         ; [DPU_3_PIPE] |35|  ; [ORIG 16-BIT INS]
     298 00000088 2C01F810          LDRB      A3, [A1, #-1]         ; [DPU_3_PIPE] |35|  ; [KEEP 32-BIT INS]
     299 0000008c 2000              MOVS      A1, #0                ; [DPU_3_PIPE] |35|  ; [ORIG 16-BIT INS]
     300 0000008e 4291              CMP       A2, A3                ; [DPU_3_PIPE] |35|  ; [ORIG 16-BIT INS]
     301 00000090 D100              BNE       ||$C$L7||             ; [DPU_3_PIPE] |35|  ; [ORIG 16-BIT INS]
     302                            ; BRANCHCC OCCURS {||$C$L7||}    ; [] |35| 
     303                    ;* --------------------------------------------------------------------------*
     304 00000092 2001              MOVS      A1, #1                ; [DPU_3_PIPE] |35|  ; [ORIG 16-BIT INS]
     305                    ;* --------------------------------------------------------------------------*
     306 00000094           ||$C$L7||:    
     307 00000094 B910              CBNZ      A1, ||$C$L8||         ; []  ; [ORIG 16-BIT INS]
     308                            ; BRANCHCC OCCURS {||$C$L8||}    ; [] |35| 
     309                    ;* --------------------------------------------------------------------------*
     310 00000096 A040              ADR       A1, $C$SL2            ; [DPU_3_PIPE] |35|  ; [ORIG 16-BIT INS]
     311                    $C$DW$24        .dwtag  DW_TAG_TI_branch
     312                            .dwattr $C$DW$24, DW_AT_low_pc(0x00)
     313                            .dwattr $C$DW$24, DW_AT_name("_abort_msg")
     314                            .dwattr $C$DW$24, DW_AT_TI_call
     315 00000098 FFFEF7FF!         BL        _abort_msg            ; [DPU_3_PIPE] |35|  ; [KEEP 32-BIT INS]
     316                            ; CALL OCCURS {_abort_msg }      ; [] |35| 
     317                    ;* --------------------------------------------------------------------------*
     318 0000009c           ||$C$L8||:    
     319                            .dwpsn  file "../main.c",line 36,column 5,is_stmt,isa 1
     320 0000009c 9901              LDR       A2, [SP, #4]          ; [DPU_3_PIPE] |36|  ; [ORIG 16-BIT INS]
     321 0000009e 9802              LDR       A1, [SP, #8]          ; [DPU_3_PIPE] |36|  ; [ORIG 16-BIT INS]
     322 000000a0 1840              ADDS      A1, A1, A2            ; [DPU_3_PIPE] |36|  ; [ORIG 16-BIT INS]
     323 000000a2 00FFF000          AND       A1, A1, #255          ; [DPU_3_PIPE] |36|  ; [KEEP 32-BIT INS]
     324 000000a6 9004              STR       A1, [SP, #16]         ; [DPU_3_PIPE] |36|  ; [ORIG 16-BIT INS]
     325                            .dwpsn  file "../main.c",line 38,column 5,is_stmt,isa 1
     326 000000a8 9801              LDR       A1, [SP, #4]          ; [DPU_3_PIPE] |38|  ; [ORIG 16-BIT INS]
     327 000000aa 9902              LDR       A2, [SP, #8]          ; [DPU_3_PIPE] |38|  ; [ORIG 16-BIT INS]
     328 000000ac 5C09              LDRB      A2, [A2, +A1]         ; [DPU_3_PIPE] |38|  ; [ORIG 16-BIT INS]
     329 000000ae 2930              CMP       A2, #48               ; [DPU_3_PIPE] |38|  ; [ORIG 16-BIT INS]
     330 000000b0 0000F04F          MOV       A1, #0                ; [DPU_3_PIPE] |38|  ; [KEEP 32-BIT INS]
TI ARM Assembler PC v5.1.1 Wed Dec 03 21:40:19 2014

Tools Copyright (c) 1996-2013 Texas Instruments Incorporated
C:\Users\Louie\AppData\Local\Temp\5466010                            PAGE    7

     331 000000b4 D100              BNE       ||$C$L9||             ; [DPU_3_PIPE] |38|  ; [ORIG 16-BIT INS]
     332                            ; BRANCHCC OCCURS {||$C$L9||}    ; [] |38| 
     333                    ;* --------------------------------------------------------------------------*
     334 000000b6 2001              MOVS      A1, #1                ; [DPU_3_PIPE] |38|  ; [ORIG 16-BIT INS]
     335                    ;* --------------------------------------------------------------------------*
     336 000000b8           ||$C$L9||:    
     337 000000b8 B918              CBNZ      A1, ||$C$L10||        ; []  ; [ORIG 16-BIT INS]
     338                            ; BRANCHCC OCCURS {||$C$L10||}   ; [] |38| 
     339                    ;* --------------------------------------------------------------------------*
     340 000000ba A046              ADR       A1, $C$SL3            ; [DPU_3_PIPE] |38|  ; [ORIG 16-BIT INS]
     341                    $C$DW$25        .dwtag  DW_TAG_TI_branch
     342                            .dwattr $C$DW$25, DW_AT_low_pc(0x00)
     343                            .dwattr $C$DW$25, DW_AT_name("_abort_msg")
     344                            .dwattr $C$DW$25, DW_AT_TI_call
     345 000000bc FFFEF7FF!         BL        _abort_msg            ; [DPU_3_PIPE] |38|  ; [KEEP 32-BIT INS]
     346                            ; CALL OCCURS {_abort_msg }      ; [] |38| 
     347 000000c0 E7FF              B         ||$C$L10||            ; [DPU_3_PIPE] |38|  ; [ORIG 16-BIT INS]
     348                            ; BRANCH OCCURS {||$C$L10||}     ; [] |38| 
     349                    ;* --------------------------------------------------------------------------*
     350                    ;* --------------------------------------------------------------------------*
     351 000000c2           ||$C$L10||:    
     352 000000c2 B005              ADD       SP, SP, #20           ; [DPU_3_PIPE]  ; [ORIG 16-BIT INS]
     353                            .dwcfi  cfa_offset, 4
     354                    $C$DW$26        .dwtag  DW_TAG_TI_branch
     355                            .dwattr $C$DW$26, DW_AT_low_pc(0x00)
     356                            .dwattr $C$DW$26, DW_AT_TI_return
     357 000000c4 BD00              POP       {PC}                  ; [DPU_3_PIPE]  ; [ORIG 16-BIT INS]
     358                            .dwcfi  cfa_offset, 0
     359                            ; BRANCH OCCURS                  ; [] 
     360                            .dwattr $C$DW$14, DW_AT_TI_end_file("../main.c")
     361                            .dwattr $C$DW$14, DW_AT_TI_end_line(0x27)
     362                            .dwattr $C$DW$14, DW_AT_TI_end_column(0x01)
     363                            .dwendentry
     364                            .dwendtag $C$DW$14
     365                    
     366 000000c6                   .sect   ".text"
     367                            .clink
     368                            .thumbfunc test_copy
     369 000000c6                   .thumb
     370                    
     371                    $C$DW$27        .dwtag  DW_TAG_subprogram, DW_AT_name("test_copy")
     372                            .dwattr $C$DW$27, DW_AT_low_pc(test_copy)
     373                            .dwattr $C$DW$27, DW_AT_high_pc(0x00)
     374                            .dwattr $C$DW$27, DW_AT_TI_symbol_name("test_copy")
     375                            .dwattr $C$DW$27, DW_AT_TI_begin_file("../main.c")
     376                            .dwattr $C$DW$27, DW_AT_TI_begin_line(0x29)
     377                            .dwattr $C$DW$27, DW_AT_TI_begin_column(0x0d)
     378                            .dwattr $C$DW$27, DW_AT_decl_file("../main.c")
     379                            .dwattr $C$DW$27, DW_AT_decl_line(0x29)
     380                            .dwattr $C$DW$27, DW_AT_decl_column(0x0d)
     381                            .dwattr $C$DW$27, DW_AT_TI_max_frame_size(0x10)
     382                            .dwpsn  file "../main.c",line 42,column 1,is_stmt,address test_copy,isa 1
     383                    
     384                            .dwfde $C$DW$CIE, test_copy
     385                    $C$DW$28        .dwtag  DW_TAG_formal_parameter, DW_AT_name("source")
TI ARM Assembler PC v5.1.1 Wed Dec 03 21:40:19 2014

Tools Copyright (c) 1996-2013 Texas Instruments Incorporated
C:\Users\Louie\AppData\Local\Temp\5466010                            PAGE    8

     386                            .dwattr $C$DW$28, DW_AT_TI_symbol_name("source")
     387                            .dwattr $C$DW$28, DW_AT_type(*$C$DW$T$31)
     388                            .dwattr $C$DW$28, DW_AT_location[DW_OP_reg0]
     389                    $C$DW$29        .dwtag  DW_TAG_formal_parameter, DW_AT_name("dest")
     390                            .dwattr $C$DW$29, DW_AT_TI_symbol_name("dest")
     391                            .dwattr $C$DW$29, DW_AT_type(*$C$DW$T$31)
     392                            .dwattr $C$DW$29, DW_AT_location[DW_OP_reg1]
     393                    $C$DW$30        .dwtag  DW_TAG_formal_parameter, DW_AT_name("n")
     394                            .dwattr $C$DW$30, DW_AT_TI_symbol_name("n")
     395                            .dwattr $C$DW$30, DW_AT_type(*$C$DW$T$10)
     396                            .dwattr $C$DW$30, DW_AT_location[DW_OP_reg2]
     397                    
     398                    ;*****************************************************************************
     399                    ;* FUNCTION NAME: test_copy                                                  *
     400                    ;*                                                                           *
     401                    ;*   Regs Modified     : A1,A2,A3,A4,V9,SP,LR,SR,D0,D0_hi,D1,D1_hi,D2,D2_hi, *
     402                    ;*                           D3,D3_hi,D4,D4_hi,D5,D5_hi,D6,D6_hi,D7,D7_hi,   *
     403                    ;*                           FPEXC,FPSCR                                     *
     404                    ;*   Regs Used         : A1,A2,A3,A4,V9,SP,LR,SR,D0,D0_hi,D1,D1_hi,D2,D2_hi, *
     405                    ;*                           D3,D3_hi,D4,D4_hi,D5,D5_hi,D6,D6_hi,D7,D7_hi,   *
     406                    ;*                           FPEXC,FPSCR                                     *
     407                    ;*   Local Frame Size  : 0 Args + 12 Auto + 4 Save = 16 byte                 *
     408                    ;*****************************************************************************
     409 000000c6           test_copy:
     410                    ;* --------------------------------------------------------------------------*
     411                            .dwcfi  cfa_offset, 0
     412 000000c6 B50E              PUSH      {A2, A3, A4, LR}      ; [DPU_3_PIPE]  ; [ORIG 16-BIT INS]
     413                            .dwcfi  cfa_offset, 16
     414                            .dwcfi  save_reg_to_mem, 14, -4
     415                            .dwcfi  save_reg_to_mem, 3, -8
     416                            .dwcfi  save_reg_to_mem, 2, -12
     417                            .dwcfi  save_reg_to_mem, 1, -16
     418                    $C$DW$31        .dwtag  DW_TAG_variable, DW_AT_name("source")
     419                            .dwattr $C$DW$31, DW_AT_TI_symbol_name("source")
     420                            .dwattr $C$DW$31, DW_AT_type(*$C$DW$T$31)
     421                            .dwattr $C$DW$31, DW_AT_location[DW_OP_breg13 0]
     422                    $C$DW$32        .dwtag  DW_TAG_variable, DW_AT_name("dest")
     423                            .dwattr $C$DW$32, DW_AT_TI_symbol_name("dest")
     424                            .dwattr $C$DW$32, DW_AT_type(*$C$DW$T$31)
     425                            .dwattr $C$DW$32, DW_AT_location[DW_OP_breg13 4]
     426                    $C$DW$33        .dwtag  DW_TAG_variable, DW_AT_name("n")
     427                            .dwattr $C$DW$33, DW_AT_TI_symbol_name("n")
     428                            .dwattr $C$DW$33, DW_AT_type(*$C$DW$T$10)
     429                            .dwattr $C$DW$33, DW_AT_location[DW_OP_breg13 8]
     430 000000c8 9202              STR       A3, [SP, #8]          ; [DPU_3_PIPE] |42|  ; [ORIG 16-BIT INS]
     431 000000ca 9101              STR       A2, [SP, #4]          ; [DPU_3_PIPE] |42|  ; [ORIG 16-BIT INS]
     432 000000cc 9000              STR       A1, [SP, #0]          ; [DPU_3_PIPE] |42|  ; [ORIG 16-BIT INS]
     433                            .dwpsn  file "../main.c",line 43,column 3,is_stmt,isa 1
     434 000000ce 9800              LDR       A1, [SP, #0]          ; [DPU_3_PIPE] |43|  ; [ORIG 16-BIT INS]
     435 000000d0 9901              LDR       A2, [SP, #4]          ; [DPU_3_PIPE] |43|  ; [ORIG 16-BIT INS]
     436                    $C$DW$34        .dwtag  DW_TAG_TI_branch
     437                            .dwattr $C$DW$34, DW_AT_low_pc(0x00)
     438                            .dwattr $C$DW$34, DW_AT_name("strcpy_arm16")
     439                            .dwattr $C$DW$34, DW_AT_TI_call
     440 000000d2 FFFEF7FF!         BL        strcpy_arm16          ; [DPU_3_PIPE] |43|  ; [KEEP 32-BIT INS]
TI ARM Assembler PC v5.1.1 Wed Dec 03 21:40:19 2014

Tools Copyright (c) 1996-2013 Texas Instruments Incorporated
C:\Users\Louie\AppData\Local\Temp\5466010                            PAGE    9

     441                            ; CALL OCCURS {strcpy_arm16 }    ; [] |43| 
     442                            .dwpsn  file "../main.c",line 44,column 3,is_stmt,isa 1
     443 000000d6 9800              LDR       A1, [SP, #0]          ; [DPU_3_PIPE] |44|  ; [ORIG 16-BIT INS]
     444 000000d8 9901              LDR       A2, [SP, #4]          ; [DPU_3_PIPE] |44|  ; [ORIG 16-BIT INS]
     445 000000da 9A02              LDR       A3, [SP, #8]          ; [DPU_3_PIPE] |44|  ; [ORIG 16-BIT INS]
     446                    $C$DW$35        .dwtag  DW_TAG_TI_branch
     447                            .dwattr $C$DW$35, DW_AT_low_pc(0x00)
     448                            .dwattr $C$DW$35, DW_AT_name("verify")
     449                            .dwattr $C$DW$35, DW_AT_TI_call
     450 000000dc FFA8F7FF          BL        verify                ; [DPU_3_PIPE] |44|  ; [KEEP 32-BIT INS]
     451                            ; CALL OCCURS {verify }          ; [] |44| 
     452                            .dwpsn  file "../main.c",line 45,column 1,is_stmt,isa 1
     453                    $C$DW$36        .dwtag  DW_TAG_TI_branch
     454                            .dwattr $C$DW$36, DW_AT_low_pc(0x00)
     455                            .dwattr $C$DW$36, DW_AT_TI_return
     456 000000e0 BD0E              POP       {A2, A3, A4, PC}      ; [DPU_3_PIPE]  ; [ORIG 16-BIT INS]
     457                            .dwcfi  cfa_offset, 0
     458                            ; BRANCH OCCURS                  ; [] 
     459                            .dwattr $C$DW$27, DW_AT_TI_end_file("../main.c")
     460                            .dwattr $C$DW$27, DW_AT_TI_end_line(0x2d)
     461                            .dwattr $C$DW$27, DW_AT_TI_end_column(0x01)
     462                            .dwendentry
     463                            .dwendtag $C$DW$27
     464                    
     465 000000e2                   .sect   ".text"
     466                            .clink
     467                            .thumbfunc main
     468 000000e2                   .thumb
     469                            .global main
     470                    
     471                    $C$DW$37        .dwtag  DW_TAG_subprogram, DW_AT_name("main")
     472                            .dwattr $C$DW$37, DW_AT_low_pc(main)
     473                            .dwattr $C$DW$37, DW_AT_high_pc(0x00)
     474                            .dwattr $C$DW$37, DW_AT_TI_symbol_name("main")
     475                            .dwattr $C$DW$37, DW_AT_external
     476                            .dwattr $C$DW$37, DW_AT_type(*$C$DW$T$10)
     477                            .dwattr $C$DW$37, DW_AT_TI_begin_file("../main.c")
     478                            .dwattr $C$DW$37, DW_AT_TI_begin_line(0x2f)
     479                            .dwattr $C$DW$37, DW_AT_TI_begin_column(0x05)
     480                            .dwattr $C$DW$37, DW_AT_decl_file("../main.c")
     481                            .dwattr $C$DW$37, DW_AT_decl_line(0x2f)
     482                            .dwattr $C$DW$37, DW_AT_decl_column(0x05)
     483                            .dwattr $C$DW$37, DW_AT_TI_max_frame_size(0x18)
     484                            .dwpsn  file "../main.c",line 48,column 1,is_stmt,address main,isa 1
     485                    
     486                            .dwfde $C$DW$CIE, main
     487                    
     488                    ;*****************************************************************************
     489                    ;* FUNCTION NAME: main                                                       *
     490                    ;*                                                                           *
     491                    ;*   Regs Modified     : A1,A2,A3,A4,V9,SP,LR,SR,D0,D0_hi,D1,D1_hi,D2,D2_hi, *
     492                    ;*                           D3,D3_hi,D4,D4_hi,D5,D5_hi,D6,D6_hi,D7,D7_hi,   *
     493                    ;*                           FPEXC,FPSCR                                     *
     494                    ;*   Regs Used         : A1,A2,A3,A4,V9,SP,LR,SR,D0,D0_hi,D1,D1_hi,D2,D2_hi, *
     495                    ;*                           D3,D3_hi,D4,D4_hi,D5,D5_hi,D6,D6_hi,D7,D7_hi,   *
TI ARM Assembler PC v5.1.1 Wed Dec 03 21:40:19 2014

Tools Copyright (c) 1996-2013 Texas Instruments Incorporated
C:\Users\Louie\AppData\Local\Temp\5466010                            PAGE   10

     496                    ;*                           FPEXC,FPSCR                                     *
     497                    ;*   Local Frame Size  : 0 Args + 20 Auto + 4 Save = 24 byte                 *
     498                    ;*****************************************************************************
     499 000000e2           main:
     500                    ;* --------------------------------------------------------------------------*
     501                            .dwcfi  cfa_offset, 0
     502 000000e2 B500              PUSH      {LR}                  ; [DPU_3_PIPE]  ; [ORIG 16-BIT INS]
     503                            .dwcfi  cfa_offset, 4
     504                            .dwcfi  save_reg_to_mem, 14, -4
     505 000000e4 0D14F1AD          SUB       SP, SP, #20           ; [DPU_3_PIPE]  ; [KEEP 32-BIT INS]
     506                            .dwcfi  cfa_offset, 24
     507                    $C$DW$38        .dwtag  DW_TAG_variable, DW_AT_name("i")
     508                            .dwattr $C$DW$38, DW_AT_TI_symbol_name("i")
     509                            .dwattr $C$DW$38, DW_AT_type(*$C$DW$T$10)
     510                            .dwattr $C$DW$38, DW_AT_location[DW_OP_breg13 0]
     511                    $C$DW$39        .dwtag  DW_TAG_variable, DW_AT_name("n")
     512                            .dwattr $C$DW$39, DW_AT_TI_symbol_name("n")
     513                            .dwattr $C$DW$39, DW_AT_type(*$C$DW$T$10)
     514                            .dwattr $C$DW$39, DW_AT_location[DW_OP_breg13 4]
     515                    $C$DW$40        .dwtag  DW_TAG_variable, DW_AT_name("end")
     516                            .dwattr $C$DW$40, DW_AT_TI_symbol_name("end")
     517                            .dwattr $C$DW$40, DW_AT_type(*$C$DW$T$10)
     518                            .dwattr $C$DW$40, DW_AT_location[DW_OP_breg13 8]
     519                    $C$DW$41        .dwtag  DW_TAG_variable, DW_AT_name("source")
     520                            .dwattr $C$DW$41, DW_AT_TI_symbol_name("source")
     521                            .dwattr $C$DW$41, DW_AT_type(*$C$DW$T$31)
     522                            .dwattr $C$DW$41, DW_AT_location[DW_OP_breg13 12]
     523                    $C$DW$42        .dwtag  DW_TAG_variable, DW_AT_name("dest")
     524                            .dwattr $C$DW$42, DW_AT_TI_symbol_name("dest")
     525                            .dwattr $C$DW$42, DW_AT_type(*$C$DW$T$31)
     526                            .dwattr $C$DW$42, DW_AT_location[DW_OP_breg13 16]
     527                            .dwpsn  file "../main.c",line 52,column 9,is_stmt,isa 1
     528 000000e8 2000              MOVS      A1, #0                ; [DPU_3_PIPE] |52|  ; [ORIG 16-BIT INS]
     529 000000ea 9000              STR       A1, [SP, #0]          ; [DPU_3_PIPE] |52|  ; [ORIG 16-BIT INS]
     530                            .dwpsn  file "../main.c",line 52,column 16,is_stmt,isa 1
     531 000000ec 9800              LDR       A1, [SP, #0]          ; [DPU_3_PIPE] |52|  ; [ORIG 16-BIT INS]
     532 000000ee 7F7AF5B0          CMP       A1, #1000             ; [DPU_3_PIPE] |52|  ; [KEEP 32-BIT INS]
     533 000000f2 DA30              BGE       ||$C$L12||            ; [DPU_3_PIPE] |52|  ; [ORIG 16-BIT INS]
     534                            ; BRANCHCC OCCURS {||$C$L12||}   ; [] |52| 
     535                    ;* --------------------------------------------------------------------------*
     536                    ;*   BEGIN LOOP ||$C$L11||
     537                    ;*
     538                    ;*   Loop source line                : 52
     539                    ;*   Loop closing brace source line  : 67
     540                    ;*   Known Minimum Trip Count        : 1
     541                    ;*   Known Maximum Trip Count        : 4294967295
     542                    ;*   Known Max Trip Count Factor     : 1
     543                    ;* --------------------------------------------------------------------------*
     544 000000f4           ||$C$L11||:    
     545                            .dwpsn  file "../main.c",line 54,column 9,is_stmt,isa 1
     546 000000f4 4847              LDR       A1, $C$CON1           ; [DPU_3_PIPE] |54|  ; [ORIG 16-BIT INS]
     547                    $C$DW$43        .dwtag  DW_TAG_TI_branch
     548                            .dwattr $C$DW$43, DW_AT_low_pc(0x00)
     549                            .dwattr $C$DW$43, DW_AT_name("wipe")
     550                            .dwattr $C$DW$43, DW_AT_TI_call
TI ARM Assembler PC v5.1.1 Wed Dec 03 21:40:19 2014

Tools Copyright (c) 1996-2013 Texas Instruments Incorporated
C:\Users\Louie\AppData\Local\Temp\5466010                            PAGE   11

     551 000000f6 FF83F7FF          BL        wipe                  ; [DPU_3_PIPE] |54|  ; [KEEP 32-BIT INS]
     552                            ; CALL OCCURS {wipe }            ; [] |54| 
     553                            .dwpsn  file "../main.c",line 57,column 9,is_stmt,isa 1
     554                    $C$DW$44        .dwtag  DW_TAG_TI_branch
     555                            .dwattr $C$DW$44, DW_AT_low_pc(0x00)
     556                            .dwattr $C$DW$44, DW_AT_name("rand")
     557                            .dwattr $C$DW$44, DW_AT_TI_call
     558 000000fa FFFEF7FF!         BL        rand                  ; [DPU_3_PIPE] |57|  ; [KEEP 32-BIT INS]
     559                            ; CALL OCCURS {rand }            ; [] |57| 
     560 000000fe 0009F3C0          UBFX      A1, A1, #0, #10       ; [DPU_3_PIPE] |57|  ; [KEEP 32-BIT INS]
     561 00000102 1C40              ADDS      A1, A1, #1            ; [DPU_3_PIPE] |57|  ; [ORIG 16-BIT INS]
     562 00000104 9001              STR       A1, [SP, #4]          ; [DPU_3_PIPE] |57|  ; [ORIG 16-BIT INS]
     563                            .dwpsn  file "../main.c",line 59,column 9,is_stmt,isa 1
     564                    $C$DW$45        .dwtag  DW_TAG_TI_branch
     565                            .dwattr $C$DW$45, DW_AT_low_pc(0x00)
     566                            .dwattr $C$DW$45, DW_AT_name("rand")
     567                            .dwattr $C$DW$45, DW_AT_TI_call
     568 00000106 FFFEF7FF!         BL        rand                  ; [DPU_3_PIPE] |59|  ; [KEEP 32-BIT INS]
     569                            ; CALL OCCURS {rand }            ; [] |59| 
     570 0000010a 9A01              LDR       A3, [SP, #4]          ; [DPU_3_PIPE] |59|  ; [ORIG 16-BIT INS]
     571 0000010c 4B41              LDR       A4, $C$CON1           ; [DPU_3_PIPE] |59|  ; [ORIG 16-BIT INS]
     572 0000010e 5100F44F          MOV       A2, #8192             ; [DPU_3_PIPE] |59|  ; [KEEP 32-BIT INS]
     573 00000112 0142EBA1          SUB       A2, A2, A3, LSL #1    ; [DPU_3_PIPE] |59|  ; [KEEP 32-BIT INS]
     574 00000116 3914              SUBS      A2, A2, #20           ; [DPU_3_PIPE] |59|  ; [ORIG 16-BIT INS]
     575 00000118 F2F1FB90          SDIV      A3, A1, A2            ; [DPU_3_PIPE] |59|  ; [KEEP 32-BIT INS]
     576 0000011c 434A              MULS      A3, A3, A2            ; [DPU_3_PIPE] |59|  ; [ORIG 16-BIT INS]
     577 0000011e 1A80              SUBS      A1, A1, A3            ; [DPU_3_PIPE] |59|  ; [ORIG 16-BIT INS]
     578 00000120 181B              ADDS      A4, A4, A1            ; [DPU_3_PIPE] |59|  ; [ORIG 16-BIT INS]
     579 00000122 9303              STR       A4, [SP, #12]         ; [DPU_3_PIPE] |59|  ; [ORIG 16-BIT INS]
     580                            .dwpsn  file "../main.c",line 60,column 9,is_stmt,isa 1
     581 00000124 9801              LDR       A1, [SP, #4]          ; [DPU_3_PIPE] |60|  ; [ORIG 16-BIT INS]
     582 00000126 9903              LDR       A2, [SP, #12]         ; [DPU_3_PIPE] |60|  ; [ORIG 16-BIT INS]
     583 00000128 1840              ADDS      A1, A1, A2            ; [DPU_3_PIPE] |60|  ; [ORIG 16-BIT INS]
     584 0000012a 300A              ADDS      A1, A1, #10           ; [DPU_3_PIPE] |60|  ; [ORIG 16-BIT INS]
     585 0000012c 9004              STR       A1, [SP, #16]         ; [DPU_3_PIPE] |60|  ; [ORIG 16-BIT INS]
     586                            .dwpsn  file "../main.c",line 63,column 9,is_stmt,isa 1
     587 0000012e 9801              LDR       A1, [SP, #4]          ; [DPU_3_PIPE] |63|  ; [ORIG 16-BIT INS]
     588 00000130 9903              LDR       A2, [SP, #12]         ; [DPU_3_PIPE] |63|  ; [ORIG 16-BIT INS]
     589 00000132 1840              ADDS      A1, A1, A2            ; [DPU_3_PIPE] |63|  ; [ORIG 16-BIT INS]
     590 00000134 9002              STR       A1, [SP, #8]          ; [DPU_3_PIPE] |63|  ; [ORIG 16-BIT INS]
     591                            .dwpsn  file "../main.c",line 64,column 9,is_stmt,isa 1
     592 00000136 4A37              LDR       A3, $C$CON1           ; [DPU_3_PIPE] |64|  ; [ORIG 16-BIT INS]
     593 00000138 9802              LDR       A1, [SP, #8]          ; [DPU_3_PIPE] |64|  ; [ORIG 16-BIT INS]
     594 0000013a 2130              MOVS      A2, #48               ; [DPU_3_PIPE] |64|  ; [ORIG 16-BIT INS]
     595 0000013c 5411              STRB      A2, [A3, +A1]         ; [DPU_3_PIPE] |64|  ; [ORIG 16-BIT INS]
     596                            .dwpsn  file "../main.c",line 66,column 9,is_stmt,isa 1
     597 0000013e 9A01              LDR       A3, [SP, #4]          ; [DPU_3_PIPE] |66|  ; [ORIG 16-BIT INS]
     598 00000140 9904              LDR       A2, [SP, #16]         ; [DPU_3_PIPE] |66|  ; [ORIG 16-BIT INS]
     599 00000142 9803              LDR       A1, [SP, #12]         ; [DPU_3_PIPE] |66|  ; [ORIG 16-BIT INS]
     600                    $C$DW$46        .dwtag  DW_TAG_TI_branch
     601                            .dwattr $C$DW$46, DW_AT_low_pc(0x00)
     602                            .dwattr $C$DW$46, DW_AT_name("test_copy")
     603                            .dwattr $C$DW$46, DW_AT_TI_call
     604 00000144 FFBFF7FF          BL        test_copy             ; [DPU_3_PIPE] |66|  ; [KEEP 32-BIT INS]
     605                            ; CALL OCCURS {test_copy }       ; [] |66| 
TI ARM Assembler PC v5.1.1 Wed Dec 03 21:40:19 2014

Tools Copyright (c) 1996-2013 Texas Instruments Incorporated
C:\Users\Louie\AppData\Local\Temp\5466010                            PAGE   12

     606                            .dwpsn  file "../main.c",line 52,column 26,is_stmt,isa 1
     607 00000148 9800              LDR       A1, [SP, #0]          ; [DPU_3_PIPE] |52|  ; [ORIG 16-BIT INS]
     608 0000014a 1C40              ADDS      A1, A1, #1            ; [DPU_3_PIPE] |52|  ; [ORIG 16-BIT INS]
     609 0000014c 9000              STR       A1, [SP, #0]          ; [DPU_3_PIPE] |52|  ; [ORIG 16-BIT INS]
     610                            .dwpsn  file "../main.c",line 52,column 16,is_stmt,isa 1
     611 0000014e 9800              LDR       A1, [SP, #0]          ; [DPU_3_PIPE] |52|  ; [ORIG 16-BIT INS]
     612 00000150 7F7AF5B0          CMP       A1, #1000             ; [DPU_3_PIPE] |52|  ; [KEEP 32-BIT INS]
     613 00000154 DBCE              BLT       ||$C$L11||            ; [DPU_3_PIPE] |52|  ; [ORIG 16-BIT INS]
     614                            ; BRANCHCC OCCURS {||$C$L11||}   ; [] |52| 
     615                    ;* --------------------------------------------------------------------------*
     616 00000156           ||$C$L12||:    
     617                            .dwpsn  file "../main.c",line 68,column 5,is_stmt,isa 1
     618 00000156 2000              MOVS      A1, #0                ; [DPU_3_PIPE] |68|  ; [ORIG 16-BIT INS]
     619                            .dwpsn  file "../main.c",line 69,column 1,is_stmt,isa 1
     620 00000158 B005              ADD       SP, SP, #20           ; [DPU_3_PIPE]  ; [ORIG 16-BIT INS]
     621                            .dwcfi  cfa_offset, 4
     622                    $C$DW$47        .dwtag  DW_TAG_TI_branch
     623                            .dwattr $C$DW$47, DW_AT_low_pc(0x00)
     624                            .dwattr $C$DW$47, DW_AT_TI_return
     625 0000015a BD00              POP       {PC}                  ; [DPU_3_PIPE]  ; [ORIG 16-BIT INS]
     626                            .dwcfi  cfa_offset, 0
     627                            ; BRANCH OCCURS                  ; [] 
     628                            .dwattr $C$DW$37, DW_AT_TI_end_file("../main.c")
     629                            .dwattr $C$DW$37, DW_AT_TI_end_line(0x45)
     630                            .dwattr $C$DW$37, DW_AT_TI_end_column(0x01)
     631                            .dwendentry
     632                            .dwendtag $C$DW$37
     633                    
     634                    ;******************************************************************************
     635                    ;* STRINGS                                                                    *
     636                    ;******************************************************************************
     637 0000015c                   .sect   ".text"
     638                            .align  4
     639 0000015c 41        ||$C$SL1||:     .string "Assertion failed, (dest[i] == t), file ../main.c, line 32",10
         0000015d 73       
         0000015e 73       
         0000015f 65       
         00000160 72       
         00000161 74       
         00000162 69       
         00000163 6F       
         00000164 6E       
         00000165 20       
         00000166 66       
         00000167 61       
         00000168 69       
         00000169 6C       
         0000016a 65       
         0000016b 64       
         0000016c 2C       
         0000016d 20       
         0000016e 28       
         0000016f 64       
         00000170 65       
         00000171 73       
TI ARM Assembler PC v5.1.1 Wed Dec 03 21:40:19 2014

Tools Copyright (c) 1996-2013 Texas Instruments Incorporated
C:\Users\Louie\AppData\Local\Temp\5466010                            PAGE   13

         00000172 74       
         00000173 5B       
         00000174 69       
         00000175 5D       
         00000176 20       
         00000177 3D       
         00000178 3D       
         00000179 20       
         0000017a 74       
         0000017b 29       
         0000017c 2C       
         0000017d 20       
         0000017e 66       
         0000017f 69       
         00000180 6C       
         00000181 65       
         00000182 20       
         00000183 2E       
         00000184 2E       
         00000185 2F       
         00000186 6D       
         00000187 61       
         00000188 69       
         00000189 6E       
         0000018a 2E       
         0000018b 63       
         0000018c 2C       
         0000018d 20       
         0000018e 6C       
         0000018f 69       
         00000190 6E       
         00000191 65       
         00000192 20       
         00000193 33       
         00000194 32       
         00000195 0A       
     640 00000196 00                .string 0
     641                            .align  4
     642 00000198 41        ||$C$SL2||:     .string "Assertion failed, (dest[-1] == t), file ../main.c, line 35",10
         00000199 73       
         0000019a 73       
         0000019b 65       
         0000019c 72       
         0000019d 74       
         0000019e 69       
         0000019f 6F       
         000001a0 6E       
         000001a1 20       
         000001a2 66       
         000001a3 61       
         000001a4 69       
         000001a5 6C       
         000001a6 65       
         000001a7 64       
         000001a8 2C       
TI ARM Assembler PC v5.1.1 Wed Dec 03 21:40:19 2014

Tools Copyright (c) 1996-2013 Texas Instruments Incorporated
C:\Users\Louie\AppData\Local\Temp\5466010                            PAGE   14

         000001a9 20       
         000001aa 28       
         000001ab 64       
         000001ac 65       
         000001ad 73       
         000001ae 74       
         000001af 5B       
         000001b0 2D       
         000001b1 31       
         000001b2 5D       
         000001b3 20       
         000001b4 3D       
         000001b5 3D       
         000001b6 20       
         000001b7 74       
         000001b8 29       
         000001b9 2C       
         000001ba 20       
         000001bb 66       
         000001bc 69       
         000001bd 6C       
         000001be 65       
         000001bf 20       
         000001c0 2E       
         000001c1 2E       
         000001c2 2F       
         000001c3 6D       
         000001c4 61       
         000001c5 69       
         000001c6 6E       
         000001c7 2E       
         000001c8 63       
         000001c9 2C       
         000001ca 20       
         000001cb 6C       
         000001cc 69       
         000001cd 6E       
         000001ce 65       
         000001cf 20       
         000001d0 33       
         000001d1 35       
         000001d2 0A       
     643 000001d3 00                .string 0
     644                            .align  4
     645 000001d4 41        ||$C$SL3||:     .string "Assertion failed, (dest[n] == '0'), file ../main.c, line 38"
         000001d5 73       
         000001d6 73       
         000001d7 65       
         000001d8 72       
         000001d9 74       
         000001da 69       
         000001db 6F       
         000001dc 6E       
         000001dd 20       
         000001de 66       
TI ARM Assembler PC v5.1.1 Wed Dec 03 21:40:19 2014

Tools Copyright (c) 1996-2013 Texas Instruments Incorporated
C:\Users\Louie\AppData\Local\Temp\5466010                            PAGE   15

         000001df 61       
         000001e0 69       
         000001e1 6C       
         000001e2 65       
         000001e3 64       
         000001e4 2C       
         000001e5 20       
         000001e6 28       
         000001e7 64       
         000001e8 65       
         000001e9 73       
         000001ea 74       
         000001eb 5B       
         000001ec 6E       
         000001ed 5D       
         000001ee 20       
         000001ef 3D       
         000001f0 3D       
         000001f1 20       
         000001f2 27       
         000001f3 30       
         000001f4 27       
         000001f5 29       
         000001f6 2C       
         000001f7 20       
         000001f8 66       
         000001f9 69       
         000001fa 6C       
         000001fb 65       
         000001fc 20       
         000001fd 2E       
         000001fe 2E       
         000001ff 2F       
         00000200 6D       
         00000201 61       
         00000202 69       
         00000203 6E       
         00000204 2E       
         00000205 63       
         00000206 2C       
         00000207 20       
         00000208 6C       
         00000209 69       
         0000020a 6E       
         0000020b 65       
         0000020c 20       
         0000020d 33       
         0000020e 38       
     646 0000020f 0A                .string 10,0
         00000210 00       
     647                    ;******************************************************************************
     648                    ;* CONSTANT TABLE                                                             *
     649                    ;******************************************************************************
     650 00000211                   .sect   ".text"
     651                            .align  4
TI ARM Assembler PC v5.1.1 Wed Dec 03 21:40:19 2014

Tools Copyright (c) 1996-2013 Texas Instruments Incorporated
C:\Users\Louie\AppData\Local\Temp\5466010                            PAGE   16

     652 00000214 00000000! ||$C$CON1||:    .bits   memory,32
     653                    ;*****************************************************************************
     654                    ;* UNDEFINED EXTERNAL REFERENCES                                             *
     655                    ;*****************************************************************************
     656                            .global rand
     657                            .global strcpy_arm16
     658                            .global _abort_msg
     659                    
     660                    ;******************************************************************************
     661                    ;* BUILD ATTRIBUTES                                                           *
     662                    ;******************************************************************************
     663                            .battr "aeabi", Tag_File, 1, Tag_ABI_PCS_wchar_t(2)
     664                            .battr "aeabi", Tag_File, 1, Tag_ABI_FP_rounding(0)
     665                            .battr "aeabi", Tag_File, 1, Tag_ABI_FP_denormal(0)
     666                            .battr "aeabi", Tag_File, 1, Tag_ABI_FP_exceptions(0)
     667                            .battr "aeabi", Tag_File, 1, Tag_ABI_FP_number_model(1)
     668                            .battr "aeabi", Tag_File, 1, Tag_ABI_enum_size(0)
     669                            .battr "aeabi", Tag_File, 1, Tag_ABI_optimization_goals(5)
     670                            .battr "aeabi", Tag_File, 1, Tag_ABI_FP_optimization_goals(0)
     671                            .battr "TI", Tag_File, 1, Tag_Bitfield_layout(2)
     672                            .battr "TI", Tag_File, 1, Tag_FP_interface(1)
     673                    
     674                    ;******************************************************************************
     675                    ;* TYPE INFORMATION                                                           *
     676                    ;******************************************************************************
     677                    
     678                    $C$DW$T$19      .dwtag  DW_TAG_structure_type
     679                            .dwattr $C$DW$T$19, DW_AT_byte_size(0x08)
     680                    $C$DW$48        .dwtag  DW_TAG_member
     681                            .dwattr $C$DW$48, DW_AT_type(*$C$DW$T$10)
     682                            .dwattr $C$DW$48, DW_AT_name("quot")
     683                            .dwattr $C$DW$48, DW_AT_TI_symbol_name("quot")
     684                            .dwattr $C$DW$48, DW_AT_data_member_location[DW_OP_plus_uconst 0x0]
     685                            .dwattr $C$DW$48, DW_AT_accessibility(DW_ACCESS_public)
     686                            .dwattr $C$DW$48, DW_AT_decl_file("D:/ti/ccsv5/tools/compiler/arm_5.1.1/include/stdlib.h")
     687                            .dwattr $C$DW$48, DW_AT_decl_line(0x50)
     688                            .dwattr $C$DW$48, DW_AT_decl_column(0x16)
     689                    $C$DW$49        .dwtag  DW_TAG_member
     690                            .dwattr $C$DW$49, DW_AT_type(*$C$DW$T$10)
     691                            .dwattr $C$DW$49, DW_AT_name("rem")
     692                            .dwattr $C$DW$49, DW_AT_TI_symbol_name("rem")
     693                            .dwattr $C$DW$49, DW_AT_data_member_location[DW_OP_plus_uconst 0x4]
     694                            .dwattr $C$DW$49, DW_AT_accessibility(DW_ACCESS_public)
     695                            .dwattr $C$DW$49, DW_AT_decl_file("D:/ti/ccsv5/tools/compiler/arm_5.1.1/include/stdlib.h")
     696                            .dwattr $C$DW$49, DW_AT_decl_line(0x50)
     697                            .dwattr $C$DW$49, DW_AT_decl_column(0x1c)
     698                            .dwendtag $C$DW$T$19
     699                    
     700                            .dwattr $C$DW$T$19, DW_AT_decl_file("D:/ti/ccsv5/tools/compiler/arm_5.1.1/include/stdlib.h")
     701                            .dwattr $C$DW$T$19, DW_AT_decl_line(0x50)
     702                            .dwattr $C$DW$T$19, DW_AT_decl_column(0x10)
     703                    $C$DW$T$22      .dwtag  DW_TAG_typedef, DW_AT_name("div_t")
     704                            .dwattr $C$DW$T$22, DW_AT_type(*$C$DW$T$19)
     705                            .dwattr $C$DW$T$22, DW_AT_language(DW_LANG_C)
     706                            .dwattr $C$DW$T$22, DW_AT_decl_file("D:/ti/ccsv5/tools/compiler/arm_5.1.1/include/stdlib.h")
TI ARM Assembler PC v5.1.1 Wed Dec 03 21:40:19 2014

Tools Copyright (c) 1996-2013 Texas Instruments Incorporated
C:\Users\Louie\AppData\Local\Temp\5466010                            PAGE   17

     707                            .dwattr $C$DW$T$22, DW_AT_decl_line(0x50)
     708                            .dwattr $C$DW$T$22, DW_AT_decl_column(0x23)
     709                    
     710                    $C$DW$T$20      .dwtag  DW_TAG_structure_type
     711                            .dwattr $C$DW$T$20, DW_AT_byte_size(0x08)
     712                    $C$DW$50        .dwtag  DW_TAG_member
     713                            .dwattr $C$DW$50, DW_AT_type(*$C$DW$T$10)
     714                            .dwattr $C$DW$50, DW_AT_name("quot")
     715                            .dwattr $C$DW$50, DW_AT_TI_symbol_name("quot")
     716                            .dwattr $C$DW$50, DW_AT_data_member_location[DW_OP_plus_uconst 0x0]
     717                            .dwattr $C$DW$50, DW_AT_accessibility(DW_ACCESS_public)
     718                            .dwattr $C$DW$50, DW_AT_decl_file("D:/ti/ccsv5/tools/compiler/arm_5.1.1/include/stdlib.h")
     719                            .dwattr $C$DW$50, DW_AT_decl_line(0x52)
     720                            .dwattr $C$DW$50, DW_AT_decl_column(0x16)
     721                    $C$DW$51        .dwtag  DW_TAG_member
     722                            .dwattr $C$DW$51, DW_AT_type(*$C$DW$T$10)
     723                            .dwattr $C$DW$51, DW_AT_name("rem")
     724                            .dwattr $C$DW$51, DW_AT_TI_symbol_name("rem")
     725                            .dwattr $C$DW$51, DW_AT_data_member_location[DW_OP_plus_uconst 0x4]
     726                            .dwattr $C$DW$51, DW_AT_accessibility(DW_ACCESS_public)
     727                            .dwattr $C$DW$51, DW_AT_decl_file("D:/ti/ccsv5/tools/compiler/arm_5.1.1/include/stdlib.h")
     728                            .dwattr $C$DW$51, DW_AT_decl_line(0x52)
     729                            .dwattr $C$DW$51, DW_AT_decl_column(0x1c)
     730                            .dwendtag $C$DW$T$20
     731                    
     732                            .dwattr $C$DW$T$20, DW_AT_decl_file("D:/ti/ccsv5/tools/compiler/arm_5.1.1/include/stdlib.h")
     733                            .dwattr $C$DW$T$20, DW_AT_decl_line(0x52)
     734                            .dwattr $C$DW$T$20, DW_AT_decl_column(0x10)
     735                    $C$DW$T$23      .dwtag  DW_TAG_typedef, DW_AT_name("ldiv_t")
     736                            .dwattr $C$DW$T$23, DW_AT_type(*$C$DW$T$20)
     737                            .dwattr $C$DW$T$23, DW_AT_language(DW_LANG_C)
     738                            .dwattr $C$DW$T$23, DW_AT_decl_file("D:/ti/ccsv5/tools/compiler/arm_5.1.1/include/stdlib.h")
     739                            .dwattr $C$DW$T$23, DW_AT_decl_line(0x52)
     740                            .dwattr $C$DW$T$23, DW_AT_decl_column(0x23)
     741                    
     742                    $C$DW$T$21      .dwtag  DW_TAG_structure_type
     743                            .dwattr $C$DW$T$21, DW_AT_byte_size(0x10)
     744                    $C$DW$52        .dwtag  DW_TAG_member
     745                            .dwattr $C$DW$52, DW_AT_type(*$C$DW$T$14)
     746                            .dwattr $C$DW$52, DW_AT_name("quot")
     747                            .dwattr $C$DW$52, DW_AT_TI_symbol_name("quot")
     748                            .dwattr $C$DW$52, DW_AT_data_member_location[DW_OP_plus_uconst 0x0]
     749                            .dwattr $C$DW$52, DW_AT_accessibility(DW_ACCESS_public)
     750                            .dwattr $C$DW$52, DW_AT_decl_file("D:/ti/ccsv5/tools/compiler/arm_5.1.1/include/stdlib.h")
     751                            .dwattr $C$DW$52, DW_AT_decl_line(0x55)
     752                            .dwattr $C$DW$52, DW_AT_decl_column(0x1c)
     753                    $C$DW$53        .dwtag  DW_TAG_member
     754                            .dwattr $C$DW$53, DW_AT_type(*$C$DW$T$14)
     755                            .dwattr $C$DW$53, DW_AT_name("rem")
     756                            .dwattr $C$DW$53, DW_AT_TI_symbol_name("rem")
     757                            .dwattr $C$DW$53, DW_AT_data_member_location[DW_OP_plus_uconst 0x8]
     758                            .dwattr $C$DW$53, DW_AT_accessibility(DW_ACCESS_public)
     759                            .dwattr $C$DW$53, DW_AT_decl_file("D:/ti/ccsv5/tools/compiler/arm_5.1.1/include/stdlib.h")
     760                            .dwattr $C$DW$53, DW_AT_decl_line(0x55)
     761                            .dwattr $C$DW$53, DW_AT_decl_column(0x22)
TI ARM Assembler PC v5.1.1 Wed Dec 03 21:40:19 2014

Tools Copyright (c) 1996-2013 Texas Instruments Incorporated
C:\Users\Louie\AppData\Local\Temp\5466010                            PAGE   18

     762                            .dwendtag $C$DW$T$21
     763                    
     764                            .dwattr $C$DW$T$21, DW_AT_decl_file("D:/ti/ccsv5/tools/compiler/arm_5.1.1/include/stdlib.h")
     765                            .dwattr $C$DW$T$21, DW_AT_decl_line(0x55)
     766                            .dwattr $C$DW$T$21, DW_AT_decl_column(0x10)
     767                    $C$DW$T$24      .dwtag  DW_TAG_typedef, DW_AT_name("lldiv_t")
     768                            .dwattr $C$DW$T$24, DW_AT_type(*$C$DW$T$21)
     769                            .dwattr $C$DW$T$24, DW_AT_language(DW_LANG_C)
     770                            .dwattr $C$DW$T$24, DW_AT_decl_file("D:/ti/ccsv5/tools/compiler/arm_5.1.1/include/stdlib.h")
     771                            .dwattr $C$DW$T$24, DW_AT_decl_line(0x55)
     772                            .dwattr $C$DW$T$24, DW_AT_decl_column(0x29)
     773                    $C$DW$T$2       .dwtag  DW_TAG_unspecified_type
     774                            .dwattr $C$DW$T$2, DW_AT_name("void")
     775                    $C$DW$T$3       .dwtag  DW_TAG_pointer_type
     776                            .dwattr $C$DW$T$3, DW_AT_type(*$C$DW$T$2)
     777                            .dwattr $C$DW$T$3, DW_AT_address_class(0x20)
     778                    
     779                    $C$DW$T$36      .dwtag  DW_TAG_subroutine_type
     780                            .dwattr $C$DW$T$36, DW_AT_language(DW_LANG_C)
     781                    $C$DW$T$37      .dwtag  DW_TAG_pointer_type
     782                            .dwattr $C$DW$T$37, DW_AT_type(*$C$DW$T$36)
     783                            .dwattr $C$DW$T$37, DW_AT_address_class(0x20)
     784                    $C$DW$T$38      .dwtag  DW_TAG_typedef, DW_AT_name("__TI_atexit_fn")
     785                            .dwattr $C$DW$T$38, DW_AT_type(*$C$DW$T$37)
     786                            .dwattr $C$DW$T$38, DW_AT_language(DW_LANG_C)
     787                            .dwattr $C$DW$T$38, DW_AT_decl_file("D:/ti/ccsv5/tools/compiler/arm_5.1.1/include/stdlib.h")
     788                            .dwattr $C$DW$T$38, DW_AT_decl_line(0xa3)
     789                            .dwattr $C$DW$T$38, DW_AT_decl_column(0x14)
     790                    $C$DW$T$39      .dwtag  DW_TAG_const_type
     791                            .dwattr $C$DW$T$39, DW_AT_type(*$C$DW$T$2)
     792                    $C$DW$T$40      .dwtag  DW_TAG_pointer_type
     793                            .dwattr $C$DW$T$40, DW_AT_type(*$C$DW$T$39)
     794                            .dwattr $C$DW$T$40, DW_AT_address_class(0x20)
     795                    $C$DW$T$4       .dwtag  DW_TAG_base_type
     796                            .dwattr $C$DW$T$4, DW_AT_encoding(DW_ATE_boolean)
     797                            .dwattr $C$DW$T$4, DW_AT_name("bool")
     798                            .dwattr $C$DW$T$4, DW_AT_byte_size(0x01)
     799                    $C$DW$T$5       .dwtag  DW_TAG_base_type
     800                            .dwattr $C$DW$T$5, DW_AT_encoding(DW_ATE_signed_char)
     801                            .dwattr $C$DW$T$5, DW_AT_name("signed char")
     802                            .dwattr $C$DW$T$5, DW_AT_byte_size(0x01)
     803                    $C$DW$T$6       .dwtag  DW_TAG_base_type
     804                            .dwattr $C$DW$T$6, DW_AT_encoding(DW_ATE_unsigned_char)
     805                            .dwattr $C$DW$T$6, DW_AT_name("unsigned char")
     806                            .dwattr $C$DW$T$6, DW_AT_byte_size(0x01)
     807                    $C$DW$T$7       .dwtag  DW_TAG_base_type
     808                            .dwattr $C$DW$T$7, DW_AT_encoding(DW_ATE_signed_char)
     809                            .dwattr $C$DW$T$7, DW_AT_name("wchar_t")
     810                            .dwattr $C$DW$T$7, DW_AT_byte_size(0x02)
     811                    $C$DW$T$8       .dwtag  DW_TAG_base_type
     812                            .dwattr $C$DW$T$8, DW_AT_encoding(DW_ATE_signed)
     813                            .dwattr $C$DW$T$8, DW_AT_name("short")
     814                            .dwattr $C$DW$T$8, DW_AT_byte_size(0x02)
     815                    $C$DW$T$9       .dwtag  DW_TAG_base_type
     816                            .dwattr $C$DW$T$9, DW_AT_encoding(DW_ATE_unsigned)
TI ARM Assembler PC v5.1.1 Wed Dec 03 21:40:19 2014

Tools Copyright (c) 1996-2013 Texas Instruments Incorporated
C:\Users\Louie\AppData\Local\Temp\5466010                            PAGE   19

     817                            .dwattr $C$DW$T$9, DW_AT_name("unsigned short")
     818                            .dwattr $C$DW$T$9, DW_AT_byte_size(0x02)
     819                    $C$DW$T$41      .dwtag  DW_TAG_typedef, DW_AT_name("wchar_t")
     820                            .dwattr $C$DW$T$41, DW_AT_type(*$C$DW$T$9)
     821                            .dwattr $C$DW$T$41, DW_AT_language(DW_LANG_C)
     822                            .dwattr $C$DW$T$41, DW_AT_decl_file("D:/ti/ccsv5/tools/compiler/arm_5.1.1/include/stdlib.h")
     823                            .dwattr $C$DW$T$41, DW_AT_decl_line(0x6a)
     824                            .dwattr $C$DW$T$41, DW_AT_decl_column(0x1a)
     825                    $C$DW$T$10      .dwtag  DW_TAG_base_type
     826                            .dwattr $C$DW$T$10, DW_AT_encoding(DW_ATE_signed)
     827                            .dwattr $C$DW$T$10, DW_AT_name("int")
     828                            .dwattr $C$DW$T$10, DW_AT_byte_size(0x04)
     829                    
     830                    $C$DW$T$44      .dwtag  DW_TAG_subroutine_type
     831                            .dwattr $C$DW$T$44, DW_AT_type(*$C$DW$T$10)
     832                            .dwattr $C$DW$T$44, DW_AT_language(DW_LANG_C)
     833                    $C$DW$54        .dwtag  DW_TAG_formal_parameter
     834                            .dwattr $C$DW$54, DW_AT_type(*$C$DW$T$40)
     835                    $C$DW$55        .dwtag  DW_TAG_formal_parameter
     836                            .dwattr $C$DW$55, DW_AT_type(*$C$DW$T$40)
     837                            .dwendtag $C$DW$T$44
     838                    
     839                    $C$DW$T$45      .dwtag  DW_TAG_pointer_type
     840                            .dwattr $C$DW$T$45, DW_AT_type(*$C$DW$T$44)
     841                            .dwattr $C$DW$T$45, DW_AT_address_class(0x20)
     842                    $C$DW$T$46      .dwtag  DW_TAG_typedef, DW_AT_name("__TI_compar_fn")
     843                            .dwattr $C$DW$T$46, DW_AT_type(*$C$DW$T$45)
     844                            .dwattr $C$DW$T$46, DW_AT_language(DW_LANG_C)
     845                            .dwattr $C$DW$T$46, DW_AT_decl_file("D:/ti/ccsv5/tools/compiler/arm_5.1.1/include/stdlib.h")
     846                            .dwattr $C$DW$T$46, DW_AT_decl_line(0xa6)
     847                            .dwattr $C$DW$T$46, DW_AT_decl_column(0x13)
     848                    $C$DW$T$11      .dwtag  DW_TAG_base_type
     849                            .dwattr $C$DW$T$11, DW_AT_encoding(DW_ATE_unsigned)
     850                            .dwattr $C$DW$T$11, DW_AT_name("unsigned int")
     851                            .dwattr $C$DW$T$11, DW_AT_byte_size(0x04)
     852                    $C$DW$T$47      .dwtag  DW_TAG_typedef, DW_AT_name("size_t")
     853                            .dwattr $C$DW$T$47, DW_AT_type(*$C$DW$T$11)
     854                            .dwattr $C$DW$T$47, DW_AT_language(DW_LANG_C)
     855                            .dwattr $C$DW$T$47, DW_AT_decl_file("D:/ti/ccsv5/tools/compiler/arm_5.1.1/include/stdlib.h")
     856                            .dwattr $C$DW$T$47, DW_AT_decl_line(0x64)
     857                            .dwattr $C$DW$T$47, DW_AT_decl_column(0x19)
     858                    $C$DW$T$12      .dwtag  DW_TAG_base_type
     859                            .dwattr $C$DW$T$12, DW_AT_encoding(DW_ATE_signed)
     860                            .dwattr $C$DW$T$12, DW_AT_name("long")
     861                            .dwattr $C$DW$T$12, DW_AT_byte_size(0x04)
     862                    $C$DW$T$13      .dwtag  DW_TAG_base_type
     863                            .dwattr $C$DW$T$13, DW_AT_encoding(DW_ATE_unsigned)
     864                            .dwattr $C$DW$T$13, DW_AT_name("unsigned long")
     865                            .dwattr $C$DW$T$13, DW_AT_byte_size(0x04)
     866                    $C$DW$T$14      .dwtag  DW_TAG_base_type
     867                            .dwattr $C$DW$T$14, DW_AT_encoding(DW_ATE_signed)
     868                            .dwattr $C$DW$T$14, DW_AT_name("long long")
     869                            .dwattr $C$DW$T$14, DW_AT_byte_size(0x08)
     870                    $C$DW$T$15      .dwtag  DW_TAG_base_type
     871                            .dwattr $C$DW$T$15, DW_AT_encoding(DW_ATE_unsigned)
TI ARM Assembler PC v5.1.1 Wed Dec 03 21:40:19 2014

Tools Copyright (c) 1996-2013 Texas Instruments Incorporated
C:\Users\Louie\AppData\Local\Temp\5466010                            PAGE   20

     872                            .dwattr $C$DW$T$15, DW_AT_name("unsigned long long")
     873                            .dwattr $C$DW$T$15, DW_AT_byte_size(0x08)
     874                    $C$DW$T$16      .dwtag  DW_TAG_base_type
     875                            .dwattr $C$DW$T$16, DW_AT_encoding(DW_ATE_float)
     876                            .dwattr $C$DW$T$16, DW_AT_name("float")
     877                            .dwattr $C$DW$T$16, DW_AT_byte_size(0x04)
     878                    $C$DW$T$17      .dwtag  DW_TAG_base_type
     879                            .dwattr $C$DW$T$17, DW_AT_encoding(DW_ATE_float)
     880                            .dwattr $C$DW$T$17, DW_AT_name("double")
     881                            .dwattr $C$DW$T$17, DW_AT_byte_size(0x08)
     882                    $C$DW$T$18      .dwtag  DW_TAG_base_type
     883                            .dwattr $C$DW$T$18, DW_AT_encoding(DW_ATE_float)
     884                            .dwattr $C$DW$T$18, DW_AT_name("long double")
     885                            .dwattr $C$DW$T$18, DW_AT_byte_size(0x08)
     886                    $C$DW$T$26      .dwtag  DW_TAG_const_type
     887                            .dwattr $C$DW$T$26, DW_AT_type(*$C$DW$T$6)
     888                    $C$DW$T$27      .dwtag  DW_TAG_pointer_type
     889                            .dwattr $C$DW$T$27, DW_AT_type(*$C$DW$T$26)
     890                            .dwattr $C$DW$T$27, DW_AT_address_class(0x20)
     891                    $C$DW$T$31      .dwtag  DW_TAG_pointer_type
     892                            .dwattr $C$DW$T$31, DW_AT_type(*$C$DW$T$6)
     893                            .dwattr $C$DW$T$31, DW_AT_address_class(0x20)
     894                    
     895                    $C$DW$T$48      .dwtag  DW_TAG_array_type
     896                            .dwattr $C$DW$T$48, DW_AT_type(*$C$DW$T$6)
     897                            .dwattr $C$DW$T$48, DW_AT_language(DW_LANG_C)
     898                            .dwattr $C$DW$T$48, DW_AT_byte_size(0x2000)
     899                    $C$DW$56        .dwtag  DW_TAG_subrange_type
     900                            .dwattr $C$DW$56, DW_AT_upper_bound(0x1fff)
     901                            .dwendtag $C$DW$T$48
     902                    
     903                            .dwattr $C$DW$CU, DW_AT_language(DW_LANG_C)
     904                    
     905                    ;***************************************************************
     906                    ;* DWARF CIE ENTRIES                                           *
     907                    ;***************************************************************
     908                    
     909                    $C$DW$CIE       .dwcie 14
     910                            .dwcfi  cfa_register, 13
     911                            .dwcfi  cfa_offset, 0
     912                            .dwcfi  undefined, 0
     913                            .dwcfi  undefined, 1
     914                            .dwcfi  undefined, 2
     915                            .dwcfi  undefined, 3
     916                            .dwcfi  same_value, 4
     917                            .dwcfi  same_value, 5
     918                            .dwcfi  same_value, 6
     919                            .dwcfi  same_value, 7
     920                            .dwcfi  same_value, 8
     921                            .dwcfi  same_value, 9
     922                            .dwcfi  same_value, 10
     923                            .dwcfi  same_value, 11
     924                            .dwcfi  undefined, 12
     925                            .dwcfi  undefined, 13
     926                            .dwcfi  undefined, 14
TI ARM Assembler PC v5.1.1 Wed Dec 03 21:40:19 2014

Tools Copyright (c) 1996-2013 Texas Instruments Incorporated
C:\Users\Louie\AppData\Local\Temp\5466010                            PAGE   21

     927                            .dwcfi  undefined, 14
     928                            .dwcfi  undefined, 7
     929                            .dwcfi  undefined, 64
     930                            .dwcfi  undefined, 65
     931                            .dwcfi  undefined, 66
     932                            .dwcfi  undefined, 67
     933                            .dwcfi  undefined, 68
     934                            .dwcfi  undefined, 69
     935                            .dwcfi  undefined, 70
     936                            .dwcfi  undefined, 71
     937                            .dwcfi  undefined, 72
     938                            .dwcfi  undefined, 73
     939                            .dwcfi  undefined, 74
     940                            .dwcfi  undefined, 75
     941                            .dwcfi  undefined, 76
     942                            .dwcfi  undefined, 77
     943                            .dwcfi  undefined, 78
     944                            .dwcfi  undefined, 79
     945                            .dwcfi  same_value, 80
     946                            .dwcfi  same_value, 81
     947                            .dwcfi  same_value, 82
     948                            .dwcfi  same_value, 83
     949                            .dwcfi  same_value, 84
     950                            .dwcfi  same_value, 85
     951                            .dwcfi  same_value, 86
     952                            .dwcfi  same_value, 87
     953                            .dwcfi  same_value, 88
     954                            .dwcfi  same_value, 89
     955                            .dwcfi  same_value, 90
     956                            .dwcfi  same_value, 91
     957                            .dwcfi  same_value, 92
     958                            .dwcfi  same_value, 93
     959                            .dwcfi  same_value, 94
     960                            .dwcfi  same_value, 95
     961                            .dwendentry
     962                            .dwendtag $C$DW$CU
     963                    

--------------------------
Thumb2 Statistics
--------------------------
Number of Thumb2 ins converted to Thumb = 0 (0%)
Number of Thumb ins in input = 139 (84%)
Number of Thumb2 ins encoded as Thumb2 = 26 (100%)
Number of Thumb2 ins converted to 2 OPND Thumb = 40


No Assembly Errors, No Assembly Warnings
