TI ARM Assembler PC v5.1.1 Wed Dec 03 21:40:19 2014

Tools Copyright (c) 1996-2013 Texas Instruments Incorporated
C:\Users\Louie\AppData\Local\Temp\5453210                            PAGE    1

       1                    ;******************************************************************************
       2                    ;* TI ARM C/C++ Codegen                                             PC v5.1.1 *
       3                    ;* Date/Time created: Wed Dec 03 21:40:19 2014                                *
       4                    ;******************************************************************************
       5                            .compiler_opts --abi=eabi --arm_vmrs_si_workaround=on --code_state=16 --diag_wrap=off --disabl
       6 00000000                   .thumb
       7                    
       8                    $C$DW$CU        .dwtag  DW_TAG_compile_unit
       9                            .dwattr $C$DW$CU, DW_AT_name("../PRNG.c")
      10                            .dwattr $C$DW$CU, DW_AT_producer("TI TI ARM C/C++ Codegen PC v5.1.1 Copyright (c) 1996-2013 Te
      11                            .dwattr $C$DW$CU, DW_AT_TI_version(0x01)
      12                            .dwattr $C$DW$CU, DW_AT_comp_dir("G:\Dropbox\Private\School\Y3\F14\ECE399\ece399_louis.coyleii
      13 00000000                   .data
      14                            .align  4
      15                            .elfsym SEED_X,SYM_SIZE(4)
      16 00000000           SEED_X:
      17 00000000 1F123BB5          .bits   521288629,32                    ; SEED_X @ 0
      18                    
      19                    $C$DW$1 .dwtag  DW_TAG_variable, DW_AT_name("SEED_X")
      20                            .dwattr $C$DW$1, DW_AT_TI_symbol_name("SEED_X")
      21                            .dwattr $C$DW$1, DW_AT_type(*$C$DW$T$11)
      22                            .dwattr $C$DW$1, DW_AT_location[DW_OP_addr SEED_X]
      23                            .dwattr $C$DW$1, DW_AT_decl_file("../PRNG.c")
      24                            .dwattr $C$DW$1, DW_AT_decl_line(0x09)
      25                            .dwattr $C$DW$1, DW_AT_decl_column(0x15)
      26 00000004                   .data
      27                            .align  4
      28                            .elfsym SEED_Y,SYM_SIZE(4)
      29 00000004           SEED_Y:
      30 00000004 159A55E5          .bits   362436069,32                    ; SEED_Y @ 0
      31                    
      32                    $C$DW$2 .dwtag  DW_TAG_variable, DW_AT_name("SEED_Y")
      33                            .dwattr $C$DW$2, DW_AT_TI_symbol_name("SEED_Y")
      34                            .dwattr $C$DW$2, DW_AT_type(*$C$DW$T$11)
      35                            .dwattr $C$DW$2, DW_AT_location[DW_OP_addr SEED_Y]
      36                            .dwattr $C$DW$2, DW_AT_decl_file("../PRNG.c")
      37                            .dwattr $C$DW$2, DW_AT_decl_line(0x0a)
      38                            .dwattr $C$DW$2, DW_AT_decl_column(0x15)
      39 00000008                   .data
      40                            .align  4
      41                            .elfsym a$1,SYM_SIZE(4)
      42 00000008           a$1:
      43 00000008 00004650          .bits   18000,32                        ; a$1 @ 0
      44                    
      45 0000000c                   .data
      46                            .align  4
      47                            .elfsym b$2,SYM_SIZE(4)
      48 0000000c           b$2:
      49 0000000c 000078B7          .bits   30903,32                        ; b$2 @ 0
      50                    
      51                    ;       D:\ti\ccsv5\tools\compiler\arm_5.1.1\bin\armacpia.exe -@C:\\Users\\Louie\\AppData\\Local\\Temp
      52 00000000                   .sect   ".text"
      53                            .clink
      54                            .thumbfunc ut_rand
      55 00000000                   .thumb
TI ARM Assembler PC v5.1.1 Wed Dec 03 21:40:19 2014

Tools Copyright (c) 1996-2013 Texas Instruments Incorporated
C:\Users\Louie\AppData\Local\Temp\5453210                            PAGE    2

      56                            .global ut_rand
      57                    
      58                    $C$DW$3 .dwtag  DW_TAG_subprogram, DW_AT_name("ut_rand")
      59                            .dwattr $C$DW$3, DW_AT_low_pc(ut_rand)
      60                            .dwattr $C$DW$3, DW_AT_high_pc(0x00)
      61                            .dwattr $C$DW$3, DW_AT_TI_symbol_name("ut_rand")
      62                            .dwattr $C$DW$3, DW_AT_external
      63                            .dwattr $C$DW$3, DW_AT_type(*$C$DW$T$11)
      64                            .dwattr $C$DW$3, DW_AT_TI_begin_file("../PRNG.c")
      65                            .dwattr $C$DW$3, DW_AT_TI_begin_line(0x0c)
      66                            .dwattr $C$DW$3, DW_AT_TI_begin_column(0x0a)
      67                            .dwattr $C$DW$3, DW_AT_decl_file("../PRNG.c")
      68                            .dwattr $C$DW$3, DW_AT_decl_line(0x0c)
      69                            .dwattr $C$DW$3, DW_AT_decl_column(0x0a)
      70                            .dwattr $C$DW$3, DW_AT_TI_max_frame_size(0x00)
      71                            .dwpsn  file "../PRNG.c",line 13,column 1,is_stmt,address ut_rand,isa 1
      72                    
      73                            .dwfde $C$DW$CIE, ut_rand
      74                    $C$DW$4 .dwtag  DW_TAG_variable, DW_AT_name("a")
      75                            .dwattr $C$DW$4, DW_AT_TI_symbol_name("a$1")
      76                            .dwattr $C$DW$4, DW_AT_type(*$C$DW$T$11)
      77                            .dwattr $C$DW$4, DW_AT_location[DW_OP_addr a$1]
      78                    $C$DW$5 .dwtag  DW_TAG_variable, DW_AT_name("b")
      79                            .dwattr $C$DW$5, DW_AT_TI_symbol_name("b$2")
      80                            .dwattr $C$DW$5, DW_AT_type(*$C$DW$T$11)
      81                            .dwattr $C$DW$5, DW_AT_location[DW_OP_addr b$2]
      82                    
      83                    ;*****************************************************************************
      84                    ;* FUNCTION NAME: ut_rand                                                    *
      85                    ;*                                                                           *
      86                    ;*   Regs Modified     : A1,A2,A3,A4,SR                                      *
      87                    ;*   Regs Used         : A1,A2,A3,A4,LR,SR                                   *
      88                    ;*   Local Frame Size  : 0 Args + 0 Auto + 0 Save = 0 byte                   *
      89                    ;*****************************************************************************
      90 00000000           ut_rand:
      91                    ;* --------------------------------------------------------------------------*
      92                            .dwcfi  cfa_offset, 0
      93                            .dwpsn  file "../PRNG.c",line 26,column 3,is_stmt,isa 1
      94 00000000 4A24              LDR       A3, $C$CON2           ; [DPU_3_PIPE] |26|  ; [ORIG 16-BIT INS]
      95 00000002 4823              LDR       A1, $C$CON1           ; [DPU_3_PIPE] |26|  ; [ORIG 16-BIT INS]
      96 00000004 4922              LDR       A2, $C$CON1           ; [DPU_3_PIPE] |26|  ; [ORIG 16-BIT INS]
      97 00000006 6813              LDR       A4, [A3, #0]          ; [DPU_3_PIPE] |26|  ; [ORIG 16-BIT INS]
      98 00000008 6800              LDR       A1, [A1, #0]          ; [DPU_3_PIPE] |26|  ; [ORIG 16-BIT INS]
      99 0000000a 680A              LDR       A3, [A2, #0]          ; [DPU_3_PIPE] |26|  ; [ORIG 16-BIT INS]
     100 0000000c 4920              LDR       A2, $C$CON1           ; [DPU_3_PIPE] |26|  ; [ORIG 16-BIT INS]
     101 0000000e 401FF36F          BFC       A1, #16, #16          ; [DPU_3_PIPE] |26|  ; [KEEP 32-BIT INS]
     102 00000012 4358              MULS      A1, A1, A4            ; [DPU_3_PIPE] |26|  ; [ORIG 16-BIT INS]
     103 00000014 4012EB00          ADD       A1, A1, A3, LSR #16   ; [DPU_3_PIPE] |26|  ; [KEEP 32-BIT INS]
     104 00000018 6008              STR       A1, [A2, #0]          ; [DPU_3_PIPE] |26|  ; [ORIG 16-BIT INS]
     105                            .dwpsn  file "../PRNG.c",line 27,column 3,is_stmt,isa 1
     106 0000001a 4A20              LDR       A3, $C$CON4           ; [DPU_3_PIPE] |27|  ; [ORIG 16-BIT INS]
     107 0000001c 481E              LDR       A1, $C$CON3           ; [DPU_3_PIPE] |27|  ; [ORIG 16-BIT INS]
     108 0000001e 491E              LDR       A2, $C$CON3           ; [DPU_3_PIPE] |27|  ; [ORIG 16-BIT INS]
     109 00000020 6813              LDR       A4, [A3, #0]          ; [DPU_3_PIPE] |27|  ; [ORIG 16-BIT INS]
     110 00000022 6800              LDR       A1, [A1, #0]          ; [DPU_3_PIPE] |27|  ; [ORIG 16-BIT INS]
TI ARM Assembler PC v5.1.1 Wed Dec 03 21:40:19 2014

Tools Copyright (c) 1996-2013 Texas Instruments Incorporated
C:\Users\Louie\AppData\Local\Temp\5453210                            PAGE    3

     111 00000024 680A              LDR       A3, [A2, #0]          ; [DPU_3_PIPE] |27|  ; [ORIG 16-BIT INS]
     112 00000026 491C              LDR       A2, $C$CON3           ; [DPU_3_PIPE] |27|  ; [ORIG 16-BIT INS]
     113 00000028 401FF36F          BFC       A1, #16, #16          ; [DPU_3_PIPE] |27|  ; [KEEP 32-BIT INS]
     114 0000002c 4358              MULS      A1, A1, A4            ; [DPU_3_PIPE] |27|  ; [ORIG 16-BIT INS]
     115 0000002e 4012EB00          ADD       A1, A1, A3, LSR #16   ; [DPU_3_PIPE] |27|  ; [KEEP 32-BIT INS]
     116 00000032 6008              STR       A1, [A2, #0]          ; [DPU_3_PIPE] |27|  ; [ORIG 16-BIT INS]
     117                            .dwpsn  file "../PRNG.c",line 29,column 3,is_stmt,isa 1
     118 00000034 4818              LDR       A1, $C$CON3           ; [DPU_3_PIPE] |29|  ; [ORIG 16-BIT INS]
     119 00000036 4916              LDR       A2, $C$CON1           ; [DPU_3_PIPE] |29|  ; [ORIG 16-BIT INS]
     120 00000038 6800              LDR       A1, [A1, #0]          ; [DPU_3_PIPE] |29|  ; [ORIG 16-BIT INS]
     121 0000003a 6809              LDR       A2, [A2, #0]          ; [DPU_3_PIPE] |29|  ; [ORIG 16-BIT INS]
     122 0000003c 401FF36F          BFC       A1, #16, #16          ; [DPU_3_PIPE] |29|  ; [KEEP 32-BIT INS]
     123 00000040 4001EB00          ADD       A1, A1, A2, LSL #16   ; [DPU_3_PIPE] |29|  ; [KEEP 32-BIT INS]
     124                            .dwpsn  file "../PRNG.c",line 30,column 1,is_stmt,isa 1
     125                    $C$DW$6 .dwtag  DW_TAG_TI_branch
     126                            .dwattr $C$DW$6, DW_AT_low_pc(0x00)
     127                            .dwattr $C$DW$6, DW_AT_TI_return
     128 00000044 4770              BX        LR                    ; [DPU_3_PIPE]  ; [ORIG 16-BIT INS]
     129                            ; BRANCH OCCURS                  ; [] 
     130                            .dwattr $C$DW$3, DW_AT_TI_end_file("../PRNG.c")
     131                            .dwattr $C$DW$3, DW_AT_TI_end_line(0x1e)
     132                            .dwattr $C$DW$3, DW_AT_TI_end_column(0x01)
     133                            .dwendentry
     134                            .dwendtag $C$DW$3
     135                    
     136 00000046                   .sect   ".text"
     137                            .clink
     138                            .thumbfunc ut_srand
     139 00000046                   .thumb
     140                            .global ut_srand
     141                    
     142                    $C$DW$7 .dwtag  DW_TAG_subprogram, DW_AT_name("ut_srand")
     143                            .dwattr $C$DW$7, DW_AT_low_pc(ut_srand)
     144                            .dwattr $C$DW$7, DW_AT_high_pc(0x00)
     145                            .dwattr $C$DW$7, DW_AT_TI_symbol_name("ut_srand")
     146                            .dwattr $C$DW$7, DW_AT_external
     147                            .dwattr $C$DW$7, DW_AT_TI_begin_file("../PRNG.c")
     148                            .dwattr $C$DW$7, DW_AT_TI_begin_line(0x20)
     149                            .dwattr $C$DW$7, DW_AT_TI_begin_column(0x06)
     150                            .dwattr $C$DW$7, DW_AT_decl_file("../PRNG.c")
     151                            .dwattr $C$DW$7, DW_AT_decl_line(0x20)
     152                            .dwattr $C$DW$7, DW_AT_decl_column(0x06)
     153                            .dwattr $C$DW$7, DW_AT_TI_max_frame_size(0x08)
     154                            .dwpsn  file "../PRNG.c",line 33,column 1,is_stmt,address ut_srand,isa 1
     155                    
     156                            .dwfde $C$DW$CIE, ut_srand
     157                    $C$DW$8 .dwtag  DW_TAG_formal_parameter, DW_AT_name("seed1")
     158                            .dwattr $C$DW$8, DW_AT_TI_symbol_name("seed1")
     159                            .dwattr $C$DW$8, DW_AT_type(*$C$DW$T$11)
     160                            .dwattr $C$DW$8, DW_AT_location[DW_OP_reg0]
     161                    $C$DW$9 .dwtag  DW_TAG_formal_parameter, DW_AT_name("seed2")
     162                            .dwattr $C$DW$9, DW_AT_TI_symbol_name("seed2")
     163                            .dwattr $C$DW$9, DW_AT_type(*$C$DW$T$11)
     164                            .dwattr $C$DW$9, DW_AT_location[DW_OP_reg1]
     165                    
TI ARM Assembler PC v5.1.1 Wed Dec 03 21:40:19 2014

Tools Copyright (c) 1996-2013 Texas Instruments Incorporated
C:\Users\Louie\AppData\Local\Temp\5453210                            PAGE    4

     166                    ;*****************************************************************************
     167                    ;* FUNCTION NAME: ut_srand                                                   *
     168                    ;*                                                                           *
     169                    ;*   Regs Modified     : A1,A2,SP                                            *
     170                    ;*   Regs Used         : A1,A2,SP,LR                                         *
     171                    ;*   Local Frame Size  : 0 Args + 8 Auto + 0 Save = 8 byte                   *
     172                    ;*****************************************************************************
     173 00000046           ut_srand:
     174                    ;* --------------------------------------------------------------------------*
     175                            .dwcfi  cfa_offset, 0
     176 00000046 0D08F1AD          SUB       SP, SP, #8            ; [DPU_3_PIPE]  ; [KEEP 32-BIT INS]
     177                            .dwcfi  cfa_offset, 8
     178                    $C$DW$10        .dwtag  DW_TAG_variable, DW_AT_name("seed1")
     179                            .dwattr $C$DW$10, DW_AT_TI_symbol_name("seed1")
     180                            .dwattr $C$DW$10, DW_AT_type(*$C$DW$T$11)
     181                            .dwattr $C$DW$10, DW_AT_location[DW_OP_breg13 0]
     182                    $C$DW$11        .dwtag  DW_TAG_variable, DW_AT_name("seed2")
     183                            .dwattr $C$DW$11, DW_AT_TI_symbol_name("seed2")
     184                            .dwattr $C$DW$11, DW_AT_type(*$C$DW$T$11)
     185                            .dwattr $C$DW$11, DW_AT_location[DW_OP_breg13 4]
     186 0000004a 9101              STR       A2, [SP, #4]          ; [DPU_3_PIPE] |33|  ; [ORIG 16-BIT INS]
     187 0000004c 9000              STR       A1, [SP, #0]          ; [DPU_3_PIPE] |33|  ; [ORIG 16-BIT INS]
     188                            .dwpsn  file "../PRNG.c",line 34,column 3,is_stmt,isa 1
     189 0000004e 9800              LDR       A1, [SP, #0]          ; [DPU_3_PIPE] |34|  ; [ORIG 16-BIT INS]
     190 00000050 B110              CBZ       A1, ||$C$L1||         ; []  ; [ORIG 16-BIT INS]
     191                            ; BRANCHCC OCCURS {||$C$L1||}    ; [] |34| 
     192                    ;* --------------------------------------------------------------------------*
     193                            .dwpsn  file "../PRNG.c",line 35,column 5,is_stmt,isa 1
     194 00000052 9800              LDR       A1, [SP, #0]          ; [DPU_3_PIPE] |35|  ; [ORIG 16-BIT INS]
     195 00000054 490E              LDR       A2, $C$CON1           ; [DPU_3_PIPE] |35|  ; [ORIG 16-BIT INS]
     196 00000056 6008              STR       A1, [A2, #0]          ; [DPU_3_PIPE] |35|  ; [ORIG 16-BIT INS]
     197                    ;* --------------------------------------------------------------------------*
     198 00000058           ||$C$L1||:    
     199                            .dwpsn  file "../PRNG.c",line 36,column 3,is_stmt,isa 1
     200 00000058 9801              LDR       A1, [SP, #4]          ; [DPU_3_PIPE] |36|  ; [ORIG 16-BIT INS]
     201 0000005a B110              CBZ       A1, ||$C$L2||         ; []  ; [ORIG 16-BIT INS]
     202                            ; BRANCHCC OCCURS {||$C$L2||}    ; [] |36| 
     203                    ;* --------------------------------------------------------------------------*
     204                            .dwpsn  file "../PRNG.c",line 37,column 5,is_stmt,isa 1
     205 0000005c 9801              LDR       A1, [SP, #4]          ; [DPU_3_PIPE] |37|  ; [ORIG 16-BIT INS]
     206 0000005e 490E              LDR       A2, $C$CON3           ; [DPU_3_PIPE] |37|  ; [ORIG 16-BIT INS]
     207 00000060 6008              STR       A1, [A2, #0]          ; [DPU_3_PIPE] |37|  ; [ORIG 16-BIT INS]
     208                            .dwpsn  file "../PRNG.c",line 38,column 1,is_stmt,isa 1
     209                    ;* --------------------------------------------------------------------------*
     210 00000062           ||$C$L2||:    
     211 00000062 B002              ADD       SP, SP, #8            ; [DPU_3_PIPE]  ; [ORIG 16-BIT INS]
     212                            .dwcfi  cfa_offset, 0
     213                    $C$DW$12        .dwtag  DW_TAG_TI_branch
     214                            .dwattr $C$DW$12, DW_AT_low_pc(0x00)
     215                            .dwattr $C$DW$12, DW_AT_TI_return
     216 00000064 4770              BX        LR                    ; [DPU_3_PIPE]  ; [ORIG 16-BIT INS]
     217                            ; BRANCH OCCURS                  ; [] 
     218                            .dwattr $C$DW$7, DW_AT_TI_end_file("../PRNG.c")
     219                            .dwattr $C$DW$7, DW_AT_TI_end_line(0x26)
     220                            .dwattr $C$DW$7, DW_AT_TI_end_column(0x01)
TI ARM Assembler PC v5.1.1 Wed Dec 03 21:40:19 2014

Tools Copyright (c) 1996-2013 Texas Instruments Incorporated
C:\Users\Louie\AppData\Local\Temp\5453210                            PAGE    5

     221                            .dwendentry
     222                            .dwendtag $C$DW$7
     223                    
     224 00000066                   .sect   ".text"
     225                            .clink
     226                            .thumbfunc RandomInt
     227 00000066                   .thumb
     228                            .global RandomInt
     229                    
     230                    $C$DW$13        .dwtag  DW_TAG_subprogram, DW_AT_name("RandomInt")
     231                            .dwattr $C$DW$13, DW_AT_low_pc(RandomInt)
     232                            .dwattr $C$DW$13, DW_AT_high_pc(0x00)
     233                            .dwattr $C$DW$13, DW_AT_TI_symbol_name("RandomInt")
     234                            .dwattr $C$DW$13, DW_AT_external
     235                            .dwattr $C$DW$13, DW_AT_type(*$C$DW$T$10)
     236                            .dwattr $C$DW$13, DW_AT_TI_begin_file("../PRNG.c")
     237                            .dwattr $C$DW$13, DW_AT_TI_begin_line(0x28)
     238                            .dwattr $C$DW$13, DW_AT_TI_begin_column(0x05)
     239                            .dwattr $C$DW$13, DW_AT_decl_file("../PRNG.c")
     240                            .dwattr $C$DW$13, DW_AT_decl_line(0x28)
     241                            .dwattr $C$DW$13, DW_AT_decl_column(0x05)
     242                            .dwattr $C$DW$13, DW_AT_TI_max_frame_size(0x10)
     243                            .dwpsn  file "../PRNG.c",line 41,column 1,is_stmt,address RandomInt,isa 1
     244                    
     245                            .dwfde $C$DW$CIE, RandomInt
     246                    $C$DW$14        .dwtag  DW_TAG_formal_parameter, DW_AT_name("low")
     247                            .dwattr $C$DW$14, DW_AT_TI_symbol_name("low")
     248                            .dwattr $C$DW$14, DW_AT_type(*$C$DW$T$10)
     249                            .dwattr $C$DW$14, DW_AT_location[DW_OP_reg0]
     250                    $C$DW$15        .dwtag  DW_TAG_formal_parameter, DW_AT_name("high")
     251                            .dwattr $C$DW$15, DW_AT_TI_symbol_name("high")
     252                            .dwattr $C$DW$15, DW_AT_type(*$C$DW$T$10)
     253                            .dwattr $C$DW$15, DW_AT_location[DW_OP_reg1]
     254                    
     255                    ;*****************************************************************************
     256                    ;* FUNCTION NAME: RandomInt                                                  *
     257                    ;*                                                                           *
     258                    ;*   Regs Modified     : A1,A2,A3,A4,SP,LR,SR,FPEXC,FPSCR                    *
     259                    ;*   Regs Used         : A1,A2,A3,A4,SP,LR,SR,FPEXC,FPSCR                    *
     260                    ;*   Local Frame Size  : 0 Args + 12 Auto + 4 Save = 16 byte                 *
     261                    ;*****************************************************************************
     262 00000066           RandomInt:
     263                    ;* --------------------------------------------------------------------------*
     264                            .dwcfi  cfa_offset, 0
     265 00000066 B50E              PUSH      {A2, A3, A4, LR}      ; [DPU_3_PIPE]  ; [ORIG 16-BIT INS]
     266                            .dwcfi  cfa_offset, 16
     267                            .dwcfi  save_reg_to_mem, 14, -4
     268                            .dwcfi  save_reg_to_mem, 3, -8
     269                            .dwcfi  save_reg_to_mem, 2, -12
     270                            .dwcfi  save_reg_to_mem, 1, -16
     271                    $C$DW$16        .dwtag  DW_TAG_variable, DW_AT_name("low")
     272                            .dwattr $C$DW$16, DW_AT_TI_symbol_name("low")
     273                            .dwattr $C$DW$16, DW_AT_type(*$C$DW$T$10)
     274                            .dwattr $C$DW$16, DW_AT_location[DW_OP_breg13 0]
     275                    $C$DW$17        .dwtag  DW_TAG_variable, DW_AT_name("high")
TI ARM Assembler PC v5.1.1 Wed Dec 03 21:40:19 2014

Tools Copyright (c) 1996-2013 Texas Instruments Incorporated
C:\Users\Louie\AppData\Local\Temp\5453210                            PAGE    6

     276                            .dwattr $C$DW$17, DW_AT_TI_symbol_name("high")
     277                            .dwattr $C$DW$17, DW_AT_type(*$C$DW$T$10)
     278                            .dwattr $C$DW$17, DW_AT_location[DW_OP_breg13 4]
     279                    $C$DW$18        .dwtag  DW_TAG_variable, DW_AT_name("r1")
     280                            .dwattr $C$DW$18, DW_AT_TI_symbol_name("r1")
     281                            .dwattr $C$DW$18, DW_AT_type(*$C$DW$T$10)
     282                            .dwattr $C$DW$18, DW_AT_location[DW_OP_breg13 8]
     283 00000068 9101              STR       A2, [SP, #4]          ; [DPU_3_PIPE] |41|  ; [ORIG 16-BIT INS]
     284 0000006a 9000              STR       A1, [SP, #0]          ; [DPU_3_PIPE] |41|  ; [ORIG 16-BIT INS]
     285                            .dwpsn  file "../PRNG.c",line 42,column 10,is_stmt,isa 1
     286                    $C$DW$19        .dwtag  DW_TAG_TI_branch
     287                            .dwattr $C$DW$19, DW_AT_low_pc(0x00)
     288                            .dwattr $C$DW$19, DW_AT_name("ut_rand")
     289                            .dwattr $C$DW$19, DW_AT_TI_call
     290 0000006c FFC8F7FF          BL        ut_rand               ; [DPU_3_PIPE] |42|  ; [KEEP 32-BIT INS]
     291                            ; CALL OCCURS {ut_rand }         ; [] |42| 
     292 00000070 0840              LSRS      A1, A1, #1            ; [DPU_3_PIPE] |42|  ; [ORIG 16-BIT INS]
     293 00000072 1E40              SUBS      A1, A1, #1            ; [DPU_3_PIPE] |42|  ; [ORIG 16-BIT INS]
     294 00000074 9002              STR       A1, [SP, #8]          ; [DPU_3_PIPE] |42|  ; [ORIG 16-BIT INS]
     295                            .dwpsn  file "../PRNG.c",line 43,column 3,is_stmt,isa 1
     296 00000076 9B00              LDR       A4, [SP, #0]          ; [DPU_3_PIPE] |43|  ; [ORIG 16-BIT INS]
     297 00000078 9901              LDR       A2, [SP, #4]          ; [DPU_3_PIPE] |43|  ; [ORIG 16-BIT INS]
     298 0000007a 9A02              LDR       A3, [SP, #8]          ; [DPU_3_PIPE] |43|  ; [ORIG 16-BIT INS]
     299 0000007c 9800              LDR       A1, [SP, #0]          ; [DPU_3_PIPE] |43|  ; [ORIG 16-BIT INS]
     300 0000007e 1AC9              SUBS      A2, A2, A4            ; [DPU_3_PIPE] |43|  ; [ORIG 16-BIT INS]
     301 00000080 1C49              ADDS      A2, A2, #1            ; [DPU_3_PIPE] |43|  ; [ORIG 16-BIT INS]
     302 00000082 F3F1FB92          SDIV      A4, A3, A2            ; [DPU_3_PIPE] |43|  ; [KEEP 32-BIT INS]
     303 00000086 434B              MULS      A4, A4, A2            ; [DPU_3_PIPE] |43|  ; [ORIG 16-BIT INS]
     304 00000088 1AD2              SUBS      A3, A3, A4            ; [DPU_3_PIPE] |43|  ; [ORIG 16-BIT INS]
     305 0000008a 1880              ADDS      A1, A1, A3            ; [DPU_3_PIPE] |43|  ; [ORIG 16-BIT INS]
     306                            .dwpsn  file "../PRNG.c",line 44,column 1,is_stmt,isa 1
     307                    $C$DW$20        .dwtag  DW_TAG_TI_branch
     308                            .dwattr $C$DW$20, DW_AT_low_pc(0x00)
     309                            .dwattr $C$DW$20, DW_AT_TI_return
     310 0000008c BD0E              POP       {A2, A3, A4, PC}      ; [DPU_3_PIPE]  ; [ORIG 16-BIT INS]
     311                            .dwcfi  cfa_offset, 0
     312                            ; BRANCH OCCURS                  ; [] 
     313                            .dwattr $C$DW$13, DW_AT_TI_end_file("../PRNG.c")
     314                            .dwattr $C$DW$13, DW_AT_TI_end_line(0x2c)
     315                            .dwattr $C$DW$13, DW_AT_TI_end_column(0x01)
     316                            .dwendentry
     317                            .dwendtag $C$DW$13
     318                    
     319                    ;******************************************************************************
     320                    ;* CONSTANT TABLE                                                             *
     321                    ;******************************************************************************
     322 0000008e                   .sect   ".text"
     323                            .align  4
     324 0000008e 000046C0! ||$C$CON1||:    .bits   SEED_X,32
         00000092 00000000 
     325                            .align  4
     326 00000092 00000000! ||$C$CON2||:    .bits   a$1,32
         00000096 00000000 
     327                            .align  4
     328 00000096 00000000! ||$C$CON3||:    .bits   SEED_Y,32
TI ARM Assembler PC v5.1.1 Wed Dec 03 21:40:19 2014

Tools Copyright (c) 1996-2013 Texas Instruments Incorporated
C:\Users\Louie\AppData\Local\Temp\5453210                            PAGE    7

         0000009a 00000000 
     329                            .align  4
     330 0000009a 00000000! ||$C$CON4||:    .bits   b$2,32
         0000009e 00000000 
     331                    
     332                    ;******************************************************************************
     333                    ;* BUILD ATTRIBUTES                                                           *
     334                    ;******************************************************************************
     335                            .battr "aeabi", Tag_File, 1, Tag_ABI_PCS_wchar_t(2)
     336                            .battr "aeabi", Tag_File, 1, Tag_ABI_FP_rounding(0)
     337                            .battr "aeabi", Tag_File, 1, Tag_ABI_FP_denormal(0)
     338                            .battr "aeabi", Tag_File, 1, Tag_ABI_FP_exceptions(0)
     339                            .battr "aeabi", Tag_File, 1, Tag_ABI_FP_number_model(1)
     340                            .battr "aeabi", Tag_File, 1, Tag_ABI_enum_size(0)
     341                            .battr "aeabi", Tag_File, 1, Tag_ABI_optimization_goals(5)
     342                            .battr "aeabi", Tag_File, 1, Tag_ABI_FP_optimization_goals(0)
     343                            .battr "TI", Tag_File, 1, Tag_Bitfield_layout(2)
     344                            .battr "TI", Tag_File, 1, Tag_FP_interface(1)
     345                    
     346                    ;******************************************************************************
     347                    ;* TYPE INFORMATION                                                           *
     348                    ;******************************************************************************
     349                    $C$DW$T$2       .dwtag  DW_TAG_unspecified_type
     350                            .dwattr $C$DW$T$2, DW_AT_name("void")
     351                    $C$DW$T$4       .dwtag  DW_TAG_base_type
     352                            .dwattr $C$DW$T$4, DW_AT_encoding(DW_ATE_boolean)
     353                            .dwattr $C$DW$T$4, DW_AT_name("bool")
     354                            .dwattr $C$DW$T$4, DW_AT_byte_size(0x01)
     355                    $C$DW$T$5       .dwtag  DW_TAG_base_type
     356                            .dwattr $C$DW$T$5, DW_AT_encoding(DW_ATE_signed_char)
     357                            .dwattr $C$DW$T$5, DW_AT_name("signed char")
     358                            .dwattr $C$DW$T$5, DW_AT_byte_size(0x01)
     359                    $C$DW$T$6       .dwtag  DW_TAG_base_type
     360                            .dwattr $C$DW$T$6, DW_AT_encoding(DW_ATE_unsigned_char)
     361                            .dwattr $C$DW$T$6, DW_AT_name("unsigned char")
     362                            .dwattr $C$DW$T$6, DW_AT_byte_size(0x01)
     363                    $C$DW$T$7       .dwtag  DW_TAG_base_type
     364                            .dwattr $C$DW$T$7, DW_AT_encoding(DW_ATE_signed_char)
     365                            .dwattr $C$DW$T$7, DW_AT_name("wchar_t")
     366                            .dwattr $C$DW$T$7, DW_AT_byte_size(0x02)
     367                    $C$DW$T$8       .dwtag  DW_TAG_base_type
     368                            .dwattr $C$DW$T$8, DW_AT_encoding(DW_ATE_signed)
     369                            .dwattr $C$DW$T$8, DW_AT_name("short")
     370                            .dwattr $C$DW$T$8, DW_AT_byte_size(0x02)
     371                    $C$DW$T$9       .dwtag  DW_TAG_base_type
     372                            .dwattr $C$DW$T$9, DW_AT_encoding(DW_ATE_unsigned)
     373                            .dwattr $C$DW$T$9, DW_AT_name("unsigned short")
     374                            .dwattr $C$DW$T$9, DW_AT_byte_size(0x02)
     375                    $C$DW$T$10      .dwtag  DW_TAG_base_type
     376                            .dwattr $C$DW$T$10, DW_AT_encoding(DW_ATE_signed)
     377                            .dwattr $C$DW$T$10, DW_AT_name("int")
     378                            .dwattr $C$DW$T$10, DW_AT_byte_size(0x04)
     379                    $C$DW$T$11      .dwtag  DW_TAG_base_type
     380                            .dwattr $C$DW$T$11, DW_AT_encoding(DW_ATE_unsigned)
     381                            .dwattr $C$DW$T$11, DW_AT_name("unsigned int")
TI ARM Assembler PC v5.1.1 Wed Dec 03 21:40:19 2014

Tools Copyright (c) 1996-2013 Texas Instruments Incorporated
C:\Users\Louie\AppData\Local\Temp\5453210                            PAGE    8

     382                            .dwattr $C$DW$T$11, DW_AT_byte_size(0x04)
     383                    $C$DW$T$12      .dwtag  DW_TAG_base_type
     384                            .dwattr $C$DW$T$12, DW_AT_encoding(DW_ATE_signed)
     385                            .dwattr $C$DW$T$12, DW_AT_name("long")
     386                            .dwattr $C$DW$T$12, DW_AT_byte_size(0x04)
     387                    $C$DW$T$13      .dwtag  DW_TAG_base_type
     388                            .dwattr $C$DW$T$13, DW_AT_encoding(DW_ATE_unsigned)
     389                            .dwattr $C$DW$T$13, DW_AT_name("unsigned long")
     390                            .dwattr $C$DW$T$13, DW_AT_byte_size(0x04)
     391                    $C$DW$T$14      .dwtag  DW_TAG_base_type
     392                            .dwattr $C$DW$T$14, DW_AT_encoding(DW_ATE_signed)
     393                            .dwattr $C$DW$T$14, DW_AT_name("long long")
     394                            .dwattr $C$DW$T$14, DW_AT_byte_size(0x08)
     395                    $C$DW$T$15      .dwtag  DW_TAG_base_type
     396                            .dwattr $C$DW$T$15, DW_AT_encoding(DW_ATE_unsigned)
     397                            .dwattr $C$DW$T$15, DW_AT_name("unsigned long long")
     398                            .dwattr $C$DW$T$15, DW_AT_byte_size(0x08)
     399                    $C$DW$T$16      .dwtag  DW_TAG_base_type
     400                            .dwattr $C$DW$T$16, DW_AT_encoding(DW_ATE_float)
     401                            .dwattr $C$DW$T$16, DW_AT_name("float")
     402                            .dwattr $C$DW$T$16, DW_AT_byte_size(0x04)
     403                    $C$DW$T$17      .dwtag  DW_TAG_base_type
     404                            .dwattr $C$DW$T$17, DW_AT_encoding(DW_ATE_float)
     405                            .dwattr $C$DW$T$17, DW_AT_name("double")
     406                            .dwattr $C$DW$T$17, DW_AT_byte_size(0x08)
     407                    $C$DW$T$18      .dwtag  DW_TAG_base_type
     408                            .dwattr $C$DW$T$18, DW_AT_encoding(DW_ATE_float)
     409                            .dwattr $C$DW$T$18, DW_AT_name("long double")
     410                            .dwattr $C$DW$T$18, DW_AT_byte_size(0x08)
     411                            .dwattr $C$DW$CU, DW_AT_language(DW_LANG_C)
     412                    
     413                    ;***************************************************************
     414                    ;* DWARF CIE ENTRIES                                           *
     415                    ;***************************************************************
     416                    
     417                    $C$DW$CIE       .dwcie 14
     418                            .dwcfi  cfa_register, 13
     419                            .dwcfi  cfa_offset, 0
     420                            .dwcfi  undefined, 0
     421                            .dwcfi  undefined, 1
     422                            .dwcfi  undefined, 2
     423                            .dwcfi  undefined, 3
     424                            .dwcfi  same_value, 4
     425                            .dwcfi  same_value, 5
     426                            .dwcfi  same_value, 6
     427                            .dwcfi  same_value, 7
     428                            .dwcfi  same_value, 8
     429                            .dwcfi  same_value, 9
     430                            .dwcfi  same_value, 10
     431                            .dwcfi  same_value, 11
     432                            .dwcfi  undefined, 12
     433                            .dwcfi  undefined, 13
     434                            .dwcfi  undefined, 14
     435                            .dwcfi  undefined, 14
     436                            .dwcfi  undefined, 7
TI ARM Assembler PC v5.1.1 Wed Dec 03 21:40:19 2014

Tools Copyright (c) 1996-2013 Texas Instruments Incorporated
C:\Users\Louie\AppData\Local\Temp\5453210                            PAGE    9

     437                            .dwcfi  undefined, 64
     438                            .dwcfi  undefined, 65
     439                            .dwcfi  undefined, 66
     440                            .dwcfi  undefined, 67
     441                            .dwcfi  undefined, 68
     442                            .dwcfi  undefined, 69
     443                            .dwcfi  undefined, 70
     444                            .dwcfi  undefined, 71
     445                            .dwcfi  undefined, 72
     446                            .dwcfi  undefined, 73
     447                            .dwcfi  undefined, 74
     448                            .dwcfi  undefined, 75
     449                            .dwcfi  undefined, 76
     450                            .dwcfi  undefined, 77
     451                            .dwcfi  undefined, 78
     452                            .dwcfi  undefined, 79
     453                            .dwcfi  same_value, 80
     454                            .dwcfi  same_value, 81
     455                            .dwcfi  same_value, 82
     456                            .dwcfi  same_value, 83
     457                            .dwcfi  same_value, 84
     458                            .dwcfi  same_value, 85
     459                            .dwcfi  same_value, 86
     460                            .dwcfi  same_value, 87
     461                            .dwcfi  same_value, 88
     462                            .dwcfi  same_value, 89
     463                            .dwcfi  same_value, 90
     464                            .dwcfi  same_value, 91
     465                            .dwcfi  same_value, 92
     466                            .dwcfi  same_value, 93
     467                            .dwcfi  same_value, 94
     468                            .dwcfi  same_value, 95
     469                            .dwendentry
     470                            .dwendtag $C$DW$CU
     471                    

--------------------------
Thumb2 Statistics
--------------------------
Number of Thumb2 ins converted to Thumb = 0 (0%)
Number of Thumb ins in input = 58 (86%)
Number of Thumb2 ins encoded as Thumb2 = 9 (100%)
Number of Thumb2 ins converted to 2 OPND Thumb = 11


No Assembly Errors, No Assembly Warnings
